Be patient! Initializing............

  1: Rowwise    Max[ 1]=  8.280 Min[ 1]=  8.280 Avg=  8.280
     Columnwise Max[ 1]=103.676 Min[ 1]=103.676 Avg=103.676



********************************************************
[     0.0      1.0      1.0      1.0      1.0      1.0      1.0 ]
[     1.0  40000.0      1.0      1.0      1.0      1.0      1.0 ]
[     2.0  40001.0  79999.0      1.0      1.0      1.0      1.0 ]
[     3.0  40002.0  80000.0 119997.0      1.0      1.0      1.0 ]
[     4.0  40003.0  80001.0 119998.0 159994.0      1.0      1.0 ]
[     5.0  40004.0  80002.0 119999.0 159995.0 199990.0      1.0 ]
[     6.0  40005.0  80003.0 120000.0 159996.0 199991.0 239985.0 ]
***************************************************************

  2: Rowwise    Max[ 1]=  8.280 Min[ 2]=  5.834 Avg=  7.057
     Columnwise Max[ 1]=103.676 Min[ 2]=103.475 Avg=103.576



********************************************************
[     0.0      1.0      1.0      1.0      1.0      1.0      1.0 ]
[     1.0  40000.0      1.0      1.0      1.0      1.0      1.0 ]
[     2.0  40001.0  79999.0      1.0      1.0      1.0      1.0 ]
[     3.0  40002.0  80000.0 119997.0      1.0      1.0      1.0 ]
[     4.0  40003.0  80001.0 119998.0 159994.0      1.0      1.0 ]
[     5.0  40004.0  80002.0 119999.0 159995.0 199990.0      1.0 ]
[     6.0  40005.0  80003.0 120000.0 159996.0 199991.0 239985.0 ]
***************************************************************

  3: Rowwise    Max[ 1]=  8.280 Min[ 2]=  5.834 Avg=  6.663
     Columnwise Max[ 1]=103.676 Min[ 3]=103.401 Avg=103.517



********************************************************
[     0.0      1.0      1.0      1.0      1.0      1.0      1.0 ]
[     1.0  40000.0      1.0      1.0      1.0      1.0      1.0 ]
[     2.0  40001.0  79999.0      1.0      1.0      1.0      1.0 ]
[     3.0  40002.0  80000.0 119997.0      1.0      1.0      1.0 ]
[     4.0  40003.0  80001.0 119998.0 159994.0      1.0      1.0 ]
[     5.0  40004.0  80002.0 119999.0 159995.0 199990.0      1.0 ]
[     6.0  40005.0  80003.0 120000.0 159996.0 199991.0 239985.0 ]
***************************************************************

  4: Rowwise    Max[ 1]=  8.280 Min[ 2]=  5.834 Avg=  6.464
     Columnwise Max[ 1]=103.676 Min[ 4]=103.326 Avg=103.470



********************************************************
[     0.0      1.0      1.0      1.0      1.0      1.0      1.0 ]
[     1.0  40000.0      1.0      1.0      1.0      1.0      1.0 ]
[     2.0  40001.0  79999.0      1.0      1.0      1.0      1.0 ]
[     3.0  40002.0  80000.0 119997.0      1.0      1.0      1.0 ]
[     4.0  40003.0  80001.0 119998.0 159994.0      1.0      1.0 ]
[     5.0  40004.0  80002.0 119999.0 159995.0 199990.0      1.0 ]
[     6.0  40005.0  80003.0 120000.0 159996.0 199991.0 239985.0 ]
***************************************************************

  5: Rowwise    Max[ 1]=  8.280 Min[ 5]=  5.771 Avg=  6.325
     Columnwise Max[ 1]=103.676 Min[ 4]=103.326 Avg=103.474



********************************************************
[     0.0      1.0      1.0      1.0      1.0      1.0      1.0 ]
[     1.0  40000.0      1.0      1.0      1.0      1.0      1.0 ]
[     2.0  40001.0  79999.0      1.0      1.0      1.0      1.0 ]
[     3.0  40002.0  80000.0 119997.0      1.0      1.0      1.0 ]
[     4.0  40003.0  80001.0 119998.0 159994.0      1.0      1.0 ]
[     5.0  40004.0  80002.0 119999.0 159995.0 199990.0      1.0 ]
[     6.0  40005.0  80003.0 120000.0 159996.0 199991.0 239985.0 ]
***************************************************************

  6: Rowwise    Max[ 1]=  8.280 Min[ 6]=  5.739 Avg=  6.228
     Columnwise Max[ 6]=326.586 Min[ 4]=103.326 Avg=140.659



********************************************************
[     0.0      1.0      1.0      1.0      1.0      1.0      1.0 ]
[     1.0  40000.0      1.0      1.0      1.0      1.0      1.0 ]
[     2.0  40001.0  79999.0      1.0      1.0      1.0      1.0 ]
[     3.0  40002.0  80000.0 119997.0      1.0      1.0      1.0 ]
[     4.0  40003.0  80001.0 119998.0 159994.0      1.0      1.0 ]
[     5.0  40004.0  80002.0 119999.0 159995.0 199990.0      1.0 ]
[     6.0  40005.0  80003.0 120000.0 159996.0 199991.0 239985.0 ]
***************************************************************

  7: Rowwise    Max[ 7]= 67.655 Min[ 6]=  5.739 Avg= 15.003
     Columnwise Max[ 6]=326.586 Min[ 7]=102.200 Avg=135.165



********************************************************
[     0.0      1.0      1.0      1.0      1.0      1.0      1.0 ]
[     1.0  40000.0      1.0      1.0      1.0      1.0      1.0 ]
[     2.0  40001.0  79999.0      1.0      1.0      1.0      1.0 ]
[     3.0  40002.0  80000.0 119997.0      1.0      1.0      1.0 ]
[     4.0  40003.0  80001.0 119998.0 159994.0      1.0      1.0 ]
[     5.0  40004.0  80002.0 119999.0 159995.0 199990.0      1.0 ]
[     6.0  40005.0  80003.0 120000.0 159996.0 199991.0 239985.0 ]
***************************************************************

Be patient! Initializing............

  1: Rowwise    Max[ 1]=  7.770 Min[ 1]=  7.770 Avg=  7.770
     Columnwise Max[ 1]=102.264 Min[ 1]=102.264 Avg=102.264



********************************************************
[     0.0      1.0      1.0      1.0      1.0      1.0      1.0 ]
[     1.0  40000.0      1.0      1.0      1.0      1.0      1.0 ]
[     2.0  40001.0  79999.0      1.0      1.0      1.0      1.0 ]
[     3.0  40002.0  80000.0 119997.0      1.0      1.0      1.0 ]
[     4.0  40003.0  80001.0 119998.0 159994.0      1.0      1.0 ]
[     5.0  40004.0  80002.0 119999.0 159995.0 199990.0      1.0 ]
[     6.0  40005.0  80003.0 120000.0 159996.0 199991.0 239985.0 ]
***************************************************************

  2: Rowwise    Max[ 1]=  7.770 Min[ 2]=  5.719 Avg=  6.745
     Columnwise Max[ 1]=102.264 Min[ 2]=101.985 Avg=102.125



********************************************************
[     0.0      1.0      1.0      1.0      1.0      1.0      1.0 ]
[     1.0  40000.0      1.0      1.0      1.0      1.0      1.0 ]
[     2.0  40001.0  79999.0      1.0      1.0      1.0      1.0 ]
[     3.0  40002.0  80000.0 119997.0      1.0      1.0      1.0 ]
[     4.0  40003.0  80001.0 119998.0 159994.0      1.0      1.0 ]
[     5.0  40004.0  80002.0 119999.0 159995.0 199990.0      1.0 ]
[     6.0  40005.0  80003.0 120000.0 159996.0 199991.0 239985.0 ]
***************************************************************

  3: Rowwise    Max[ 1]=  7.770 Min[ 2]=  5.719 Avg=  6.403
     Columnwise Max[ 1]=102.264 Min[ 3]=101.909 Avg=102.053



********************************************************
[     0.0      1.0      1.0      1.0      1.0      1.0      1.0 ]
[     1.0  40000.0      1.0      1.0      1.0      1.0      1.0 ]
[     2.0  40001.0  79999.0      1.0      1.0      1.0      1.0 ]
[     3.0  40002.0  80000.0 119997.0      1.0      1.0      1.0 ]
[     4.0  40003.0  80001.0 119998.0 159994.0      1.0      1.0 ]
[     5.0  40004.0  80002.0 119999.0 159995.0 199990.0      1.0 ]
[     6.0  40005.0  80003.0 120000.0 159996.0 199991.0 239985.0 ]
***************************************************************

  4: Rowwise    Max[ 1]=  7.770 Min[ 4]=  5.596 Avg=  6.202
     Columnwise Max[ 1]=102.264 Min[ 3]=101.909 Avg=102.070



********************************************************
[     0.0      1.0      1.0      1.0      1.0      1.0      1.0 ]
[     1.0  40000.0      1.0      1.0      1.0      1.0      1.0 ]
[     2.0  40001.0  79999.0      1.0      1.0      1.0      1.0 ]
[     3.0  40002.0  80000.0 119997.0      1.0      1.0      1.0 ]
[     4.0  40003.0  80001.0 119998.0 159994.0      1.0      1.0 ]
[     5.0  40004.0  80002.0 119999.0 159995.0 199990.0      1.0 ]
[     6.0  40005.0  80003.0 120000.0 159996.0 199991.0 239985.0 ]
***************************************************************

  5: Rowwise    Max[ 1]=  7.770 Min[ 4]=  5.596 Avg=  6.086
     Columnwise Max[ 1]=102.264 Min[ 3]=101.909 Avg=102.076



********************************************************
[     0.0      1.0      1.0      1.0      1.0      1.0      1.0 ]
[     1.0  40000.0      1.0      1.0      1.0      1.0      1.0 ]
[     2.0  40001.0  79999.0      1.0      1.0      1.0      1.0 ]
[     3.0  40002.0  80000.0 119997.0      1.0      1.0      1.0 ]
[     4.0  40003.0  80001.0 119998.0 159994.0      1.0      1.0 ]
[     5.0  40004.0  80002.0 119999.0 159995.0 199990.0      1.0 ]
[     6.0  40005.0  80003.0 120000.0 159996.0 199991.0 239985.0 ]
***************************************************************

  6: Rowwise    Max[ 1]=  7.770 Min[ 4]=  5.596 Avg=  6.019
     Columnwise Max[ 1]=102.264 Min[ 3]=101.909 Avg=102.069



********************************************************
[     0.0      1.0      1.0      1.0      1.0      1.0      1.0 ]
[     1.0  40000.0      1.0      1.0      1.0      1.0      1.0 ]
[     2.0  40001.0  79999.0      1.0      1.0      1.0      1.0 ]
[     3.0  40002.0  80000.0 119997.0      1.0      1.0      1.0 ]
[     4.0  40003.0  80001.0 119998.0 159994.0      1.0      1.0 ]
[     5.0  40004.0  80002.0 119999.0 159995.0 199990.0      1.0 ]
[     6.0  40005.0  80003.0 120000.0 159996.0 199991.0 239985.0 ]
***************************************************************

  7: Rowwise    Max[ 1]=  7.770 Min[ 4]=  5.596 Avg=  5.977
     Columnwise Max[ 1]=102.264 Min[ 3]=101.909 Avg=102.052



********************************************************
[     0.0      1.0      1.0      1.0      1.0      1.0      1.0 ]
[     1.0  40000.0      1.0      1.0      1.0      1.0      1.0 ]
[     2.0  40001.0  79999.0      1.0      1.0      1.0      1.0 ]
[     3.0  40002.0  80000.0 119997.0      1.0      1.0      1.0 ]
[     4.0  40003.0  80001.0 119998.0 159994.0      1.0      1.0 ]
[     5.0  40004.0  80002.0 119999.0 159995.0 199990.0      1.0 ]
[     6.0  40005.0  80003.0 120000.0 159996.0 199991.0 239985.0 ]
***************************************************************

Be patient! Initializing............

  1: Rowwise    Max[ 1]=  7.991 Min[ 1]=  7.991 Avg=  7.991
     Columnwise Max[ 1]=102.247 Min[ 1]=102.247 Avg=102.247



********************************************************
[     0.0      1.0      1.0      1.0      1.0      1.0      1.0 ]
[     1.0  40000.0      1.0      1.0      1.0      1.0      1.0 ]
[     2.0  40001.0  79999.0      1.0      1.0      1.0      1.0 ]
[     3.0  40002.0  80000.0 119997.0      1.0      1.0      1.0 ]
[     4.0  40003.0  80001.0 119998.0 159994.0      1.0      1.0 ]
[     5.0  40004.0  80002.0 119999.0 159995.0 199990.0      1.0 ]
[     6.0  40005.0  80003.0 120000.0 159996.0 199991.0 239985.0 ]
***************************************************************

  2: Rowwise    Max[ 1]=  7.991 Min[ 2]=  5.783 Avg=  6.887
     Columnwise Max[ 1]=102.247 Min[ 2]=101.955 Avg=102.101



********************************************************
[     0.0      1.0      1.0      1.0      1.0      1.0      1.0 ]
[     1.0  40000.0      1.0      1.0      1.0      1.0      1.0 ]
[     2.0  40001.0  79999.0      1.0      1.0      1.0      1.0 ]
[     3.0  40002.0  80000.0 119997.0      1.0      1.0      1.0 ]
[     4.0  40003.0  80001.0 119998.0 159994.0      1.0      1.0 ]
[     5.0  40004.0  80002.0 119999.0 159995.0 199990.0      1.0 ]
[     6.0  40005.0  80003.0 120000.0 159996.0 199991.0 239985.0 ]
***************************************************************

  3: Rowwise    Max[ 1]=  7.991 Min[ 3]=  5.658 Avg=  6.478
     Columnwise Max[ 1]=102.247 Min[ 2]=101.955 Avg=102.118



********************************************************
[     0.0      1.0      1.0      1.0      1.0      1.0      1.0 ]
[     1.0  40000.0      1.0      1.0      1.0      1.0      1.0 ]
[     2.0  40001.0  79999.0      1.0      1.0      1.0      1.0 ]
[     3.0  40002.0  80000.0 119997.0      1.0      1.0      1.0 ]
[     4.0  40003.0  80001.0 119998.0 159994.0      1.0      1.0 ]
[     5.0  40004.0  80002.0 119999.0 159995.0 199990.0      1.0 ]
[     6.0  40005.0  80003.0 120000.0 159996.0 199991.0 239985.0 ]
***************************************************************

  4: Rowwise    Max[ 1]=  7.991 Min[ 3]=  5.658 Avg=  6.282
     Columnwise Max[ 1]=102.247 Min[ 2]=101.955 Avg=102.116



********************************************************
[     0.0      1.0      1.0      1.0      1.0      1.0      1.0 ]
[     1.0  40000.0      1.0      1.0      1.0      1.0      1.0 ]
[     2.0  40001.0  79999.0      1.0      1.0      1.0      1.0 ]
[     3.0  40002.0  80000.0 119997.0      1.0      1.0      1.0 ]
[     4.0  40003.0  80001.0 119998.0 159994.0      1.0      1.0 ]
[     5.0  40004.0  80002.0 119999.0 159995.0 199990.0      1.0 ]
[     6.0  40005.0  80003.0 120000.0 159996.0 199991.0 239985.0 ]
***************************************************************

  5: Rowwise    Max[ 1]=  7.991 Min[ 3]=  5.658 Avg=  6.177
     Columnwise Max[ 1]=102.247 Min[ 2]=101.955 Avg=102.101



********************************************************
[     0.0      1.0      1.0      1.0      1.0      1.0      1.0 ]
[     1.0  40000.0      1.0      1.0      1.0      1.0      1.0 ]
[     2.0  40001.0  79999.0      1.0      1.0      1.0      1.0 ]
[     3.0  40002.0  80000.0 119997.0      1.0      1.0      1.0 ]
[     4.0  40003.0  80001.0 119998.0 159994.0      1.0      1.0 ]
[     5.0  40004.0  80002.0 119999.0 159995.0 199990.0      1.0 ]
[     6.0  40005.0  80003.0 120000.0 159996.0 199991.0 239985.0 ]
***************************************************************

  6: Rowwise    Max[ 1]=  7.991 Min[ 3]=  5.658 Avg=  6.112
     Columnwise Max[ 1]=102.247 Min[ 2]=101.955 Avg=102.078



********************************************************
[     0.0      1.0      1.0      1.0      1.0      1.0      1.0 ]
[     1.0  40000.0      1.0      1.0      1.0      1.0      1.0 ]
[     2.0  40001.0  79999.0      1.0      1.0      1.0      1.0 ]
[     3.0  40002.0  80000.0 119997.0      1.0      1.0      1.0 ]
[     4.0  40003.0  80001.0 119998.0 159994.0      1.0      1.0 ]
[     5.0  40004.0  80002.0 119999.0 159995.0 199990.0      1.0 ]
[     6.0  40005.0  80003.0 120000.0 159996.0 199991.0 239985.0 ]
***************************************************************

  7: Rowwise    Max[ 1]=  7.991 Min[ 3]=  5.658 Avg=  6.056
     Columnwise Max[ 1]=102.247 Min[ 2]=101.955 Avg=102.073



********************************************************
[     0.0      1.0      1.0      1.0      1.0      1.0      1.0 ]
[     1.0  40000.0      1.0      1.0      1.0      1.0      1.0 ]
[     2.0  40001.0  79999.0      1.0      1.0      1.0      1.0 ]
[     3.0  40002.0  80000.0 119997.0      1.0      1.0      1.0 ]
[     4.0  40003.0  80001.0 119998.0 159994.0      1.0      1.0 ]
[     5.0  40004.0  80002.0 119999.0 159995.0 199990.0      1.0 ]
[     6.0  40005.0  80003.0 120000.0 159996.0 199991.0 239985.0 ]
***************************************************************

Be patient! Initializing............

  1: Rowwise    Max[ 1]=  7.656 Min[ 1]=  7.656 Avg=  7.656
     Columnwise Max[ 1]=102.242 Min[ 1]=102.242 Avg=102.242



********************************************************
[     0.0      1.0      1.0      1.0      1.0      1.0      1.0 ]
[     1.0  40000.0      1.0      1.0      1.0      1.0      1.0 ]
[     2.0  40001.0  79999.0      1.0      1.0      1.0      1.0 ]
[     3.0  40002.0  80000.0 119997.0      1.0      1.0      1.0 ]
[     4.0  40003.0  80001.0 119998.0 159994.0      1.0      1.0 ]
[     5.0  40004.0  80002.0 119999.0 159995.0 199990.0      1.0 ]
[     6.0  40005.0  80003.0 120000.0 159996.0 199991.0 239985.0 ]
***************************************************************

  2: Rowwise    Max[ 1]=  7.656 Min[ 2]=  5.777 Avg=  6.717
     Columnwise Max[ 1]=102.242 Min[ 2]=101.989 Avg=102.116



********************************************************
[     0.0      1.0      1.0      1.0      1.0      1.0      1.0 ]
[     1.0  40000.0      1.0      1.0      1.0      1.0      1.0 ]
[     2.0  40001.0  79999.0      1.0      1.0      1.0      1.0 ]
[     3.0  40002.0  80000.0 119997.0      1.0      1.0      1.0 ]
[     4.0  40003.0  80001.0 119998.0 159994.0      1.0      1.0 ]
[     5.0  40004.0  80002.0 119999.0 159995.0 199990.0      1.0 ]
[     6.0  40005.0  80003.0 120000.0 159996.0 199991.0 239985.0 ]
***************************************************************

  3: Rowwise    Max[ 1]=  7.656 Min[ 2]=  5.777 Avg=  6.404
     Columnwise Max[ 1]=102.242 Min[ 3]=101.912 Avg=102.048



********************************************************
[     0.0      1.0      1.0      1.0      1.0      1.0      1.0 ]
[     1.0  40000.0      1.0      1.0      1.0      1.0      1.0 ]
[     2.0  40001.0  79999.0      1.0      1.0      1.0      1.0 ]
[     3.0  40002.0  80000.0 119997.0      1.0      1.0      1.0 ]
[     4.0  40003.0  80001.0 119998.0 159994.0      1.0      1.0 ]
[     5.0  40004.0  80002.0 119999.0 159995.0 199990.0      1.0 ]
[     6.0  40005.0  80003.0 120000.0 159996.0 199991.0 239985.0 ]
***************************************************************

  4: Rowwise    Max[ 1]=  7.656 Min[ 4]=  5.650 Avg=  6.215
     Columnwise Max[ 1]=102.242 Min[ 3]=101.912 Avg=102.068



********************************************************
[     0.0      1.0      1.0      1.0      1.0      1.0      1.0 ]
[     1.0  40000.0      1.0      1.0      1.0      1.0      1.0 ]
[     2.0  40001.0  79999.0      1.0      1.0      1.0      1.0 ]
[     3.0  40002.0  80000.0 119997.0      1.0      1.0      1.0 ]
[     4.0  40003.0  80001.0 119998.0 159994.0      1.0      1.0 ]
[     5.0  40004.0  80002.0 119999.0 159995.0 199990.0      1.0 ]
[     6.0  40005.0  80003.0 120000.0 159996.0 199991.0 239985.0 ]
***************************************************************

  5: Rowwise    Max[ 1]=  7.656 Min[ 4]=  5.650 Avg=  6.109
     Columnwise Max[ 1]=102.242 Min[ 3]=101.912 Avg=102.075



********************************************************
[     0.0      1.0      1.0      1.0      1.0      1.0      1.0 ]
[     1.0  40000.0      1.0      1.0      1.0      1.0      1.0 ]
[     2.0  40001.0  79999.0      1.0      1.0      1.0      1.0 ]
[     3.0  40002.0  80000.0 119997.0      1.0      1.0      1.0 ]
[     4.0  40003.0  80001.0 119998.0 159994.0      1.0      1.0 ]
[     5.0  40004.0  80002.0 119999.0 159995.0 199990.0      1.0 ]
[     6.0  40005.0  80003.0 120000.0 159996.0 199991.0 239985.0 ]
***************************************************************

  6: Rowwise    Max[ 1]=  7.656 Min[ 4]=  5.650 Avg=  6.048
     Columnwise Max[ 1]=102.242 Min[ 3]=101.912 Avg=102.069



********************************************************
[     0.0      1.0      1.0      1.0      1.0      1.0      1.0 ]
[     1.0  40000.0      1.0      1.0      1.0      1.0      1.0 ]
[     2.0  40001.0  79999.0      1.0      1.0      1.0      1.0 ]
[     3.0  40002.0  80000.0 119997.0      1.0      1.0      1.0 ]
[     4.0  40003.0  80001.0 119998.0 159994.0      1.0      1.0 ]
[     5.0  40004.0  80002.0 119999.0 159995.0 199990.0      1.0 ]
[     6.0  40005.0  80003.0 120000.0 159996.0 199991.0 239985.0 ]
***************************************************************

  7: Rowwise    Max[ 1]=  7.656 Min[ 4]=  5.650 Avg=  6.010
     Columnwise Max[ 1]=102.242 Min[ 3]=101.912 Avg=102.053



********************************************************
[     0.0      1.0      1.0      1.0      1.0      1.0      1.0 ]
[     1.0  40000.0      1.0      1.0      1.0      1.0      1.0 ]
[     2.0  40001.0  79999.0      1.0      1.0      1.0      1.0 ]
[     3.0  40002.0  80000.0 119997.0      1.0      1.0      1.0 ]
[     4.0  40003.0  80001.0 119998.0 159994.0      1.0      1.0 ]
[     5.0  40004.0  80002.0 119999.0 159995.0 199990.0      1.0 ]
[     6.0  40005.0  80003.0 120000.0 159996.0 199991.0 239985.0 ]
***************************************************************

Be patient! Initializing............

  1: Rowwise    Max[ 1]=  7.770 Min[ 1]=  7.770 Avg=  7.770
     Columnwise Max[ 1]=102.280 Min[ 1]=102.280 Avg=102.280



********************************************************
[     0.0      1.0      1.0      1.0      1.0      1.0      1.0 ]
[     1.0  40000.0      1.0      1.0      1.0      1.0      1.0 ]
[     2.0  40001.0  79999.0      1.0      1.0      1.0      1.0 ]
[     3.0  40002.0  80000.0 119997.0      1.0      1.0      1.0 ]
[     4.0  40003.0  80001.0 119998.0 159994.0      1.0      1.0 ]
[     5.0  40004.0  80002.0 119999.0 159995.0 199990.0      1.0 ]
[     6.0  40005.0  80003.0 120000.0 159996.0 199991.0 239985.0 ]
***************************************************************

  2: Rowwise    Max[ 1]=  7.770 Min[ 2]=  5.780 Avg=  6.775
     Columnwise Max[ 1]=102.280 Min[ 2]=101.944 Avg=102.112



********************************************************
[     0.0      1.0      1.0      1.0      1.0      1.0      1.0 ]
[     1.0  40000.0      1.0      1.0      1.0      1.0      1.0 ]
[     2.0  40001.0  79999.0      1.0      1.0      1.0      1.0 ]
[     3.0  40002.0  80000.0 119997.0      1.0      1.0      1.0 ]
[     4.0  40003.0  80001.0 119998.0 159994.0      1.0      1.0 ]
[     5.0  40004.0  80002.0 119999.0 159995.0 199990.0      1.0 ]
[     6.0  40005.0  80003.0 120000.0 159996.0 199991.0 239985.0 ]
***************************************************************

  3: Rowwise    Max[ 1]=  7.770 Min[ 3]=  5.653 Avg=  6.401
     Columnwise Max[ 1]=102.280 Min[ 2]=101.944 Avg=102.135



********************************************************
[     0.0      1.0      1.0      1.0      1.0      1.0      1.0 ]
[     1.0  40000.0      1.0      1.0      1.0      1.0      1.0 ]
[     2.0  40001.0  79999.0      1.0      1.0      1.0      1.0 ]
[     3.0  40002.0  80000.0 119997.0      1.0      1.0      1.0 ]
[     4.0  40003.0  80001.0 119998.0 159994.0      1.0      1.0 ]
[     5.0  40004.0  80002.0 119999.0 159995.0 199990.0      1.0 ]
[     6.0  40005.0  80003.0 120000.0 159996.0 199991.0 239985.0 ]
***************************************************************

  4: Rowwise    Max[ 1]=  7.770 Min[ 3]=  5.653 Avg=  6.224
     Columnwise Max[ 1]=102.280 Min[ 2]=101.944 Avg=102.136



********************************************************
[     0.0      1.0      1.0      1.0      1.0      1.0      1.0 ]
[     1.0  40000.0      1.0      1.0      1.0      1.0      1.0 ]
[     2.0  40001.0  79999.0      1.0      1.0      1.0      1.0 ]
[     3.0  40002.0  80000.0 119997.0      1.0      1.0      1.0 ]
[     4.0  40003.0  80001.0 119998.0 159994.0      1.0      1.0 ]
[     5.0  40004.0  80002.0 119999.0 159995.0 199990.0      1.0 ]
[     6.0  40005.0  80003.0 120000.0 159996.0 199991.0 239985.0 ]
***************************************************************

  5: Rowwise    Max[ 1]=  7.770 Min[ 3]=  5.653 Avg=  6.129
     Columnwise Max[ 1]=102.280 Min[ 2]=101.944 Avg=102.123



********************************************************
[     0.0      1.0      1.0      1.0      1.0      1.0      1.0 ]
[     1.0  40000.0      1.0      1.0      1.0      1.0      1.0 ]
[     2.0  40001.0  79999.0      1.0      1.0      1.0      1.0 ]
[     3.0  40002.0  80000.0 119997.0      1.0      1.0      1.0 ]
[     4.0  40003.0  80001.0 119998.0 159994.0      1.0      1.0 ]
[     5.0  40004.0  80002.0 119999.0 159995.0 199990.0      1.0 ]
[     6.0  40005.0  80003.0 120000.0 159996.0 199991.0 239985.0 ]
***************************************************************

  6: Rowwise    Max[ 1]=  7.770 Min[ 3]=  5.653 Avg=  6.071
     Columnwise Max[ 1]=102.280 Min[ 2]=101.944 Avg=102.102



********************************************************
[     0.0      1.0      1.0      1.0      1.0      1.0      1.0 ]
[     1.0  40000.0      1.0      1.0      1.0      1.0      1.0 ]
[     2.0  40001.0  79999.0      1.0      1.0      1.0      1.0 ]
[     3.0  40002.0  80000.0 119997.0      1.0      1.0      1.0 ]
[     4.0  40003.0  80001.0 119998.0 159994.0      1.0      1.0 ]
[     5.0  40004.0  80002.0 119999.0 159995.0 199990.0      1.0 ]
[     6.0  40005.0  80003.0 120000.0 159996.0 199991.0 239985.0 ]
***************************************************************

  7: Rowwise    Max[ 1]=  7.770 Min[ 3]=  5.653 Avg=  6.020
     Columnwise Max[ 1]=102.280 Min[ 2]=101.944 Avg=102.098



********************************************************
[     0.0      1.0      1.0      1.0      1.0      1.0      1.0 ]
[     1.0  40000.0      1.0      1.0      1.0      1.0      1.0 ]
[     2.0  40001.0  79999.0      1.0      1.0      1.0      1.0 ]
[     3.0  40002.0  80000.0 119997.0      1.0      1.0      1.0 ]
[     4.0  40003.0  80001.0 119998.0 159994.0      1.0      1.0 ]
[     5.0  40004.0  80002.0 119999.0 159995.0 199990.0      1.0 ]
[     6.0  40005.0  80003.0 120000.0 159996.0 199991.0 239985.0 ]
***************************************************************

