Be patient! Initializing and Transposing............

  1: Init and Transpose Max[ 1]=  8.086 Min[ 1]=  8.086 Avg=  8.086


********************************************************
[     0.0      1.0      2.0      3.0      4.0      5.0      6.0 ]
[     1.0  40000.0  40001.0  40002.0  40003.0  40004.0  40005.0 ]
[     1.0      1.0  79999.0  80000.0  80001.0  80002.0  80003.0 ]
[     1.0      1.0      1.0 119997.0 119998.0 119999.0 120000.0 ]
[     1.0      1.0      1.0      1.0 159994.0 159995.0 159996.0 ]
[     1.0      1.0      1.0      1.0      1.0 199990.0 199991.0 ]
[     1.0      1.0      1.0      1.0      1.0      1.0 239985.0 ]
***************************************************************

  2: Init and Transpose Max[ 1]=  8.086 Min[ 2]=  6.492 Avg=  7.289


********************************************************
[     0.0      1.0      2.0      3.0      4.0      5.0      6.0 ]
[     1.0  40000.0  40001.0  40002.0  40003.0  40004.0  40005.0 ]
[     1.0      1.0  79999.0  80000.0  80001.0  80002.0  80003.0 ]
[     1.0      1.0      1.0 119997.0 119998.0 119999.0 120000.0 ]
[     1.0      1.0      1.0      1.0 159994.0 159995.0 159996.0 ]
[     1.0      1.0      1.0      1.0      1.0 199990.0 199991.0 ]
[     1.0      1.0      1.0      1.0      1.0      1.0 239985.0 ]
***************************************************************

  3: Init and Transpose Max[ 1]=  8.086 Min[ 3]=  6.287 Avg=  6.955


********************************************************
[     0.0      1.0      2.0      3.0      4.0      5.0      6.0 ]
[     1.0  40000.0  40001.0  40002.0  40003.0  40004.0  40005.0 ]
[     1.0      1.0  79999.0  80000.0  80001.0  80002.0  80003.0 ]
[     1.0      1.0      1.0 119997.0 119998.0 119999.0 120000.0 ]
[     1.0      1.0      1.0      1.0 159994.0 159995.0 159996.0 ]
[     1.0      1.0      1.0      1.0      1.0 199990.0 199991.0 ]
[     1.0      1.0      1.0      1.0      1.0      1.0 239985.0 ]
***************************************************************

  4: Init and Transpose Max[ 1]=  8.086 Min[ 3]=  6.287 Avg=  7.091


********************************************************
[     0.0      1.0      2.0      3.0      4.0      5.0      6.0 ]
[     1.0  40000.0  40001.0  40002.0  40003.0  40004.0  40005.0 ]
[     1.0      1.0  79999.0  80000.0  80001.0  80002.0  80003.0 ]
[     1.0      1.0      1.0 119997.0 119998.0 119999.0 120000.0 ]
[     1.0      1.0      1.0      1.0 159994.0 159995.0 159996.0 ]
[     1.0      1.0      1.0      1.0      1.0 199990.0 199991.0 ]
[     1.0      1.0      1.0      1.0      1.0      1.0 239985.0 ]
***************************************************************

  5: Init and Transpose Max[ 1]=  8.086 Min[ 3]=  6.287 Avg=  7.044


********************************************************
[     0.0      1.0      2.0      3.0      4.0      5.0      6.0 ]
[     1.0  40000.0  40001.0  40002.0  40003.0  40004.0  40005.0 ]
[     1.0      1.0  79999.0  80000.0  80001.0  80002.0  80003.0 ]
[     1.0      1.0      1.0 119997.0 119998.0 119999.0 120000.0 ]
[     1.0      1.0      1.0      1.0 159994.0 159995.0 159996.0 ]
[     1.0      1.0      1.0      1.0      1.0 199990.0 199991.0 ]
[     1.0      1.0      1.0      1.0      1.0      1.0 239985.0 ]
***************************************************************

  6: Init and Transpose Max[ 1]=  8.086 Min[ 3]=  6.287 Avg=  6.991


********************************************************
[     0.0      1.0      2.0      3.0      4.0      5.0      6.0 ]
[     1.0  40000.0  40001.0  40002.0  40003.0  40004.0  40005.0 ]
[     1.0      1.0  79999.0  80000.0  80001.0  80002.0  80003.0 ]
[     1.0      1.0      1.0 119997.0 119998.0 119999.0 120000.0 ]
[     1.0      1.0      1.0      1.0 159994.0 159995.0 159996.0 ]
[     1.0      1.0      1.0      1.0      1.0 199990.0 199991.0 ]
[     1.0      1.0      1.0      1.0      1.0      1.0 239985.0 ]
***************************************************************

  7: Init and Transpose Max[ 1]=  8.086 Min[ 3]=  6.287 Avg=  6.949


********************************************************
[     0.0      1.0      2.0      3.0      4.0      5.0      6.0 ]
[     1.0  40000.0  40001.0  40002.0  40003.0  40004.0  40005.0 ]
[     1.0      1.0  79999.0  80000.0  80001.0  80002.0  80003.0 ]
[     1.0      1.0      1.0 119997.0 119998.0 119999.0 120000.0 ]
[     1.0      1.0      1.0      1.0 159994.0 159995.0 159996.0 ]
[     1.0      1.0      1.0      1.0      1.0 199990.0 199991.0 ]
[     1.0      1.0      1.0      1.0      1.0      1.0 239985.0 ]
***************************************************************

Be patient! Initializing and Transposing............

  1: Init and Transpose Max[ 1]=  8.440 Min[ 1]=  8.440 Avg=  8.440


********************************************************
[     0.0      1.0      2.0      3.0      4.0      5.0      6.0 ]
[     1.0  40000.0  40001.0  40002.0  40003.0  40004.0  40005.0 ]
[     1.0      1.0  79999.0  80000.0  80001.0  80002.0  80003.0 ]
[     1.0      1.0      1.0 119997.0 119998.0 119999.0 120000.0 ]
[     1.0      1.0      1.0      1.0 159994.0 159995.0 159996.0 ]
[     1.0      1.0      1.0      1.0      1.0 199990.0 199991.0 ]
[     1.0      1.0      1.0      1.0      1.0      1.0 239985.0 ]
***************************************************************

  2: Init and Transpose Max[ 1]=  8.440 Min[ 2]=  6.554 Avg=  7.497


********************************************************
[     0.0      1.0      2.0      3.0      4.0      5.0      6.0 ]
[     1.0  40000.0  40001.0  40002.0  40003.0  40004.0  40005.0 ]
[     1.0      1.0  79999.0  80000.0  80001.0  80002.0  80003.0 ]
[     1.0      1.0      1.0 119997.0 119998.0 119999.0 120000.0 ]
[     1.0      1.0      1.0      1.0 159994.0 159995.0 159996.0 ]
[     1.0      1.0      1.0      1.0      1.0 199990.0 199991.0 ]
[     1.0      1.0      1.0      1.0      1.0      1.0 239985.0 ]
***************************************************************

  3: Init and Transpose Max[ 1]=  8.440 Min[ 3]=  6.386 Avg=  7.127


********************************************************
[     0.0      1.0      2.0      3.0      4.0      5.0      6.0 ]
[     1.0  40000.0  40001.0  40002.0  40003.0  40004.0  40005.0 ]
[     1.0      1.0  79999.0  80000.0  80001.0  80002.0  80003.0 ]
[     1.0      1.0      1.0 119997.0 119998.0 119999.0 120000.0 ]
[     1.0      1.0      1.0      1.0 159994.0 159995.0 159996.0 ]
[     1.0      1.0      1.0      1.0      1.0 199990.0 199991.0 ]
[     1.0      1.0      1.0      1.0      1.0      1.0 239985.0 ]
***************************************************************

  4: Init and Transpose Max[ 1]=  8.440 Min[ 3]=  6.386 Avg=  7.055


********************************************************
[     0.0      1.0      2.0      3.0      4.0      5.0      6.0 ]
[     1.0  40000.0  40001.0  40002.0  40003.0  40004.0  40005.0 ]
[     1.0      1.0  79999.0  80000.0  80001.0  80002.0  80003.0 ]
[     1.0      1.0      1.0 119997.0 119998.0 119999.0 120000.0 ]
[     1.0      1.0      1.0      1.0 159994.0 159995.0 159996.0 ]
[     1.0      1.0      1.0      1.0      1.0 199990.0 199991.0 ]
[     1.0      1.0      1.0      1.0      1.0      1.0 239985.0 ]
***************************************************************

  5: Init and Transpose Max[ 1]=  8.440 Min[ 3]=  6.386 Avg=  6.956


********************************************************
[     0.0      1.0      2.0      3.0      4.0      5.0      6.0 ]
[     1.0  40000.0  40001.0  40002.0  40003.0  40004.0  40005.0 ]
[     1.0      1.0  79999.0  80000.0  80001.0  80002.0  80003.0 ]
[     1.0      1.0      1.0 119997.0 119998.0 119999.0 120000.0 ]
[     1.0      1.0      1.0      1.0 159994.0 159995.0 159996.0 ]
[     1.0      1.0      1.0      1.0      1.0 199990.0 199991.0 ]
[     1.0      1.0      1.0      1.0      1.0      1.0 239985.0 ]
***************************************************************

  6: Init and Transpose Max[ 1]=  8.440 Min[ 3]=  6.386 Avg=  6.918


********************************************************
[     0.0      1.0      2.0      3.0      4.0      5.0      6.0 ]
[     1.0  40000.0  40001.0  40002.0  40003.0  40004.0  40005.0 ]
[     1.0      1.0  79999.0  80000.0  80001.0  80002.0  80003.0 ]
[     1.0      1.0      1.0 119997.0 119998.0 119999.0 120000.0 ]
[     1.0      1.0      1.0      1.0 159994.0 159995.0 159996.0 ]
[     1.0      1.0      1.0      1.0      1.0 199990.0 199991.0 ]
[     1.0      1.0      1.0      1.0      1.0      1.0 239985.0 ]
***************************************************************

  7: Init and Transpose Max[ 1]=  8.440 Min[ 3]=  6.386 Avg=  6.855


********************************************************
[     0.0      1.0      2.0      3.0      4.0      5.0      6.0 ]
[     1.0  40000.0  40001.0  40002.0  40003.0  40004.0  40005.0 ]
[     1.0      1.0  79999.0  80000.0  80001.0  80002.0  80003.0 ]
[     1.0      1.0      1.0 119997.0 119998.0 119999.0 120000.0 ]
[     1.0      1.0      1.0      1.0 159994.0 159995.0 159996.0 ]
[     1.0      1.0      1.0      1.0      1.0 199990.0 199991.0 ]
[     1.0      1.0      1.0      1.0      1.0      1.0 239985.0 ]
***************************************************************

Be patient! Initializing and Transposing............

  1: Init and Transpose Max[ 1]=  8.110 Min[ 1]=  8.110 Avg=  8.110


********************************************************
[     0.0      1.0      2.0      3.0      4.0      5.0      6.0 ]
[     1.0  40000.0  40001.0  40002.0  40003.0  40004.0  40005.0 ]
[     1.0      1.0  79999.0  80000.0  80001.0  80002.0  80003.0 ]
[     1.0      1.0      1.0 119997.0 119998.0 119999.0 120000.0 ]
[     1.0      1.0      1.0      1.0 159994.0 159995.0 159996.0 ]
[     1.0      1.0      1.0      1.0      1.0 199990.0 199991.0 ]
[     1.0      1.0      1.0      1.0      1.0      1.0 239985.0 ]
***************************************************************

  2: Init and Transpose Max[ 1]=  8.110 Min[ 2]=  6.866 Avg=  7.488


********************************************************
[     0.0      1.0      2.0      3.0      4.0      5.0      6.0 ]
[     1.0  40000.0  40001.0  40002.0  40003.0  40004.0  40005.0 ]
[     1.0      1.0  79999.0  80000.0  80001.0  80002.0  80003.0 ]
[     1.0      1.0      1.0 119997.0 119998.0 119999.0 120000.0 ]
[     1.0      1.0      1.0      1.0 159994.0 159995.0 159996.0 ]
[     1.0      1.0      1.0      1.0      1.0 199990.0 199991.0 ]
[     1.0      1.0      1.0      1.0      1.0      1.0 239985.0 ]
***************************************************************

  3: Init and Transpose Max[ 1]=  8.110 Min[ 3]=  6.629 Avg=  7.202


********************************************************
[     0.0      1.0      2.0      3.0      4.0      5.0      6.0 ]
[     1.0  40000.0  40001.0  40002.0  40003.0  40004.0  40005.0 ]
[     1.0      1.0  79999.0  80000.0  80001.0  80002.0  80003.0 ]
[     1.0      1.0      1.0 119997.0 119998.0 119999.0 120000.0 ]
[     1.0      1.0      1.0      1.0 159994.0 159995.0 159996.0 ]
[     1.0      1.0      1.0      1.0      1.0 199990.0 199991.0 ]
[     1.0      1.0      1.0      1.0      1.0      1.0 239985.0 ]
***************************************************************

  4: Init and Transpose Max[ 1]=  8.110 Min[ 4]=  6.534 Avg=  7.035


********************************************************
[     0.0      1.0      2.0      3.0      4.0      5.0      6.0 ]
[     1.0  40000.0  40001.0  40002.0  40003.0  40004.0  40005.0 ]
[     1.0      1.0  79999.0  80000.0  80001.0  80002.0  80003.0 ]
[     1.0      1.0      1.0 119997.0 119998.0 119999.0 120000.0 ]
[     1.0      1.0      1.0      1.0 159994.0 159995.0 159996.0 ]
[     1.0      1.0      1.0      1.0      1.0 199990.0 199991.0 ]
[     1.0      1.0      1.0      1.0      1.0      1.0 239985.0 ]
***************************************************************

  5: Init and Transpose Max[ 1]=  8.110 Min[ 5]=  6.315 Avg=  6.891


********************************************************
[     0.0      1.0      2.0      3.0      4.0      5.0      6.0 ]
[     1.0  40000.0  40001.0  40002.0  40003.0  40004.0  40005.0 ]
[     1.0      1.0  79999.0  80000.0  80001.0  80002.0  80003.0 ]
[     1.0      1.0      1.0 119997.0 119998.0 119999.0 120000.0 ]
[     1.0      1.0      1.0      1.0 159994.0 159995.0 159996.0 ]
[     1.0      1.0      1.0      1.0      1.0 199990.0 199991.0 ]
[     1.0      1.0      1.0      1.0      1.0      1.0 239985.0 ]
***************************************************************

  6: Init and Transpose Max[ 1]=  8.110 Min[ 5]=  6.315 Avg=  6.837


********************************************************
[     0.0      1.0      2.0      3.0      4.0      5.0      6.0 ]
[     1.0  40000.0  40001.0  40002.0  40003.0  40004.0  40005.0 ]
[     1.0      1.0  79999.0  80000.0  80001.0  80002.0  80003.0 ]
[     1.0      1.0      1.0 119997.0 119998.0 119999.0 120000.0 ]
[     1.0      1.0      1.0      1.0 159994.0 159995.0 159996.0 ]
[     1.0      1.0      1.0      1.0      1.0 199990.0 199991.0 ]
[     1.0      1.0      1.0      1.0      1.0      1.0 239985.0 ]
***************************************************************

  7: Init and Transpose Max[ 1]=  8.110 Min[ 5]=  6.315 Avg=  6.844


********************************************************
[     0.0      1.0      2.0      3.0      4.0      5.0      6.0 ]
[     1.0  40000.0  40001.0  40002.0  40003.0  40004.0  40005.0 ]
[     1.0      1.0  79999.0  80000.0  80001.0  80002.0  80003.0 ]
[     1.0      1.0      1.0 119997.0 119998.0 119999.0 120000.0 ]
[     1.0      1.0      1.0      1.0 159994.0 159995.0 159996.0 ]
[     1.0      1.0      1.0      1.0      1.0 199990.0 199991.0 ]
[     1.0      1.0      1.0      1.0      1.0      1.0 239985.0 ]
***************************************************************

Be patient! Initializing and Transposing............

  1: Init and Transpose Max[ 1]=  7.645 Min[ 1]=  7.645 Avg=  7.645


********************************************************
[     0.0      1.0      2.0      3.0      4.0      5.0      6.0 ]
[     1.0  40000.0  40001.0  40002.0  40003.0  40004.0  40005.0 ]
[     1.0      1.0  79999.0  80000.0  80001.0  80002.0  80003.0 ]
[     1.0      1.0      1.0 119997.0 119998.0 119999.0 120000.0 ]
[     1.0      1.0      1.0      1.0 159994.0 159995.0 159996.0 ]
[     1.0      1.0      1.0      1.0      1.0 199990.0 199991.0 ]
[     1.0      1.0      1.0      1.0      1.0      1.0 239985.0 ]
***************************************************************

  2: Init and Transpose Max[ 1]=  7.645 Min[ 2]=  6.671 Avg=  7.158


********************************************************
[     0.0      1.0      2.0      3.0      4.0      5.0      6.0 ]
[     1.0  40000.0  40001.0  40002.0  40003.0  40004.0  40005.0 ]
[     1.0      1.0  79999.0  80000.0  80001.0  80002.0  80003.0 ]
[     1.0      1.0      1.0 119997.0 119998.0 119999.0 120000.0 ]
[     1.0      1.0      1.0      1.0 159994.0 159995.0 159996.0 ]
[     1.0      1.0      1.0      1.0      1.0 199990.0 199991.0 ]
[     1.0      1.0      1.0      1.0      1.0      1.0 239985.0 ]
***************************************************************

  3: Init and Transpose Max[ 1]=  7.645 Min[ 3]=  6.318 Avg=  6.878


********************************************************
[     0.0      1.0      2.0      3.0      4.0      5.0      6.0 ]
[     1.0  40000.0  40001.0  40002.0  40003.0  40004.0  40005.0 ]
[     1.0      1.0  79999.0  80000.0  80001.0  80002.0  80003.0 ]
[     1.0      1.0      1.0 119997.0 119998.0 119999.0 120000.0 ]
[     1.0      1.0      1.0      1.0 159994.0 159995.0 159996.0 ]
[     1.0      1.0      1.0      1.0      1.0 199990.0 199991.0 ]
[     1.0      1.0      1.0      1.0      1.0      1.0 239985.0 ]
***************************************************************

  4: Init and Transpose Max[ 1]=  7.645 Min[ 3]=  6.318 Avg=  6.742


********************************************************
[     0.0      1.0      2.0      3.0      4.0      5.0      6.0 ]
[     1.0  40000.0  40001.0  40002.0  40003.0  40004.0  40005.0 ]
[     1.0      1.0  79999.0  80000.0  80001.0  80002.0  80003.0 ]
[     1.0      1.0      1.0 119997.0 119998.0 119999.0 120000.0 ]
[     1.0      1.0      1.0      1.0 159994.0 159995.0 159996.0 ]
[     1.0      1.0      1.0      1.0      1.0 199990.0 199991.0 ]
[     1.0      1.0      1.0      1.0      1.0      1.0 239985.0 ]
***************************************************************

  5: Init and Transpose Max[ 1]=  7.645 Min[ 3]=  6.318 Avg=  6.664


********************************************************
[     0.0      1.0      2.0      3.0      4.0      5.0      6.0 ]
[     1.0  40000.0  40001.0  40002.0  40003.0  40004.0  40005.0 ]
[     1.0      1.0  79999.0  80000.0  80001.0  80002.0  80003.0 ]
[     1.0      1.0      1.0 119997.0 119998.0 119999.0 120000.0 ]
[     1.0      1.0      1.0      1.0 159994.0 159995.0 159996.0 ]
[     1.0      1.0      1.0      1.0      1.0 199990.0 199991.0 ]
[     1.0      1.0      1.0      1.0      1.0      1.0 239985.0 ]
***************************************************************

  6: Init and Transpose Max[ 1]=  7.645 Min[ 3]=  6.318 Avg=  6.717


********************************************************
[     0.0      1.0      2.0      3.0      4.0      5.0      6.0 ]
[     1.0  40000.0  40001.0  40002.0  40003.0  40004.0  40005.0 ]
[     1.0      1.0  79999.0  80000.0  80001.0  80002.0  80003.0 ]
[     1.0      1.0      1.0 119997.0 119998.0 119999.0 120000.0 ]
[     1.0      1.0      1.0      1.0 159994.0 159995.0 159996.0 ]
[     1.0      1.0      1.0      1.0      1.0 199990.0 199991.0 ]
[     1.0      1.0      1.0      1.0      1.0      1.0 239985.0 ]
***************************************************************

  7: Init and Transpose Max[ 1]=  7.645 Min[ 3]=  6.318 Avg=  6.698


********************************************************
[     0.0      1.0      2.0      3.0      4.0      5.0      6.0 ]
[     1.0  40000.0  40001.0  40002.0  40003.0  40004.0  40005.0 ]
[     1.0      1.0  79999.0  80000.0  80001.0  80002.0  80003.0 ]
[     1.0      1.0      1.0 119997.0 119998.0 119999.0 120000.0 ]
[     1.0      1.0      1.0      1.0 159994.0 159995.0 159996.0 ]
[     1.0      1.0      1.0      1.0      1.0 199990.0 199991.0 ]
[     1.0      1.0      1.0      1.0      1.0      1.0 239985.0 ]
***************************************************************

Be patient! Initializing and Transposing............

  1: Init and Transpose Max[ 1]=  7.886 Min[ 1]=  7.886 Avg=  7.886


********************************************************
[     0.0      1.0      2.0      3.0      4.0      5.0      6.0 ]
[     1.0  40000.0  40001.0  40002.0  40003.0  40004.0  40005.0 ]
[     1.0      1.0  79999.0  80000.0  80001.0  80002.0  80003.0 ]
[     1.0      1.0      1.0 119997.0 119998.0 119999.0 120000.0 ]
[     1.0      1.0      1.0      1.0 159994.0 159995.0 159996.0 ]
[     1.0      1.0      1.0      1.0      1.0 199990.0 199991.0 ]
[     1.0      1.0      1.0      1.0      1.0      1.0 239985.0 ]
***************************************************************

  2: Init and Transpose Max[ 1]=  7.886 Min[ 2]=  6.296 Avg=  7.091


********************************************************
[     0.0      1.0      2.0      3.0      4.0      5.0      6.0 ]
[     1.0  40000.0  40001.0  40002.0  40003.0  40004.0  40005.0 ]
[     1.0      1.0  79999.0  80000.0  80001.0  80002.0  80003.0 ]
[     1.0      1.0      1.0 119997.0 119998.0 119999.0 120000.0 ]
[     1.0      1.0      1.0      1.0 159994.0 159995.0 159996.0 ]
[     1.0      1.0      1.0      1.0      1.0 199990.0 199991.0 ]
[     1.0      1.0      1.0      1.0      1.0      1.0 239985.0 ]
***************************************************************

  3: Init and Transpose Max[ 1]=  7.886 Min[ 3]=  6.153 Avg=  6.779


********************************************************
[     0.0      1.0      2.0      3.0      4.0      5.0      6.0 ]
[     1.0  40000.0  40001.0  40002.0  40003.0  40004.0  40005.0 ]
[     1.0      1.0  79999.0  80000.0  80001.0  80002.0  80003.0 ]
[     1.0      1.0      1.0 119997.0 119998.0 119999.0 120000.0 ]
[     1.0      1.0      1.0      1.0 159994.0 159995.0 159996.0 ]
[     1.0      1.0      1.0      1.0      1.0 199990.0 199991.0 ]
[     1.0      1.0      1.0      1.0      1.0      1.0 239985.0 ]
***************************************************************

  4: Init and Transpose Max[ 1]=  7.886 Min[ 3]=  6.153 Avg=  6.718


********************************************************
[     0.0      1.0      2.0      3.0      4.0      5.0      6.0 ]
[     1.0  40000.0  40001.0  40002.0  40003.0  40004.0  40005.0 ]
[     1.0      1.0  79999.0  80000.0  80001.0  80002.0  80003.0 ]
[     1.0      1.0      1.0 119997.0 119998.0 119999.0 120000.0 ]
[     1.0      1.0      1.0      1.0 159994.0 159995.0 159996.0 ]
[     1.0      1.0      1.0      1.0      1.0 199990.0 199991.0 ]
[     1.0      1.0      1.0      1.0      1.0      1.0 239985.0 ]
***************************************************************

  5: Init and Transpose Max[ 1]=  7.886 Min[ 3]=  6.153 Avg=  6.710


********************************************************
[     0.0      1.0      2.0      3.0      4.0      5.0      6.0 ]
[     1.0  40000.0  40001.0  40002.0  40003.0  40004.0  40005.0 ]
[     1.0      1.0  79999.0  80000.0  80001.0  80002.0  80003.0 ]
[     1.0      1.0      1.0 119997.0 119998.0 119999.0 120000.0 ]
[     1.0      1.0      1.0      1.0 159994.0 159995.0 159996.0 ]
[     1.0      1.0      1.0      1.0      1.0 199990.0 199991.0 ]
[     1.0      1.0      1.0      1.0      1.0      1.0 239985.0 ]
***************************************************************

  6: Init and Transpose Max[ 1]=  7.886 Min[ 3]=  6.153 Avg=  6.665


********************************************************
[     0.0      1.0      2.0      3.0      4.0      5.0      6.0 ]
[     1.0  40000.0  40001.0  40002.0  40003.0  40004.0  40005.0 ]
[     1.0      1.0  79999.0  80000.0  80001.0  80002.0  80003.0 ]
[     1.0      1.0      1.0 119997.0 119998.0 119999.0 120000.0 ]
[     1.0      1.0      1.0      1.0 159994.0 159995.0 159996.0 ]
[     1.0      1.0      1.0      1.0      1.0 199990.0 199991.0 ]
[     1.0      1.0      1.0      1.0      1.0      1.0 239985.0 ]
***************************************************************

  7: Init and Transpose Max[ 1]=  7.886 Min[ 3]=  6.153 Avg=  6.606


********************************************************
[     0.0      1.0      2.0      3.0      4.0      5.0      6.0 ]
[     1.0  40000.0  40001.0  40002.0  40003.0  40004.0  40005.0 ]
[     1.0      1.0  79999.0  80000.0  80001.0  80002.0  80003.0 ]
[     1.0      1.0      1.0 119997.0 119998.0 119999.0 120000.0 ]
[     1.0      1.0      1.0      1.0 159994.0 159995.0 159996.0 ]
[     1.0      1.0      1.0      1.0      1.0 199990.0 199991.0 ]
[     1.0      1.0      1.0      1.0      1.0      1.0 239985.0 ]
***************************************************************

