Be patient! Initializing and Transposing............

  1: Init and Transpose Max[ 1]=  7.149 Min[ 1]=  7.149 Avg=  7.149


********************************************************
[     0.0      1.0      3.0      6.0     10.0     15.0     21.0 ]
[     1.0      2.0      4.0      7.0     11.0     16.0     22.0 ]
[     1.0      1.0      5.0      8.0     12.0     17.0     23.0 ]
[     1.0      1.0      1.0      9.0     13.0     18.0     24.0 ]
[     1.0      1.0      1.0      1.0     14.0     19.0     25.0 ]
[     1.0      1.0      1.0      1.0      1.0     20.0     26.0 ]
[     1.0      1.0      1.0      1.0      1.0      1.0     27.0 ]
***************************************************************

  2: Init and Transpose Max[ 1]=  7.149 Min[ 2]=  6.549 Avg=  6.849


********************************************************
[     0.0      1.0      3.0      6.0     10.0     15.0     21.0 ]
[     1.0      2.0      4.0      7.0     11.0     16.0     22.0 ]
[     1.0      1.0      5.0      8.0     12.0     17.0     23.0 ]
[     1.0      1.0      1.0      9.0     13.0     18.0     24.0 ]
[     1.0      1.0      1.0      1.0     14.0     19.0     25.0 ]
[     1.0      1.0      1.0      1.0      1.0     20.0     26.0 ]
[     1.0      1.0      1.0      1.0      1.0      1.0     27.0 ]
***************************************************************

  3: Init and Transpose Max[ 1]=  7.149 Min[ 3]=  6.183 Avg=  6.627


********************************************************
[     0.0      1.0      3.0      6.0     10.0     15.0     21.0 ]
[     1.0      2.0      4.0      7.0     11.0     16.0     22.0 ]
[     1.0      1.0      5.0      8.0     12.0     17.0     23.0 ]
[     1.0      1.0      1.0      9.0     13.0     18.0     24.0 ]
[     1.0      1.0      1.0      1.0     14.0     19.0     25.0 ]
[     1.0      1.0      1.0      1.0      1.0     20.0     26.0 ]
[     1.0      1.0      1.0      1.0      1.0      1.0     27.0 ]
***************************************************************

  4: Init and Transpose Max[ 1]=  7.149 Min[ 3]=  6.183 Avg=  6.647


********************************************************
[     0.0      1.0      3.0      6.0     10.0     15.0     21.0 ]
[     1.0      2.0      4.0      7.0     11.0     16.0     22.0 ]
[     1.0      1.0      5.0      8.0     12.0     17.0     23.0 ]
[     1.0      1.0      1.0      9.0     13.0     18.0     24.0 ]
[     1.0      1.0      1.0      1.0     14.0     19.0     25.0 ]
[     1.0      1.0      1.0      1.0      1.0     20.0     26.0 ]
[     1.0      1.0      1.0      1.0      1.0      1.0     27.0 ]
***************************************************************

  5: Init and Transpose Max[ 1]=  7.149 Min[ 3]=  6.183 Avg=  6.616


********************************************************
[     0.0      1.0      3.0      6.0     10.0     15.0     21.0 ]
[     1.0      2.0      4.0      7.0     11.0     16.0     22.0 ]
[     1.0      1.0      5.0      8.0     12.0     17.0     23.0 ]
[     1.0      1.0      1.0      9.0     13.0     18.0     24.0 ]
[     1.0      1.0      1.0      1.0     14.0     19.0     25.0 ]
[     1.0      1.0      1.0      1.0      1.0     20.0     26.0 ]
[     1.0      1.0      1.0      1.0      1.0      1.0     27.0 ]
***************************************************************

  6: Init and Transpose Max[ 1]=  7.149 Min[ 3]=  6.183 Avg=  6.566


********************************************************
[     0.0      1.0      3.0      6.0     10.0     15.0     21.0 ]
[     1.0      2.0      4.0      7.0     11.0     16.0     22.0 ]
[     1.0      1.0      5.0      8.0     12.0     17.0     23.0 ]
[     1.0      1.0      1.0      9.0     13.0     18.0     24.0 ]
[     1.0      1.0      1.0      1.0     14.0     19.0     25.0 ]
[     1.0      1.0      1.0      1.0      1.0     20.0     26.0 ]
[     1.0      1.0      1.0      1.0      1.0      1.0     27.0 ]
***************************************************************

  7: Init and Transpose Max[ 1]=  7.149 Min[ 3]=  6.183 Avg=  6.525


********************************************************
[     0.0      1.0      3.0      6.0     10.0     15.0     21.0 ]
[     1.0      2.0      4.0      7.0     11.0     16.0     22.0 ]
[     1.0      1.0      5.0      8.0     12.0     17.0     23.0 ]
[     1.0      1.0      1.0      9.0     13.0     18.0     24.0 ]
[     1.0      1.0      1.0      1.0     14.0     19.0     25.0 ]
[     1.0      1.0      1.0      1.0      1.0     20.0     26.0 ]
[     1.0      1.0      1.0      1.0      1.0      1.0     27.0 ]
***************************************************************

Be patient! Initializing and Transposing............

  1: Init and Transpose Max[ 1]=  7.343 Min[ 1]=  7.343 Avg=  7.343


********************************************************
[     0.0      1.0      3.0      6.0     10.0     15.0     21.0 ]
[     1.0      2.0      4.0      7.0     11.0     16.0     22.0 ]
[     1.0      1.0      5.0      8.0     12.0     17.0     23.0 ]
[     1.0      1.0      1.0      9.0     13.0     18.0     24.0 ]
[     1.0      1.0      1.0      1.0     14.0     19.0     25.0 ]
[     1.0      1.0      1.0      1.0      1.0     20.0     26.0 ]
[     1.0      1.0      1.0      1.0      1.0      1.0     27.0 ]
***************************************************************

  2: Init and Transpose Max[ 1]=  7.343 Min[ 2]=  6.651 Avg=  6.997


********************************************************
[     0.0      1.0      3.0      6.0     10.0     15.0     21.0 ]
[     1.0      2.0      4.0      7.0     11.0     16.0     22.0 ]
[     1.0      1.0      5.0      8.0     12.0     17.0     23.0 ]
[     1.0      1.0      1.0      9.0     13.0     18.0     24.0 ]
[     1.0      1.0      1.0      1.0     14.0     19.0     25.0 ]
[     1.0      1.0      1.0      1.0      1.0     20.0     26.0 ]
[     1.0      1.0      1.0      1.0      1.0      1.0     27.0 ]
***************************************************************

  3: Init and Transpose Max[ 1]=  7.343 Min[ 3]=  5.990 Avg=  6.661


********************************************************
[     0.0      1.0      3.0      6.0     10.0     15.0     21.0 ]
[     1.0      2.0      4.0      7.0     11.0     16.0     22.0 ]
[     1.0      1.0      5.0      8.0     12.0     17.0     23.0 ]
[     1.0      1.0      1.0      9.0     13.0     18.0     24.0 ]
[     1.0      1.0      1.0      1.0     14.0     19.0     25.0 ]
[     1.0      1.0      1.0      1.0      1.0     20.0     26.0 ]
[     1.0      1.0      1.0      1.0      1.0      1.0     27.0 ]
***************************************************************

  4: Init and Transpose Max[ 1]=  7.343 Min[ 3]=  5.990 Avg=  6.546


********************************************************
[     0.0      1.0      3.0      6.0     10.0     15.0     21.0 ]
[     1.0      2.0      4.0      7.0     11.0     16.0     22.0 ]
[     1.0      1.0      5.0      8.0     12.0     17.0     23.0 ]
[     1.0      1.0      1.0      9.0     13.0     18.0     24.0 ]
[     1.0      1.0      1.0      1.0     14.0     19.0     25.0 ]
[     1.0      1.0      1.0      1.0      1.0     20.0     26.0 ]
[     1.0      1.0      1.0      1.0      1.0      1.0     27.0 ]
***************************************************************

  5: Init and Transpose Max[ 1]=  7.343 Min[ 3]=  5.990 Avg=  6.465


********************************************************
[     0.0      1.0      3.0      6.0     10.0     15.0     21.0 ]
[     1.0      2.0      4.0      7.0     11.0     16.0     22.0 ]
[     1.0      1.0      5.0      8.0     12.0     17.0     23.0 ]
[     1.0      1.0      1.0      9.0     13.0     18.0     24.0 ]
[     1.0      1.0      1.0      1.0     14.0     19.0     25.0 ]
[     1.0      1.0      1.0      1.0      1.0     20.0     26.0 ]
[     1.0      1.0      1.0      1.0      1.0      1.0     27.0 ]
***************************************************************

  6: Init and Transpose Max[ 1]=  7.343 Min[ 3]=  5.990 Avg=  6.443


********************************************************
[     0.0      1.0      3.0      6.0     10.0     15.0     21.0 ]
[     1.0      2.0      4.0      7.0     11.0     16.0     22.0 ]
[     1.0      1.0      5.0      8.0     12.0     17.0     23.0 ]
[     1.0      1.0      1.0      9.0     13.0     18.0     24.0 ]
[     1.0      1.0      1.0      1.0     14.0     19.0     25.0 ]
[     1.0      1.0      1.0      1.0      1.0     20.0     26.0 ]
[     1.0      1.0      1.0      1.0      1.0      1.0     27.0 ]
***************************************************************

  7: Init and Transpose Max[ 1]=  7.343 Min[ 3]=  5.990 Avg=  6.406


********************************************************
[     0.0      1.0      3.0      6.0     10.0     15.0     21.0 ]
[     1.0      2.0      4.0      7.0     11.0     16.0     22.0 ]
[     1.0      1.0      5.0      8.0     12.0     17.0     23.0 ]
[     1.0      1.0      1.0      9.0     13.0     18.0     24.0 ]
[     1.0      1.0      1.0      1.0     14.0     19.0     25.0 ]
[     1.0      1.0      1.0      1.0      1.0     20.0     26.0 ]
[     1.0      1.0      1.0      1.0      1.0      1.0     27.0 ]
***************************************************************

Be patient! Initializing and Transposing............

  1: Init and Transpose Max[ 1]=  7.870 Min[ 1]=  7.870 Avg=  7.870


********************************************************
[     0.0      1.0      3.0      6.0     10.0     15.0     21.0 ]
[     1.0      2.0      4.0      7.0     11.0     16.0     22.0 ]
[     1.0      1.0      5.0      8.0     12.0     17.0     23.0 ]
[     1.0      1.0      1.0      9.0     13.0     18.0     24.0 ]
[     1.0      1.0      1.0      1.0     14.0     19.0     25.0 ]
[     1.0      1.0      1.0      1.0      1.0     20.0     26.0 ]
[     1.0      1.0      1.0      1.0      1.0      1.0     27.0 ]
***************************************************************

  2: Init and Transpose Max[ 1]=  7.870 Min[ 2]=  6.200 Avg=  7.035


********************************************************
[     0.0      1.0      3.0      6.0     10.0     15.0     21.0 ]
[     1.0      2.0      4.0      7.0     11.0     16.0     22.0 ]
[     1.0      1.0      5.0      8.0     12.0     17.0     23.0 ]
[     1.0      1.0      1.0      9.0     13.0     18.0     24.0 ]
[     1.0      1.0      1.0      1.0     14.0     19.0     25.0 ]
[     1.0      1.0      1.0      1.0      1.0     20.0     26.0 ]
[     1.0      1.0      1.0      1.0      1.0      1.0     27.0 ]
***************************************************************

  3: Init and Transpose Max[ 1]=  7.870 Min[ 3]=  5.966 Avg=  6.679


********************************************************
[     0.0      1.0      3.0      6.0     10.0     15.0     21.0 ]
[     1.0      2.0      4.0      7.0     11.0     16.0     22.0 ]
[     1.0      1.0      5.0      8.0     12.0     17.0     23.0 ]
[     1.0      1.0      1.0      9.0     13.0     18.0     24.0 ]
[     1.0      1.0      1.0      1.0     14.0     19.0     25.0 ]
[     1.0      1.0      1.0      1.0      1.0     20.0     26.0 ]
[     1.0      1.0      1.0      1.0      1.0      1.0     27.0 ]
***************************************************************

  4: Init and Transpose Max[ 1]=  7.870 Min[ 3]=  5.966 Avg=  6.590


********************************************************
[     0.0      1.0      3.0      6.0     10.0     15.0     21.0 ]
[     1.0      2.0      4.0      7.0     11.0     16.0     22.0 ]
[     1.0      1.0      5.0      8.0     12.0     17.0     23.0 ]
[     1.0      1.0      1.0      9.0     13.0     18.0     24.0 ]
[     1.0      1.0      1.0      1.0     14.0     19.0     25.0 ]
[     1.0      1.0      1.0      1.0      1.0     20.0     26.0 ]
[     1.0      1.0      1.0      1.0      1.0      1.0     27.0 ]
***************************************************************

  5: Init and Transpose Max[ 1]=  7.870 Min[ 3]=  5.966 Avg=  6.499


********************************************************
[     0.0      1.0      3.0      6.0     10.0     15.0     21.0 ]
[     1.0      2.0      4.0      7.0     11.0     16.0     22.0 ]
[     1.0      1.0      5.0      8.0     12.0     17.0     23.0 ]
[     1.0      1.0      1.0      9.0     13.0     18.0     24.0 ]
[     1.0      1.0      1.0      1.0     14.0     19.0     25.0 ]
[     1.0      1.0      1.0      1.0      1.0     20.0     26.0 ]
[     1.0      1.0      1.0      1.0      1.0      1.0     27.0 ]
***************************************************************

  6: Init and Transpose Max[ 1]=  7.870 Min[ 6]=  5.911 Avg=  6.401


********************************************************
[     0.0      1.0      3.0      6.0     10.0     15.0     21.0 ]
[     1.0      2.0      4.0      7.0     11.0     16.0     22.0 ]
[     1.0      1.0      5.0      8.0     12.0     17.0     23.0 ]
[     1.0      1.0      1.0      9.0     13.0     18.0     24.0 ]
[     1.0      1.0      1.0      1.0     14.0     19.0     25.0 ]
[     1.0      1.0      1.0      1.0      1.0     20.0     26.0 ]
[     1.0      1.0      1.0      1.0      1.0      1.0     27.0 ]
***************************************************************

  7: Init and Transpose Max[ 1]=  7.870 Min[ 6]=  5.911 Avg=  6.344


********************************************************
[     0.0      1.0      3.0      6.0     10.0     15.0     21.0 ]
[     1.0      2.0      4.0      7.0     11.0     16.0     22.0 ]
[     1.0      1.0      5.0      8.0     12.0     17.0     23.0 ]
[     1.0      1.0      1.0      9.0     13.0     18.0     24.0 ]
[     1.0      1.0      1.0      1.0     14.0     19.0     25.0 ]
[     1.0      1.0      1.0      1.0      1.0     20.0     26.0 ]
[     1.0      1.0      1.0      1.0      1.0      1.0     27.0 ]
***************************************************************

Be patient! Initializing and Transposing............

  1: Init and Transpose Max[ 1]=  7.566 Min[ 1]=  7.566 Avg=  7.566


********************************************************
[     0.0      1.0      3.0      6.0     10.0     15.0     21.0 ]
[     1.0      2.0      4.0      7.0     11.0     16.0     22.0 ]
[     1.0      1.0      5.0      8.0     12.0     17.0     23.0 ]
[     1.0      1.0      1.0      9.0     13.0     18.0     24.0 ]
[     1.0      1.0      1.0      1.0     14.0     19.0     25.0 ]
[     1.0      1.0      1.0      1.0      1.0     20.0     26.0 ]
[     1.0      1.0      1.0      1.0      1.0      1.0     27.0 ]
***************************************************************

  2: Init and Transpose Max[ 1]=  7.566 Min[ 2]=  6.538 Avg=  7.052


********************************************************
[     0.0      1.0      3.0      6.0     10.0     15.0     21.0 ]
[     1.0      2.0      4.0      7.0     11.0     16.0     22.0 ]
[     1.0      1.0      5.0      8.0     12.0     17.0     23.0 ]
[     1.0      1.0      1.0      9.0     13.0     18.0     24.0 ]
[     1.0      1.0      1.0      1.0     14.0     19.0     25.0 ]
[     1.0      1.0      1.0      1.0      1.0     20.0     26.0 ]
[     1.0      1.0      1.0      1.0      1.0      1.0     27.0 ]
***************************************************************

  3: Init and Transpose Max[ 1]=  7.566 Min[ 3]=  6.309 Avg=  6.804


********************************************************
[     0.0      1.0      3.0      6.0     10.0     15.0     21.0 ]
[     1.0      2.0      4.0      7.0     11.0     16.0     22.0 ]
[     1.0      1.0      5.0      8.0     12.0     17.0     23.0 ]
[     1.0      1.0      1.0      9.0     13.0     18.0     24.0 ]
[     1.0      1.0      1.0      1.0     14.0     19.0     25.0 ]
[     1.0      1.0      1.0      1.0      1.0     20.0     26.0 ]
[     1.0      1.0      1.0      1.0      1.0      1.0     27.0 ]
***************************************************************

  4: Init and Transpose Max[ 1]=  7.566 Min[ 3]=  6.309 Avg=  6.825


********************************************************
[     0.0      1.0      3.0      6.0     10.0     15.0     21.0 ]
[     1.0      2.0      4.0      7.0     11.0     16.0     22.0 ]
[     1.0      1.0      5.0      8.0     12.0     17.0     23.0 ]
[     1.0      1.0      1.0      9.0     13.0     18.0     24.0 ]
[     1.0      1.0      1.0      1.0     14.0     19.0     25.0 ]
[     1.0      1.0      1.0      1.0      1.0     20.0     26.0 ]
[     1.0      1.0      1.0      1.0      1.0      1.0     27.0 ]
***************************************************************

  5: Init and Transpose Max[ 1]=  7.566 Min[ 3]=  6.309 Avg=  6.825


********************************************************
[     0.0      1.0      3.0      6.0     10.0     15.0     21.0 ]
[     1.0      2.0      4.0      7.0     11.0     16.0     22.0 ]
[     1.0      1.0      5.0      8.0     12.0     17.0     23.0 ]
[     1.0      1.0      1.0      9.0     13.0     18.0     24.0 ]
[     1.0      1.0      1.0      1.0     14.0     19.0     25.0 ]
[     1.0      1.0      1.0      1.0      1.0     20.0     26.0 ]
[     1.0      1.0      1.0      1.0      1.0      1.0     27.0 ]
***************************************************************

  6: Init and Transpose Max[ 1]=  7.566 Min[ 3]=  6.309 Avg=  6.758


********************************************************
[     0.0      1.0      3.0      6.0     10.0     15.0     21.0 ]
[     1.0      2.0      4.0      7.0     11.0     16.0     22.0 ]
[     1.0      1.0      5.0      8.0     12.0     17.0     23.0 ]
[     1.0      1.0      1.0      9.0     13.0     18.0     24.0 ]
[     1.0      1.0      1.0      1.0     14.0     19.0     25.0 ]
[     1.0      1.0      1.0      1.0      1.0     20.0     26.0 ]
[     1.0      1.0      1.0      1.0      1.0      1.0     27.0 ]
***************************************************************

  7: Init and Transpose Max[ 1]=  7.566 Min[ 3]=  6.309 Avg=  6.709


********************************************************
[     0.0      1.0      3.0      6.0     10.0     15.0     21.0 ]
[     1.0      2.0      4.0      7.0     11.0     16.0     22.0 ]
[     1.0      1.0      5.0      8.0     12.0     17.0     23.0 ]
[     1.0      1.0      1.0      9.0     13.0     18.0     24.0 ]
[     1.0      1.0      1.0      1.0     14.0     19.0     25.0 ]
[     1.0      1.0      1.0      1.0      1.0     20.0     26.0 ]
[     1.0      1.0      1.0      1.0      1.0      1.0     27.0 ]
***************************************************************

Be patient! Initializing and Transposing............

  1: Init and Transpose Max[ 1]=  7.443 Min[ 1]=  7.443 Avg=  7.443


********************************************************
[     0.0      1.0      3.0      6.0     10.0     15.0     21.0 ]
[     1.0      2.0      4.0      7.0     11.0     16.0     22.0 ]
[     1.0      1.0      5.0      8.0     12.0     17.0     23.0 ]
[     1.0      1.0      1.0      9.0     13.0     18.0     24.0 ]
[     1.0      1.0      1.0      1.0     14.0     19.0     25.0 ]
[     1.0      1.0      1.0      1.0      1.0     20.0     26.0 ]
[     1.0      1.0      1.0      1.0      1.0      1.0     27.0 ]
***************************************************************

  2: Init and Transpose Max[ 1]=  7.443 Min[ 2]=  6.363 Avg=  6.903


********************************************************
[     0.0      1.0      3.0      6.0     10.0     15.0     21.0 ]
[     1.0      2.0      4.0      7.0     11.0     16.0     22.0 ]
[     1.0      1.0      5.0      8.0     12.0     17.0     23.0 ]
[     1.0      1.0      1.0      9.0     13.0     18.0     24.0 ]
[     1.0      1.0      1.0      1.0     14.0     19.0     25.0 ]
[     1.0      1.0      1.0      1.0      1.0     20.0     26.0 ]
[     1.0      1.0      1.0      1.0      1.0      1.0     27.0 ]
***************************************************************

  3: Init and Transpose Max[ 1]=  7.443 Min[ 3]=  6.028 Avg=  6.611


********************************************************
[     0.0      1.0      3.0      6.0     10.0     15.0     21.0 ]
[     1.0      2.0      4.0      7.0     11.0     16.0     22.0 ]
[     1.0      1.0      5.0      8.0     12.0     17.0     23.0 ]
[     1.0      1.0      1.0      9.0     13.0     18.0     24.0 ]
[     1.0      1.0      1.0      1.0     14.0     19.0     25.0 ]
[     1.0      1.0      1.0      1.0      1.0     20.0     26.0 ]
[     1.0      1.0      1.0      1.0      1.0      1.0     27.0 ]
***************************************************************

  4: Init and Transpose Max[ 1]=  7.443 Min[ 3]=  6.028 Avg=  6.540


********************************************************
[     0.0      1.0      3.0      6.0     10.0     15.0     21.0 ]
[     1.0      2.0      4.0      7.0     11.0     16.0     22.0 ]
[     1.0      1.0      5.0      8.0     12.0     17.0     23.0 ]
[     1.0      1.0      1.0      9.0     13.0     18.0     24.0 ]
[     1.0      1.0      1.0      1.0     14.0     19.0     25.0 ]
[     1.0      1.0      1.0      1.0      1.0     20.0     26.0 ]
[     1.0      1.0      1.0      1.0      1.0      1.0     27.0 ]
***************************************************************

  5: Init and Transpose Max[ 1]=  7.443 Min[ 5]=  6.011 Avg=  6.434


********************************************************
[     0.0      1.0      3.0      6.0     10.0     15.0     21.0 ]
[     1.0      2.0      4.0      7.0     11.0     16.0     22.0 ]
[     1.0      1.0      5.0      8.0     12.0     17.0     23.0 ]
[     1.0      1.0      1.0      9.0     13.0     18.0     24.0 ]
[     1.0      1.0      1.0      1.0     14.0     19.0     25.0 ]
[     1.0      1.0      1.0      1.0      1.0     20.0     26.0 ]
[     1.0      1.0      1.0      1.0      1.0      1.0     27.0 ]
***************************************************************

  6: Init and Transpose Max[ 1]=  7.443 Min[ 5]=  6.011 Avg=  6.403


********************************************************
[     0.0      1.0      3.0      6.0     10.0     15.0     21.0 ]
[     1.0      2.0      4.0      7.0     11.0     16.0     22.0 ]
[     1.0      1.0      5.0      8.0     12.0     17.0     23.0 ]
[     1.0      1.0      1.0      9.0     13.0     18.0     24.0 ]
[     1.0      1.0      1.0      1.0     14.0     19.0     25.0 ]
[     1.0      1.0      1.0      1.0      1.0     20.0     26.0 ]
[     1.0      1.0      1.0      1.0      1.0      1.0     27.0 ]
***************************************************************

  7: Init and Transpose Max[ 1]=  7.443 Min[ 5]=  6.011 Avg=  6.351


********************************************************
[     0.0      1.0      3.0      6.0     10.0     15.0     21.0 ]
[     1.0      2.0      4.0      7.0     11.0     16.0     22.0 ]
[     1.0      1.0      5.0      8.0     12.0     17.0     23.0 ]
[     1.0      1.0      1.0      9.0     13.0     18.0     24.0 ]
[     1.0      1.0      1.0      1.0     14.0     19.0     25.0 ]
[     1.0      1.0      1.0      1.0      1.0     20.0     26.0 ]
[     1.0      1.0      1.0      1.0      1.0      1.0     27.0 ]
***************************************************************

