Be patient! Initializing............

  1: Rowwise    Max[ 1]=  8.436 Min[ 1]=  8.436 Avg=  8.436
     Columnwise Max[ 1]= 34.547 Min[ 1]= 34.547 Avg= 34.547



********************************************************
[     0.0      1.0      1.0      1.0      1.0      1.0      1.0 ]
[     1.0  40000.0      1.0      1.0      1.0      1.0      1.0 ]
[     2.0  40001.0  79999.0      1.0      1.0      1.0      1.0 ]
[     3.0  40002.0  80000.0 119997.0      1.0      1.0      1.0 ]
[     4.0  40003.0  80001.0 119998.0 159994.0      1.0      1.0 ]
[     5.0  40004.0  80002.0 119999.0 159995.0 199990.0      1.0 ]
[     6.0  40005.0  80003.0 120000.0 159996.0 199991.0 239985.0 ]
***************************************************************

  2: Rowwise    Max[ 1]=  8.436 Min[ 2]=  5.422 Avg=  6.929
     Columnwise Max[ 1]= 34.547 Min[ 2]= 33.957 Avg= 34.252



********************************************************
[     0.0      1.0      1.0      1.0      1.0      1.0      1.0 ]
[     1.0  40000.0      1.0      1.0      1.0      1.0      1.0 ]
[     2.0  40001.0  79999.0      1.0      1.0      1.0      1.0 ]
[     3.0  40002.0  80000.0 119997.0      1.0      1.0      1.0 ]
[     4.0  40003.0  80001.0 119998.0 159994.0      1.0      1.0 ]
[     5.0  40004.0  80002.0 119999.0 159995.0 199990.0      1.0 ]
[     6.0  40005.0  80003.0 120000.0 159996.0 199991.0 239985.0 ]
***************************************************************

  3: Rowwise    Max[ 1]=  8.436 Min[ 2]=  5.422 Avg=  6.437
     Columnwise Max[ 1]= 34.547 Min[ 3]= 33.145 Avg= 33.883



********************************************************
[     0.0      1.0      1.0      1.0      1.0      1.0      1.0 ]
[     1.0  40000.0      1.0      1.0      1.0      1.0      1.0 ]
[     2.0  40001.0  79999.0      1.0      1.0      1.0      1.0 ]
[     3.0  40002.0  80000.0 119997.0      1.0      1.0      1.0 ]
[     4.0  40003.0  80001.0 119998.0 159994.0      1.0      1.0 ]
[     5.0  40004.0  80002.0 119999.0 159995.0 199990.0      1.0 ]
[     6.0  40005.0  80003.0 120000.0 159996.0 199991.0 239985.0 ]
***************************************************************

  4: Rowwise    Max[ 1]=  8.436 Min[ 4]=  4.905 Avg=  6.054
     Columnwise Max[ 1]= 34.547 Min[ 3]= 33.145 Avg= 33.856



********************************************************
[     0.0      1.0      1.0      1.0      1.0      1.0      1.0 ]
[     1.0  40000.0      1.0      1.0      1.0      1.0      1.0 ]
[     2.0  40001.0  79999.0      1.0      1.0      1.0      1.0 ]
[     3.0  40002.0  80000.0 119997.0      1.0      1.0      1.0 ]
[     4.0  40003.0  80001.0 119998.0 159994.0      1.0      1.0 ]
[     5.0  40004.0  80002.0 119999.0 159995.0 199990.0      1.0 ]
[     6.0  40005.0  80003.0 120000.0 159996.0 199991.0 239985.0 ]
***************************************************************

  5: Rowwise    Max[ 1]=  8.436 Min[ 5]=  4.718 Avg=  5.787
     Columnwise Max[ 1]= 34.547 Min[ 3]= 33.145 Avg= 33.806



********************************************************
[     0.0      1.0      1.0      1.0      1.0      1.0      1.0 ]
[     1.0  40000.0      1.0      1.0      1.0      1.0      1.0 ]
[     2.0  40001.0  79999.0      1.0      1.0      1.0      1.0 ]
[     3.0  40002.0  80000.0 119997.0      1.0      1.0      1.0 ]
[     4.0  40003.0  80001.0 119998.0 159994.0      1.0      1.0 ]
[     5.0  40004.0  80002.0 119999.0 159995.0 199990.0      1.0 ]
[     6.0  40005.0  80003.0 120000.0 159996.0 199991.0 239985.0 ]
***************************************************************

  6: Rowwise    Max[ 1]=  8.436 Min[ 5]=  4.718 Avg=  5.689
     Columnwise Max[ 6]= 37.360 Min[ 3]= 33.145 Avg= 34.398



********************************************************
[     0.0      1.0      1.0      1.0      1.0      1.0      1.0 ]
[     1.0  40000.0      1.0      1.0      1.0      1.0      1.0 ]
[     2.0  40001.0  79999.0      1.0      1.0      1.0      1.0 ]
[     3.0  40002.0  80000.0 119997.0      1.0      1.0      1.0 ]
[     4.0  40003.0  80001.0 119998.0 159994.0      1.0      1.0 ]
[     5.0  40004.0  80002.0 119999.0 159995.0 199990.0      1.0 ]
[     6.0  40005.0  80003.0 120000.0 159996.0 199991.0 239985.0 ]
***************************************************************

  7: Rowwise    Max[ 1]=  8.436 Min[ 5]=  4.718 Avg=  5.581
     Columnwise Max[ 7]= 38.755 Min[ 3]= 33.145 Avg= 35.020



********************************************************
[     0.0      1.0      1.0      1.0      1.0      1.0      1.0 ]
[     1.0  40000.0      1.0      1.0      1.0      1.0      1.0 ]
[     2.0  40001.0  79999.0      1.0      1.0      1.0      1.0 ]
[     3.0  40002.0  80000.0 119997.0      1.0      1.0      1.0 ]
[     4.0  40003.0  80001.0 119998.0 159994.0      1.0      1.0 ]
[     5.0  40004.0  80002.0 119999.0 159995.0 199990.0      1.0 ]
[     6.0  40005.0  80003.0 120000.0 159996.0 199991.0 239985.0 ]
***************************************************************

Be patient! Initializing............

  1: Rowwise    Max[ 1]=  8.265 Min[ 1]=  8.265 Avg=  8.265
     Columnwise Max[ 1]= 36.253 Min[ 1]= 36.253 Avg= 36.253



********************************************************
[     0.0      1.0      1.0      1.0      1.0      1.0      1.0 ]
[     1.0  40000.0      1.0      1.0      1.0      1.0      1.0 ]
[     2.0  40001.0  79999.0      1.0      1.0      1.0      1.0 ]
[     3.0  40002.0  80000.0 119997.0      1.0      1.0      1.0 ]
[     4.0  40003.0  80001.0 119998.0 159994.0      1.0      1.0 ]
[     5.0  40004.0  80002.0 119999.0 159995.0 199990.0      1.0 ]
[     6.0  40005.0  80003.0 120000.0 159996.0 199991.0 239985.0 ]
***************************************************************

  2: Rowwise    Max[ 1]=  8.265 Min[ 2]=  5.219 Avg=  6.742
     Columnwise Max[ 1]= 36.253 Min[ 2]= 35.845 Avg= 36.049



********************************************************
[     0.0      1.0      1.0      1.0      1.0      1.0      1.0 ]
[     1.0  40000.0      1.0      1.0      1.0      1.0      1.0 ]
[     2.0  40001.0  79999.0      1.0      1.0      1.0      1.0 ]
[     3.0  40002.0  80000.0 119997.0      1.0      1.0      1.0 ]
[     4.0  40003.0  80001.0 119998.0 159994.0      1.0      1.0 ]
[     5.0  40004.0  80002.0 119999.0 159995.0 199990.0      1.0 ]
[     6.0  40005.0  80003.0 120000.0 159996.0 199991.0 239985.0 ]
***************************************************************

  3: Rowwise    Max[ 1]=  8.265 Min[ 3]=  5.078 Avg=  6.188
     Columnwise Max[ 1]= 36.253 Min[ 3]= 35.444 Avg= 35.847



********************************************************
[     0.0      1.0      1.0      1.0      1.0      1.0      1.0 ]
[     1.0  40000.0      1.0      1.0      1.0      1.0      1.0 ]
[     2.0  40001.0  79999.0      1.0      1.0      1.0      1.0 ]
[     3.0  40002.0  80000.0 119997.0      1.0      1.0      1.0 ]
[     4.0  40003.0  80001.0 119998.0 159994.0      1.0      1.0 ]
[     5.0  40004.0  80002.0 119999.0 159995.0 199990.0      1.0 ]
[     6.0  40005.0  80003.0 120000.0 159996.0 199991.0 239985.0 ]
***************************************************************

  4: Rowwise    Max[ 1]=  8.265 Min[ 4]=  4.816 Avg=  5.845
     Columnwise Max[ 1]= 36.253 Min[ 3]= 35.444 Avg= 35.758



********************************************************
[     0.0      1.0      1.0      1.0      1.0      1.0      1.0 ]
[     1.0  40000.0      1.0      1.0      1.0      1.0      1.0 ]
[     2.0  40001.0  79999.0      1.0      1.0      1.0      1.0 ]
[     3.0  40002.0  80000.0 119997.0      1.0      1.0      1.0 ]
[     4.0  40003.0  80001.0 119998.0 159994.0      1.0      1.0 ]
[     5.0  40004.0  80002.0 119999.0 159995.0 199990.0      1.0 ]
[     6.0  40005.0  80003.0 120000.0 159996.0 199991.0 239985.0 ]
***************************************************************

  5: Rowwise    Max[ 1]=  8.265 Min[ 4]=  4.816 Avg=  5.643
     Columnwise Max[ 1]= 36.253 Min[ 5]= 35.293 Avg= 35.665



********************************************************
[     0.0      1.0      1.0      1.0      1.0      1.0      1.0 ]
[     1.0  40000.0      1.0      1.0      1.0      1.0      1.0 ]
[     2.0  40001.0  79999.0      1.0      1.0      1.0      1.0 ]
[     3.0  40002.0  80000.0 119997.0      1.0      1.0      1.0 ]
[     4.0  40003.0  80001.0 119998.0 159994.0      1.0      1.0 ]
[     5.0  40004.0  80002.0 119999.0 159995.0 199990.0      1.0 ]
[     6.0  40005.0  80003.0 120000.0 159996.0 199991.0 239985.0 ]
***************************************************************

  6: Rowwise    Max[ 1]=  8.265 Min[ 4]=  4.816 Avg=  5.532
     Columnwise Max[ 1]= 36.253 Min[ 5]= 35.293 Avg= 35.607



********************************************************
[     0.0      1.0      1.0      1.0      1.0      1.0      1.0 ]
[     1.0  40000.0      1.0      1.0      1.0      1.0      1.0 ]
[     2.0  40001.0  79999.0      1.0      1.0      1.0      1.0 ]
[     3.0  40002.0  80000.0 119997.0      1.0      1.0      1.0 ]
[     4.0  40003.0  80001.0 119998.0 159994.0      1.0      1.0 ]
[     5.0  40004.0  80002.0 119999.0 159995.0 199990.0      1.0 ]
[     6.0  40005.0  80003.0 120000.0 159996.0 199991.0 239985.0 ]
***************************************************************

  7: Rowwise    Max[ 1]=  8.265 Min[ 7]=  4.778 Avg=  5.425
     Columnwise Max[ 1]= 36.253 Min[ 5]= 35.293 Avg= 35.594



********************************************************
[     0.0      1.0      1.0      1.0      1.0      1.0      1.0 ]
[     1.0  40000.0      1.0      1.0      1.0      1.0      1.0 ]
[     2.0  40001.0  79999.0      1.0      1.0      1.0      1.0 ]
[     3.0  40002.0  80000.0 119997.0      1.0      1.0      1.0 ]
[     4.0  40003.0  80001.0 119998.0 159994.0      1.0      1.0 ]
[     5.0  40004.0  80002.0 119999.0 159995.0 199990.0      1.0 ]
[     6.0  40005.0  80003.0 120000.0 159996.0 199991.0 239985.0 ]
***************************************************************

Be patient! Initializing............

  1: Rowwise    Max[ 1]=  8.237 Min[ 1]=  8.237 Avg=  8.237
     Columnwise Max[ 1]= 36.240 Min[ 1]= 36.240 Avg= 36.240



********************************************************
[     0.0      1.0      1.0      1.0      1.0      1.0      1.0 ]
[     1.0  40000.0      1.0      1.0      1.0      1.0      1.0 ]
[     2.0  40001.0  79999.0      1.0      1.0      1.0      1.0 ]
[     3.0  40002.0  80000.0 119997.0      1.0      1.0      1.0 ]
[     4.0  40003.0  80001.0 119998.0 159994.0      1.0      1.0 ]
[     5.0  40004.0  80002.0 119999.0 159995.0 199990.0      1.0 ]
[     6.0  40005.0  80003.0 120000.0 159996.0 199991.0 239985.0 ]
***************************************************************

  2: Rowwise    Max[ 1]=  8.237 Min[ 2]=  5.213 Avg=  6.725
     Columnwise Max[ 1]= 36.240 Min[ 2]= 35.854 Avg= 36.047



********************************************************
[     0.0      1.0      1.0      1.0      1.0      1.0      1.0 ]
[     1.0  40000.0      1.0      1.0      1.0      1.0      1.0 ]
[     2.0  40001.0  79999.0      1.0      1.0      1.0      1.0 ]
[     3.0  40002.0  80000.0 119997.0      1.0      1.0      1.0 ]
[     4.0  40003.0  80001.0 119998.0 159994.0      1.0      1.0 ]
[     5.0  40004.0  80002.0 119999.0 159995.0 199990.0      1.0 ]
[     6.0  40005.0  80003.0 120000.0 159996.0 199991.0 239985.0 ]
***************************************************************

  3: Rowwise    Max[ 1]=  8.237 Min[ 3]=  5.079 Avg=  6.176
     Columnwise Max[ 1]= 36.240 Min[ 3]= 35.450 Avg= 35.848



********************************************************
[     0.0      1.0      1.0      1.0      1.0      1.0      1.0 ]
[     1.0  40000.0      1.0      1.0      1.0      1.0      1.0 ]
[     2.0  40001.0  79999.0      1.0      1.0      1.0      1.0 ]
[     3.0  40002.0  80000.0 119997.0      1.0      1.0      1.0 ]
[     4.0  40003.0  80001.0 119998.0 159994.0      1.0      1.0 ]
[     5.0  40004.0  80002.0 119999.0 159995.0 199990.0      1.0 ]
[     6.0  40005.0  80003.0 120000.0 159996.0 199991.0 239985.0 ]
***************************************************************

  4: Rowwise    Max[ 1]=  8.237 Min[ 4]=  4.817 Avg=  5.836
     Columnwise Max[ 1]= 36.240 Min[ 3]= 35.450 Avg= 35.759



********************************************************
[     0.0      1.0      1.0      1.0      1.0      1.0      1.0 ]
[     1.0  40000.0      1.0      1.0      1.0      1.0      1.0 ]
[     2.0  40001.0  79999.0      1.0      1.0      1.0      1.0 ]
[     3.0  40002.0  80000.0 119997.0      1.0      1.0      1.0 ]
[     4.0  40003.0  80001.0 119998.0 159994.0      1.0      1.0 ]
[     5.0  40004.0  80002.0 119999.0 159995.0 199990.0      1.0 ]
[     6.0  40005.0  80003.0 120000.0 159996.0 199991.0 239985.0 ]
***************************************************************

  5: Rowwise    Max[ 1]=  8.237 Min[ 4]=  4.817 Avg=  5.636
     Columnwise Max[ 1]= 36.240 Min[ 5]= 35.295 Avg= 35.666



********************************************************
[     0.0      1.0      1.0      1.0      1.0      1.0      1.0 ]
[     1.0  40000.0      1.0      1.0      1.0      1.0      1.0 ]
[     2.0  40001.0  79999.0      1.0      1.0      1.0      1.0 ]
[     3.0  40002.0  80000.0 119997.0      1.0      1.0      1.0 ]
[     4.0  40003.0  80001.0 119998.0 159994.0      1.0      1.0 ]
[     5.0  40004.0  80002.0 119999.0 159995.0 199990.0      1.0 ]
[     6.0  40005.0  80003.0 120000.0 159996.0 199991.0 239985.0 ]
***************************************************************

  6: Rowwise    Max[ 1]=  8.237 Min[ 4]=  4.817 Avg=  5.527
     Columnwise Max[ 1]= 36.240 Min[ 5]= 35.295 Avg= 35.606



********************************************************
[     0.0      1.0      1.0      1.0      1.0      1.0      1.0 ]
[     1.0  40000.0      1.0      1.0      1.0      1.0      1.0 ]
[     2.0  40001.0  79999.0      1.0      1.0      1.0      1.0 ]
[     3.0  40002.0  80000.0 119997.0      1.0      1.0      1.0 ]
[     4.0  40003.0  80001.0 119998.0 159994.0      1.0      1.0 ]
[     5.0  40004.0  80002.0 119999.0 159995.0 199990.0      1.0 ]
[     6.0  40005.0  80003.0 120000.0 159996.0 199991.0 239985.0 ]
***************************************************************

  7: Rowwise    Max[ 1]=  8.237 Min[ 7]=  4.778 Avg=  5.420
     Columnwise Max[ 1]= 36.240 Min[ 5]= 35.295 Avg= 35.593



********************************************************
[     0.0      1.0      1.0      1.0      1.0      1.0      1.0 ]
[     1.0  40000.0      1.0      1.0      1.0      1.0      1.0 ]
[     2.0  40001.0  79999.0      1.0      1.0      1.0      1.0 ]
[     3.0  40002.0  80000.0 119997.0      1.0      1.0      1.0 ]
[     4.0  40003.0  80001.0 119998.0 159994.0      1.0      1.0 ]
[     5.0  40004.0  80002.0 119999.0 159995.0 199990.0      1.0 ]
[     6.0  40005.0  80003.0 120000.0 159996.0 199991.0 239985.0 ]
***************************************************************

Be patient! Initializing............

  1: Rowwise    Max[ 1]=  8.038 Min[ 1]=  8.038 Avg=  8.038
     Columnwise Max[ 1]= 36.206 Min[ 1]= 36.206 Avg= 36.206



********************************************************
[     0.0      1.0      1.0      1.0      1.0      1.0      1.0 ]
[     1.0  40000.0      1.0      1.0      1.0      1.0      1.0 ]
[     2.0  40001.0  79999.0      1.0      1.0      1.0      1.0 ]
[     3.0  40002.0  80000.0 119997.0      1.0      1.0      1.0 ]
[     4.0  40003.0  80001.0 119998.0 159994.0      1.0      1.0 ]
[     5.0  40004.0  80002.0 119999.0 159995.0 199990.0      1.0 ]
[     6.0  40005.0  80003.0 120000.0 159996.0 199991.0 239985.0 ]
***************************************************************

  2: Rowwise    Max[ 1]=  8.038 Min[ 2]=  5.179 Avg=  6.609
     Columnwise Max[ 1]= 36.206 Min[ 2]= 35.827 Avg= 36.016



********************************************************
[     0.0      1.0      1.0      1.0      1.0      1.0      1.0 ]
[     1.0  40000.0      1.0      1.0      1.0      1.0      1.0 ]
[     2.0  40001.0  79999.0      1.0      1.0      1.0      1.0 ]
[     3.0  40002.0  80000.0 119997.0      1.0      1.0      1.0 ]
[     4.0  40003.0  80001.0 119998.0 159994.0      1.0      1.0 ]
[     5.0  40004.0  80002.0 119999.0 159995.0 199990.0      1.0 ]
[     6.0  40005.0  80003.0 120000.0 159996.0 199991.0 239985.0 ]
***************************************************************

  3: Rowwise    Max[ 1]=  8.038 Min[ 3]=  4.991 Avg=  6.070
     Columnwise Max[ 1]= 36.206 Min[ 3]= 35.528 Avg= 35.854



********************************************************
[     0.0      1.0      1.0      1.0      1.0      1.0      1.0 ]
[     1.0  40000.0      1.0      1.0      1.0      1.0      1.0 ]
[     2.0  40001.0  79999.0      1.0      1.0      1.0      1.0 ]
[     3.0  40002.0  80000.0 119997.0      1.0      1.0      1.0 ]
[     4.0  40003.0  80001.0 119998.0 159994.0      1.0      1.0 ]
[     5.0  40004.0  80002.0 119999.0 159995.0 199990.0      1.0 ]
[     6.0  40005.0  80003.0 120000.0 159996.0 199991.0 239985.0 ]
***************************************************************

  4: Rowwise    Max[ 1]=  8.038 Min[ 4]=  4.760 Avg=  5.742
     Columnwise Max[ 1]= 36.206 Min[ 4]= 35.508 Avg= 35.767



********************************************************
[     0.0      1.0      1.0      1.0      1.0      1.0      1.0 ]
[     1.0  40000.0      1.0      1.0      1.0      1.0      1.0 ]
[     2.0  40001.0  79999.0      1.0      1.0      1.0      1.0 ]
[     3.0  40002.0  80000.0 119997.0      1.0      1.0      1.0 ]
[     4.0  40003.0  80001.0 119998.0 159994.0      1.0      1.0 ]
[     5.0  40004.0  80002.0 119999.0 159995.0 199990.0      1.0 ]
[     6.0  40005.0  80003.0 120000.0 159996.0 199991.0 239985.0 ]
***************************************************************

  5: Rowwise    Max[ 1]=  8.038 Min[ 4]=  4.760 Avg=  5.588
     Columnwise Max[ 1]= 36.206 Min[ 5]= 35.153 Avg= 35.644



********************************************************
[     0.0      1.0      1.0      1.0      1.0      1.0      1.0 ]
[     1.0  40000.0      1.0      1.0      1.0      1.0      1.0 ]
[     2.0  40001.0  79999.0      1.0      1.0      1.0      1.0 ]
[     3.0  40002.0  80000.0 119997.0      1.0      1.0      1.0 ]
[     4.0  40003.0  80001.0 119998.0 159994.0      1.0      1.0 ]
[     5.0  40004.0  80002.0 119999.0 159995.0 199990.0      1.0 ]
[     6.0  40005.0  80003.0 120000.0 159996.0 199991.0 239985.0 ]
***************************************************************

  6: Rowwise    Max[ 1]=  8.038 Min[ 4]=  4.760 Avg=  5.478
     Columnwise Max[ 1]= 36.206 Min[ 5]= 35.153 Avg= 35.598



********************************************************
[     0.0      1.0      1.0      1.0      1.0      1.0      1.0 ]
[     1.0  40000.0      1.0      1.0      1.0      1.0      1.0 ]
[     2.0  40001.0  79999.0      1.0      1.0      1.0      1.0 ]
[     3.0  40002.0  80000.0 119997.0      1.0      1.0      1.0 ]
[     4.0  40003.0  80001.0 119998.0 159994.0      1.0      1.0 ]
[     5.0  40004.0  80002.0 119999.0 159995.0 199990.0      1.0 ]
[     6.0  40005.0  80003.0 120000.0 159996.0 199991.0 239985.0 ]
***************************************************************

  7: Rowwise    Max[ 1]=  8.038 Min[ 7]=  4.724 Avg=  5.371
     Columnwise Max[ 1]= 36.206 Min[ 5]= 35.153 Avg= 35.588



********************************************************
[     0.0      1.0      1.0      1.0      1.0      1.0      1.0 ]
[     1.0  40000.0      1.0      1.0      1.0      1.0      1.0 ]
[     2.0  40001.0  79999.0      1.0      1.0      1.0      1.0 ]
[     3.0  40002.0  80000.0 119997.0      1.0      1.0      1.0 ]
[     4.0  40003.0  80001.0 119998.0 159994.0      1.0      1.0 ]
[     5.0  40004.0  80002.0 119999.0 159995.0 199990.0      1.0 ]
[     6.0  40005.0  80003.0 120000.0 159996.0 199991.0 239985.0 ]
***************************************************************

Be patient! Initializing............

  1: Rowwise    Max[ 1]=  8.042 Min[ 1]=  8.042 Avg=  8.042
     Columnwise Max[ 1]= 36.209 Min[ 1]= 36.209 Avg= 36.209



********************************************************
[     0.0      1.0      1.0      1.0      1.0      1.0      1.0 ]
[     1.0  40000.0      1.0      1.0      1.0      1.0      1.0 ]
[     2.0  40001.0  79999.0      1.0      1.0      1.0      1.0 ]
[     3.0  40002.0  80000.0 119997.0      1.0      1.0      1.0 ]
[     4.0  40003.0  80001.0 119998.0 159994.0      1.0      1.0 ]
[     5.0  40004.0  80002.0 119999.0 159995.0 199990.0      1.0 ]
[     6.0  40005.0  80003.0 120000.0 159996.0 199991.0 239985.0 ]
***************************************************************

  2: Rowwise    Max[ 1]=  8.042 Min[ 2]=  5.177 Avg=  6.609
     Columnwise Max[ 1]= 36.209 Min[ 2]= 35.885 Avg= 36.047



********************************************************
[     0.0      1.0      1.0      1.0      1.0      1.0      1.0 ]
[     1.0  40000.0      1.0      1.0      1.0      1.0      1.0 ]
[     2.0  40001.0  79999.0      1.0      1.0      1.0      1.0 ]
[     3.0  40002.0  80000.0 119997.0      1.0      1.0      1.0 ]
[     4.0  40003.0  80001.0 119998.0 159994.0      1.0      1.0 ]
[     5.0  40004.0  80002.0 119999.0 159995.0 199990.0      1.0 ]
[     6.0  40005.0  80003.0 120000.0 159996.0 199991.0 239985.0 ]
***************************************************************

  3: Rowwise    Max[ 1]=  8.042 Min[ 3]=  5.018 Avg=  6.079
     Columnwise Max[ 1]= 36.209 Min[ 3]= 35.551 Avg= 35.882



********************************************************
[     0.0      1.0      1.0      1.0      1.0      1.0      1.0 ]
[     1.0  40000.0      1.0      1.0      1.0      1.0      1.0 ]
[     2.0  40001.0  79999.0      1.0      1.0      1.0      1.0 ]
[     3.0  40002.0  80000.0 119997.0      1.0      1.0      1.0 ]
[     4.0  40003.0  80001.0 119998.0 159994.0      1.0      1.0 ]
[     5.0  40004.0  80002.0 119999.0 159995.0 199990.0      1.0 ]
[     6.0  40005.0  80003.0 120000.0 159996.0 199991.0 239985.0 ]
***************************************************************

  4: Rowwise    Max[ 1]=  8.042 Min[ 4]=  4.771 Avg=  5.752
     Columnwise Max[ 1]= 36.209 Min[ 4]= 35.508 Avg= 35.788



********************************************************
[     0.0      1.0      1.0      1.0      1.0      1.0      1.0 ]
[     1.0  40000.0      1.0      1.0      1.0      1.0      1.0 ]
[     2.0  40001.0  79999.0      1.0      1.0      1.0      1.0 ]
[     3.0  40002.0  80000.0 119997.0      1.0      1.0      1.0 ]
[     4.0  40003.0  80001.0 119998.0 159994.0      1.0      1.0 ]
[     5.0  40004.0  80002.0 119999.0 159995.0 199990.0      1.0 ]
[     6.0  40005.0  80003.0 120000.0 159996.0 199991.0 239985.0 ]
***************************************************************

  5: Rowwise    Max[ 1]=  8.042 Min[ 4]=  4.771 Avg=  5.590
     Columnwise Max[ 1]= 36.209 Min[ 5]= 35.180 Avg= 35.667



********************************************************
[     0.0      1.0      1.0      1.0      1.0      1.0      1.0 ]
[     1.0  40000.0      1.0      1.0      1.0      1.0      1.0 ]
[     2.0  40001.0  79999.0      1.0      1.0      1.0      1.0 ]
[     3.0  40002.0  80000.0 119997.0      1.0      1.0      1.0 ]
[     4.0  40003.0  80001.0 119998.0 159994.0      1.0      1.0 ]
[     5.0  40004.0  80002.0 119999.0 159995.0 199990.0      1.0 ]
[     6.0  40005.0  80003.0 120000.0 159996.0 199991.0 239985.0 ]
***************************************************************

  6: Rowwise    Max[ 1]=  8.042 Min[ 4]=  4.771 Avg=  5.481
     Columnwise Max[ 1]= 36.209 Min[ 5]= 35.180 Avg= 35.616



********************************************************
[     0.0      1.0      1.0      1.0      1.0      1.0      1.0 ]
[     1.0  40000.0      1.0      1.0      1.0      1.0      1.0 ]
[     2.0  40001.0  79999.0      1.0      1.0      1.0      1.0 ]
[     3.0  40002.0  80000.0 119997.0      1.0      1.0      1.0 ]
[     4.0  40003.0  80001.0 119998.0 159994.0      1.0      1.0 ]
[     5.0  40004.0  80002.0 119999.0 159995.0 199990.0      1.0 ]
[     6.0  40005.0  80003.0 120000.0 159996.0 199991.0 239985.0 ]
***************************************************************

  7: Rowwise    Max[ 1]=  8.042 Min[ 7]=  4.740 Avg=  5.375
     Columnwise Max[ 1]= 36.209 Min[ 5]= 35.180 Avg= 35.601



********************************************************
[     0.0      1.0      1.0      1.0      1.0      1.0      1.0 ]
[     1.0  40000.0      1.0      1.0      1.0      1.0      1.0 ]
[     2.0  40001.0  79999.0      1.0      1.0      1.0      1.0 ]
[     3.0  40002.0  80000.0 119997.0      1.0      1.0      1.0 ]
[     4.0  40003.0  80001.0 119998.0 159994.0      1.0      1.0 ]
[     5.0  40004.0  80002.0 119999.0 159995.0 199990.0      1.0 ]
[     6.0  40005.0  80003.0 120000.0 159996.0 199991.0 239985.0 ]
***************************************************************