Be patient! Initializing and Transposing............

  1: Init and Transpose Max[ 1]=  5.645 Min[ 1]=  5.645 Avg=  5.645


********************************************************
[     0.0      1.0      2.0      3.0      4.0      5.0      6.0 ]
[     1.0  40000.0  40001.0  40002.0  40003.0  40004.0  40005.0 ]
[     1.0      1.0  79999.0  80000.0  80001.0  80002.0  80003.0 ]
[     1.0      1.0      1.0 119997.0 119998.0 119999.0 120000.0 ]
[     1.0      1.0      1.0      1.0 159994.0 159995.0 159996.0 ]
[     1.0      1.0      1.0      1.0      1.0 199990.0 199991.0 ]
[     1.0      1.0      1.0      1.0      1.0      1.0 239985.0 ]
***************************************************************

  2: Init and Transpose Max[ 1]=  5.645 Min[ 2]=  5.216 Avg=  5.431


********************************************************
[     0.0      1.0      2.0      3.0      4.0      5.0      6.0 ]
[     1.0  40000.0  40001.0  40002.0  40003.0  40004.0  40005.0 ]
[     1.0      1.0  79999.0  80000.0  80001.0  80002.0  80003.0 ]
[     1.0      1.0      1.0 119997.0 119998.0 119999.0 120000.0 ]
[     1.0      1.0      1.0      1.0 159994.0 159995.0 159996.0 ]
[     1.0      1.0      1.0      1.0      1.0 199990.0 199991.0 ]
[     1.0      1.0      1.0      1.0      1.0      1.0 239985.0 ]
***************************************************************

  3: Init and Transpose Max[ 1]=  5.645 Min[ 3]=  3.842 Avg=  4.901


********************************************************
[     0.0      1.0      2.0      3.0      4.0      5.0      6.0 ]
[     1.0  40000.0  40001.0  40002.0  40003.0  40004.0  40005.0 ]
[     1.0      1.0  79999.0  80000.0  80001.0  80002.0  80003.0 ]
[     1.0      1.0      1.0 119997.0 119998.0 119999.0 120000.0 ]
[     1.0      1.0      1.0      1.0 159994.0 159995.0 159996.0 ]
[     1.0      1.0      1.0      1.0      1.0 199990.0 199991.0 ]
[     1.0      1.0      1.0      1.0      1.0      1.0 239985.0 ]
***************************************************************

  4: Init and Transpose Max[ 1]=  5.645 Min[ 4]=  3.620 Avg=  4.581


********************************************************
[     0.0      1.0      2.0      3.0      4.0      5.0      6.0 ]
[     1.0  40000.0  40001.0  40002.0  40003.0  40004.0  40005.0 ]
[     1.0      1.0  79999.0  80000.0  80001.0  80002.0  80003.0 ]
[     1.0      1.0      1.0 119997.0 119998.0 119999.0 120000.0 ]
[     1.0      1.0      1.0      1.0 159994.0 159995.0 159996.0 ]
[     1.0      1.0      1.0      1.0      1.0 199990.0 199991.0 ]
[     1.0      1.0      1.0      1.0      1.0      1.0 239985.0 ]
***************************************************************

  5: Init and Transpose Max[ 1]=  5.645 Min[ 4]=  3.620 Avg=  4.405


********************************************************
[     0.0      1.0      2.0      3.0      4.0      5.0      6.0 ]
[     1.0  40000.0  40001.0  40002.0  40003.0  40004.0  40005.0 ]
[     1.0      1.0  79999.0  80000.0  80001.0  80002.0  80003.0 ]
[     1.0      1.0      1.0 119997.0 119998.0 119999.0 120000.0 ]
[     1.0      1.0      1.0      1.0 159994.0 159995.0 159996.0 ]
[     1.0      1.0      1.0      1.0      1.0 199990.0 199991.0 ]
[     1.0      1.0      1.0      1.0      1.0      1.0 239985.0 ]
***************************************************************

  6: Init and Transpose Max[ 1]=  5.645 Min[ 4]=  3.620 Avg=  4.316


********************************************************
[     0.0      1.0      2.0      3.0      4.0      5.0      6.0 ]
[     1.0  40000.0  40001.0  40002.0  40003.0  40004.0  40005.0 ]
[     1.0      1.0  79999.0  80000.0  80001.0  80002.0  80003.0 ]
[     1.0      1.0      1.0 119997.0 119998.0 119999.0 120000.0 ]
[     1.0      1.0      1.0      1.0 159994.0 159995.0 159996.0 ]
[     1.0      1.0      1.0      1.0      1.0 199990.0 199991.0 ]
[     1.0      1.0      1.0      1.0      1.0      1.0 239985.0 ]
***************************************************************

  7: Init and Transpose Max[ 1]=  5.645 Min[ 4]=  3.620 Avg=  4.272


********************************************************
[     0.0      1.0      2.0      3.0      4.0      5.0      6.0 ]
[     1.0  40000.0  40001.0  40002.0  40003.0  40004.0  40005.0 ]
[     1.0      1.0  79999.0  80000.0  80001.0  80002.0  80003.0 ]
[     1.0      1.0      1.0 119997.0 119998.0 119999.0 120000.0 ]
[     1.0      1.0      1.0      1.0 159994.0 159995.0 159996.0 ]
[     1.0      1.0      1.0      1.0      1.0 199990.0 199991.0 ]
[     1.0      1.0      1.0      1.0      1.0      1.0 239985.0 ]
***************************************************************

Be patient! Initializing and Transposing............

  1: Init and Transpose Max[ 1]=  5.040 Min[ 1]=  5.040 Avg=  5.040


********************************************************
[     0.0      1.0      2.0      3.0      4.0      5.0      6.0 ]
[     1.0  40000.0  40001.0  40002.0  40003.0  40004.0  40005.0 ]
[     1.0      1.0  79999.0  80000.0  80001.0  80002.0  80003.0 ]
[     1.0      1.0      1.0 119997.0 119998.0 119999.0 120000.0 ]
[     1.0      1.0      1.0      1.0 159994.0 159995.0 159996.0 ]
[     1.0      1.0      1.0      1.0      1.0 199990.0 199991.0 ]
[     1.0      1.0      1.0      1.0      1.0      1.0 239985.0 ]
***************************************************************

  2: Init and Transpose Max[ 2]=  5.195 Min[ 1]=  5.040 Avg=  5.118


********************************************************
[     0.0      1.0      2.0      3.0      4.0      5.0      6.0 ]
[     1.0  40000.0  40001.0  40002.0  40003.0  40004.0  40005.0 ]
[     1.0      1.0  79999.0  80000.0  80001.0  80002.0  80003.0 ]
[     1.0      1.0      1.0 119997.0 119998.0 119999.0 120000.0 ]
[     1.0      1.0      1.0      1.0 159994.0 159995.0 159996.0 ]
[     1.0      1.0      1.0      1.0      1.0 199990.0 199991.0 ]
[     1.0      1.0      1.0      1.0      1.0      1.0 239985.0 ]
***************************************************************

  3: Init and Transpose Max[ 2]=  5.195 Min[ 3]=  3.910 Avg=  4.715


********************************************************
[     0.0      1.0      2.0      3.0      4.0      5.0      6.0 ]
[     1.0  40000.0  40001.0  40002.0  40003.0  40004.0  40005.0 ]
[     1.0      1.0  79999.0  80000.0  80001.0  80002.0  80003.0 ]
[     1.0      1.0      1.0 119997.0 119998.0 119999.0 120000.0 ]
[     1.0      1.0      1.0      1.0 159994.0 159995.0 159996.0 ]
[     1.0      1.0      1.0      1.0      1.0 199990.0 199991.0 ]
[     1.0      1.0      1.0      1.0      1.0      1.0 239985.0 ]
***************************************************************

  4: Init and Transpose Max[ 2]=  5.195 Min[ 4]=  3.756 Avg=  4.475


********************************************************
[     0.0      1.0      2.0      3.0      4.0      5.0      6.0 ]
[     1.0  40000.0  40001.0  40002.0  40003.0  40004.0  40005.0 ]
[     1.0      1.0  79999.0  80000.0  80001.0  80002.0  80003.0 ]
[     1.0      1.0      1.0 119997.0 119998.0 119999.0 120000.0 ]
[     1.0      1.0      1.0      1.0 159994.0 159995.0 159996.0 ]
[     1.0      1.0      1.0      1.0      1.0 199990.0 199991.0 ]
[     1.0      1.0      1.0      1.0      1.0      1.0 239985.0 ]
***************************************************************

  5: Init and Transpose Max[ 2]=  5.195 Min[ 5]=  3.611 Avg=  4.303


********************************************************
[     0.0      1.0      2.0      3.0      4.0      5.0      6.0 ]
[     1.0  40000.0  40001.0  40002.0  40003.0  40004.0  40005.0 ]
[     1.0      1.0  79999.0  80000.0  80001.0  80002.0  80003.0 ]
[     1.0      1.0      1.0 119997.0 119998.0 119999.0 120000.0 ]
[     1.0      1.0      1.0      1.0 159994.0 159995.0 159996.0 ]
[     1.0      1.0      1.0      1.0      1.0 199990.0 199991.0 ]
[     1.0      1.0      1.0      1.0      1.0      1.0 239985.0 ]
***************************************************************

  6: Init and Transpose Max[ 2]=  5.195 Min[ 5]=  3.611 Avg=  4.244


********************************************************
[     0.0      1.0      2.0      3.0      4.0      5.0      6.0 ]
[     1.0  40000.0  40001.0  40002.0  40003.0  40004.0  40005.0 ]
[     1.0      1.0  79999.0  80000.0  80001.0  80002.0  80003.0 ]
[     1.0      1.0      1.0 119997.0 119998.0 119999.0 120000.0 ]
[     1.0      1.0      1.0      1.0 159994.0 159995.0 159996.0 ]
[     1.0      1.0      1.0      1.0      1.0 199990.0 199991.0 ]
[     1.0      1.0      1.0      1.0      1.0      1.0 239985.0 ]
***************************************************************

  7: Init and Transpose Max[ 2]=  5.195 Min[ 7]=  3.540 Avg=  4.144


********************************************************
[     0.0      1.0      2.0      3.0      4.0      5.0      6.0 ]
[     1.0  40000.0  40001.0  40002.0  40003.0  40004.0  40005.0 ]
[     1.0      1.0  79999.0  80000.0  80001.0  80002.0  80003.0 ]
[     1.0      1.0      1.0 119997.0 119998.0 119999.0 120000.0 ]
[     1.0      1.0      1.0      1.0 159994.0 159995.0 159996.0 ]
[     1.0      1.0      1.0      1.0      1.0 199990.0 199991.0 ]
[     1.0      1.0      1.0      1.0      1.0      1.0 239985.0 ]
***************************************************************

Be patient! Initializing and Transposing............

  1: Init and Transpose Max[ 1]=  4.861 Min[ 1]=  4.861 Avg=  4.861


********************************************************
[     0.0      1.0      2.0      3.0      4.0      5.0      6.0 ]
[     1.0  40000.0  40001.0  40002.0  40003.0  40004.0  40005.0 ]
[     1.0      1.0  79999.0  80000.0  80001.0  80002.0  80003.0 ]
[     1.0      1.0      1.0 119997.0 119998.0 119999.0 120000.0 ]
[     1.0      1.0      1.0      1.0 159994.0 159995.0 159996.0 ]
[     1.0      1.0      1.0      1.0      1.0 199990.0 199991.0 ]
[     1.0      1.0      1.0      1.0      1.0      1.0 239985.0 ]
***************************************************************

  2: Init and Transpose Max[ 2]=  5.006 Min[ 1]=  4.861 Avg=  4.934


********************************************************
[     0.0      1.0      2.0      3.0      4.0      5.0      6.0 ]
[     1.0  40000.0  40001.0  40002.0  40003.0  40004.0  40005.0 ]
[     1.0      1.0  79999.0  80000.0  80001.0  80002.0  80003.0 ]
[     1.0      1.0      1.0 119997.0 119998.0 119999.0 120000.0 ]
[     1.0      1.0      1.0      1.0 159994.0 159995.0 159996.0 ]
[     1.0      1.0      1.0      1.0      1.0 199990.0 199991.0 ]
[     1.0      1.0      1.0      1.0      1.0      1.0 239985.0 ]
***************************************************************

  3: Init and Transpose Max[ 2]=  5.006 Min[ 3]=  4.150 Avg=  4.672


********************************************************
[     0.0      1.0      2.0      3.0      4.0      5.0      6.0 ]
[     1.0  40000.0  40001.0  40002.0  40003.0  40004.0  40005.0 ]
[     1.0      1.0  79999.0  80000.0  80001.0  80002.0  80003.0 ]
[     1.0      1.0      1.0 119997.0 119998.0 119999.0 120000.0 ]
[     1.0      1.0      1.0      1.0 159994.0 159995.0 159996.0 ]
[     1.0      1.0      1.0      1.0      1.0 199990.0 199991.0 ]
[     1.0      1.0      1.0      1.0      1.0      1.0 239985.0 ]
***************************************************************

  4: Init and Transpose Max[ 2]=  5.006 Min[ 4]=  3.653 Avg=  4.418


********************************************************
[     0.0      1.0      2.0      3.0      4.0      5.0      6.0 ]
[     1.0  40000.0  40001.0  40002.0  40003.0  40004.0  40005.0 ]
[     1.0      1.0  79999.0  80000.0  80001.0  80002.0  80003.0 ]
[     1.0      1.0      1.0 119997.0 119998.0 119999.0 120000.0 ]
[     1.0      1.0      1.0      1.0 159994.0 159995.0 159996.0 ]
[     1.0      1.0      1.0      1.0      1.0 199990.0 199991.0 ]
[     1.0      1.0      1.0      1.0      1.0      1.0 239985.0 ]
***************************************************************

  5: Init and Transpose Max[ 2]=  5.006 Min[ 4]=  3.653 Avg=  4.281


********************************************************
[     0.0      1.0      2.0      3.0      4.0      5.0      6.0 ]
[     1.0  40000.0  40001.0  40002.0  40003.0  40004.0  40005.0 ]
[     1.0      1.0  79999.0  80000.0  80001.0  80002.0  80003.0 ]
[     1.0      1.0      1.0 119997.0 119998.0 119999.0 120000.0 ]
[     1.0      1.0      1.0      1.0 159994.0 159995.0 159996.0 ]
[     1.0      1.0      1.0      1.0      1.0 199990.0 199991.0 ]
[     1.0      1.0      1.0      1.0      1.0      1.0 239985.0 ]
***************************************************************

  6: Init and Transpose Max[ 2]=  5.006 Min[ 4]=  3.653 Avg=  4.199


********************************************************
[     0.0      1.0      2.0      3.0      4.0      5.0      6.0 ]
[     1.0  40000.0  40001.0  40002.0  40003.0  40004.0  40005.0 ]
[     1.0      1.0  79999.0  80000.0  80001.0  80002.0  80003.0 ]
[     1.0      1.0      1.0 119997.0 119998.0 119999.0 120000.0 ]
[     1.0      1.0      1.0      1.0 159994.0 159995.0 159996.0 ]
[     1.0      1.0      1.0      1.0      1.0 199990.0 199991.0 ]
[     1.0      1.0      1.0      1.0      1.0      1.0 239985.0 ]
***************************************************************

  7: Init and Transpose Max[ 2]=  5.006 Min[ 4]=  3.653 Avg=  4.179


********************************************************
[     0.0      1.0      2.0      3.0      4.0      5.0      6.0 ]
[     1.0  40000.0  40001.0  40002.0  40003.0  40004.0  40005.0 ]
[     1.0      1.0  79999.0  80000.0  80001.0  80002.0  80003.0 ]
[     1.0      1.0      1.0 119997.0 119998.0 119999.0 120000.0 ]
[     1.0      1.0      1.0      1.0 159994.0 159995.0 159996.0 ]
[     1.0      1.0      1.0      1.0      1.0 199990.0 199991.0 ]
[     1.0      1.0      1.0      1.0      1.0      1.0 239985.0 ]
***************************************************************

Be patient! Initializing and Transposing............

  1: Init and Transpose Max[ 1]=  5.377 Min[ 1]=  5.377 Avg=  5.377


********************************************************
[     0.0      1.0      2.0      3.0      4.0      5.0      6.0 ]
[     1.0  40000.0  40001.0  40002.0  40003.0  40004.0  40005.0 ]
[     1.0      1.0  79999.0  80000.0  80001.0  80002.0  80003.0 ]
[     1.0      1.0      1.0 119997.0 119998.0 119999.0 120000.0 ]
[     1.0      1.0      1.0      1.0 159994.0 159995.0 159996.0 ]
[     1.0      1.0      1.0      1.0      1.0 199990.0 199991.0 ]
[     1.0      1.0      1.0      1.0      1.0      1.0 239985.0 ]
***************************************************************

  2: Init and Transpose Max[ 2]=  5.739 Min[ 1]=  5.377 Avg=  5.558


********************************************************
[     0.0      1.0      2.0      3.0      4.0      5.0      6.0 ]
[     1.0  40000.0  40001.0  40002.0  40003.0  40004.0  40005.0 ]
[     1.0      1.0  79999.0  80000.0  80001.0  80002.0  80003.0 ]
[     1.0      1.0      1.0 119997.0 119998.0 119999.0 120000.0 ]
[     1.0      1.0      1.0      1.0 159994.0 159995.0 159996.0 ]
[     1.0      1.0      1.0      1.0      1.0 199990.0 199991.0 ]
[     1.0      1.0      1.0      1.0      1.0      1.0 239985.0 ]
***************************************************************

  3: Init and Transpose Max[ 2]=  5.739 Min[ 3]=  3.948 Avg=  5.021


********************************************************
[     0.0      1.0      2.0      3.0      4.0      5.0      6.0 ]
[     1.0  40000.0  40001.0  40002.0  40003.0  40004.0  40005.0 ]
[     1.0      1.0  79999.0  80000.0  80001.0  80002.0  80003.0 ]
[     1.0      1.0      1.0 119997.0 119998.0 119999.0 120000.0 ]
[     1.0      1.0      1.0      1.0 159994.0 159995.0 159996.0 ]
[     1.0      1.0      1.0      1.0      1.0 199990.0 199991.0 ]
[     1.0      1.0      1.0      1.0      1.0      1.0 239985.0 ]
***************************************************************

  4: Init and Transpose Max[ 2]=  5.739 Min[ 4]=  3.609 Avg=  4.668


********************************************************
[     0.0      1.0      2.0      3.0      4.0      5.0      6.0 ]
[     1.0  40000.0  40001.0  40002.0  40003.0  40004.0  40005.0 ]
[     1.0      1.0  79999.0  80000.0  80001.0  80002.0  80003.0 ]
[     1.0      1.0      1.0 119997.0 119998.0 119999.0 120000.0 ]
[     1.0      1.0      1.0      1.0 159994.0 159995.0 159996.0 ]
[     1.0      1.0      1.0      1.0      1.0 199990.0 199991.0 ]
[     1.0      1.0      1.0      1.0      1.0      1.0 239985.0 ]
***************************************************************

  5: Init and Transpose Max[ 2]=  5.739 Min[ 5]=  3.560 Avg=  4.447


********************************************************
[     0.0      1.0      2.0      3.0      4.0      5.0      6.0 ]
[     1.0  40000.0  40001.0  40002.0  40003.0  40004.0  40005.0 ]
[     1.0      1.0  79999.0  80000.0  80001.0  80002.0  80003.0 ]
[     1.0      1.0      1.0 119997.0 119998.0 119999.0 120000.0 ]
[     1.0      1.0      1.0      1.0 159994.0 159995.0 159996.0 ]
[     1.0      1.0      1.0      1.0      1.0 199990.0 199991.0 ]
[     1.0      1.0      1.0      1.0      1.0      1.0 239985.0 ]
***************************************************************

  6: Init and Transpose Max[ 2]=  5.739 Min[ 5]=  3.560 Avg=  4.338


********************************************************
[     0.0      1.0      2.0      3.0      4.0      5.0      6.0 ]
[     1.0  40000.0  40001.0  40002.0  40003.0  40004.0  40005.0 ]
[     1.0      1.0  79999.0  80000.0  80001.0  80002.0  80003.0 ]
[     1.0      1.0      1.0 119997.0 119998.0 119999.0 120000.0 ]
[     1.0      1.0      1.0      1.0 159994.0 159995.0 159996.0 ]
[     1.0      1.0      1.0      1.0      1.0 199990.0 199991.0 ]
[     1.0      1.0      1.0      1.0      1.0      1.0 239985.0 ]
***************************************************************

  7: Init and Transpose Max[ 2]=  5.739 Min[ 5]=  3.560 Avg=  4.271


********************************************************
[     0.0      1.0      2.0      3.0      4.0      5.0      6.0 ]
[     1.0  40000.0  40001.0  40002.0  40003.0  40004.0  40005.0 ]
[     1.0      1.0  79999.0  80000.0  80001.0  80002.0  80003.0 ]
[     1.0      1.0      1.0 119997.0 119998.0 119999.0 120000.0 ]
[     1.0      1.0      1.0      1.0 159994.0 159995.0 159996.0 ]
[     1.0      1.0      1.0      1.0      1.0 199990.0 199991.0 ]
[     1.0      1.0      1.0      1.0      1.0      1.0 239985.0 ]
***************************************************************

Be patient! Initializing and Transposing............

  1: Init and Transpose Max[ 1]=  5.150 Min[ 1]=  5.150 Avg=  5.150


********************************************************
[     0.0      1.0      2.0      3.0      4.0      5.0      6.0 ]
[     1.0  40000.0  40001.0  40002.0  40003.0  40004.0  40005.0 ]
[     1.0      1.0  79999.0  80000.0  80001.0  80002.0  80003.0 ]
[     1.0      1.0      1.0 119997.0 119998.0 119999.0 120000.0 ]
[     1.0      1.0      1.0      1.0 159994.0 159995.0 159996.0 ]
[     1.0      1.0      1.0      1.0      1.0 199990.0 199991.0 ]
[     1.0      1.0      1.0      1.0      1.0      1.0 239985.0 ]
***************************************************************

  2: Init and Transpose Max[ 1]=  5.150 Min[ 2]=  4.273 Avg=  4.712


********************************************************
[     0.0      1.0      2.0      3.0      4.0      5.0      6.0 ]
[     1.0  40000.0  40001.0  40002.0  40003.0  40004.0  40005.0 ]
[     1.0      1.0  79999.0  80000.0  80001.0  80002.0  80003.0 ]
[     1.0      1.0      1.0 119997.0 119998.0 119999.0 120000.0 ]
[     1.0      1.0      1.0      1.0 159994.0 159995.0 159996.0 ]
[     1.0      1.0      1.0      1.0      1.0 199990.0 199991.0 ]
[     1.0      1.0      1.0      1.0      1.0      1.0 239985.0 ]
***************************************************************

  3: Init and Transpose Max[ 1]=  5.150 Min[ 3]=  3.907 Avg=  4.443


********************************************************
[     0.0      1.0      2.0      3.0      4.0      5.0      6.0 ]
[     1.0  40000.0  40001.0  40002.0  40003.0  40004.0  40005.0 ]
[     1.0      1.0  79999.0  80000.0  80001.0  80002.0  80003.0 ]
[     1.0      1.0      1.0 119997.0 119998.0 119999.0 120000.0 ]
[     1.0      1.0      1.0      1.0 159994.0 159995.0 159996.0 ]
[     1.0      1.0      1.0      1.0      1.0 199990.0 199991.0 ]
[     1.0      1.0      1.0      1.0      1.0      1.0 239985.0 ]
***************************************************************

  4: Init and Transpose Max[ 1]=  5.150 Min[ 4]=  3.628 Avg=  4.240


********************************************************
[     0.0      1.0      2.0      3.0      4.0      5.0      6.0 ]
[     1.0  40000.0  40001.0  40002.0  40003.0  40004.0  40005.0 ]
[     1.0      1.0  79999.0  80000.0  80001.0  80002.0  80003.0 ]
[     1.0      1.0      1.0 119997.0 119998.0 119999.0 120000.0 ]
[     1.0      1.0      1.0      1.0 159994.0 159995.0 159996.0 ]
[     1.0      1.0      1.0      1.0      1.0 199990.0 199991.0 ]
[     1.0      1.0      1.0      1.0      1.0      1.0 239985.0 ]
***************************************************************

  5: Init and Transpose Max[ 1]=  5.150 Min[ 4]=  3.628 Avg=  4.161


********************************************************
[     0.0      1.0      2.0      3.0      4.0      5.0      6.0 ]
[     1.0  40000.0  40001.0  40002.0  40003.0  40004.0  40005.0 ]
[     1.0      1.0  79999.0  80000.0  80001.0  80002.0  80003.0 ]
[     1.0      1.0      1.0 119997.0 119998.0 119999.0 120000.0 ]
[     1.0      1.0      1.0      1.0 159994.0 159995.0 159996.0 ]
[     1.0      1.0      1.0      1.0      1.0 199990.0 199991.0 ]
[     1.0      1.0      1.0      1.0      1.0      1.0 239985.0 ]
***************************************************************

  6: Init and Transpose Max[ 1]=  5.150 Min[ 4]=  3.628 Avg=  4.194


********************************************************
[     0.0      1.0      2.0      3.0      4.0      5.0      6.0 ]
[     1.0  40000.0  40001.0  40002.0  40003.0  40004.0  40005.0 ]
[     1.0      1.0  79999.0  80000.0  80001.0  80002.0  80003.0 ]
[     1.0      1.0      1.0 119997.0 119998.0 119999.0 120000.0 ]
[     1.0      1.0      1.0      1.0 159994.0 159995.0 159996.0 ]
[     1.0      1.0      1.0      1.0      1.0 199990.0 199991.0 ]
[     1.0      1.0      1.0      1.0      1.0      1.0 239985.0 ]
***************************************************************

  7: Init and Transpose Max[ 1]=  5.150 Min[ 4]=  3.628 Avg=  4.183


********************************************************
[     0.0      1.0      2.0      3.0      4.0      5.0      6.0 ]
[     1.0  40000.0  40001.0  40002.0  40003.0  40004.0  40005.0 ]
[     1.0      1.0  79999.0  80000.0  80001.0  80002.0  80003.0 ]
[     1.0      1.0      1.0 119997.0 119998.0 119999.0 120000.0 ]
[     1.0      1.0      1.0      1.0 159994.0 159995.0 159996.0 ]
[     1.0      1.0      1.0      1.0      1.0 199990.0 199991.0 ]
[     1.0      1.0      1.0      1.0      1.0      1.0 239985.0 ]
***************************************************************

