Be patient! Initializing and Transposing............

  1: Init and Transpose Max[ 1]=  9.661 Min[ 1]=  9.661 Avg=  9.661


********************************************************
[     0.0      1.0      2.0      3.0      4.0      5.0      6.0 ]
[     1.0  40000.0  40001.0  40002.0  40003.0  40004.0  40005.0 ]
[     1.0      1.0  79999.0  80000.0  80001.0  80002.0  80003.0 ]
[     1.0      1.0      1.0 119997.0 119998.0 119999.0 120000.0 ]
[     1.0      1.0      1.0      1.0 159994.0 159995.0 159996.0 ]
[     1.0      1.0      1.0      1.0      1.0 199990.0 199991.0 ]
[     1.0      1.0      1.0      1.0      1.0      1.0 239985.0 ]
***************************************************************

  2: Init and Transpose Max[ 1]=  9.661 Min[ 2]=  6.914 Avg=  8.288


********************************************************
[     0.0      1.0      2.0      3.0      4.0      5.0      6.0 ]
[     1.0  40000.0  40001.0  40002.0  40003.0  40004.0  40005.0 ]
[     1.0      1.0  79999.0  80000.0  80001.0  80002.0  80003.0 ]
[     1.0      1.0      1.0 119997.0 119998.0 119999.0 120000.0 ]
[     1.0      1.0      1.0      1.0 159994.0 159995.0 159996.0 ]
[     1.0      1.0      1.0      1.0      1.0 199990.0 199991.0 ]
[     1.0      1.0      1.0      1.0      1.0      1.0 239985.0 ]
***************************************************************

  3: Init and Transpose Max[ 1]=  9.661 Min[ 2]=  6.914 Avg=  8.032


********************************************************
[     0.0      1.0      2.0      3.0      4.0      5.0      6.0 ]
[     1.0  40000.0  40001.0  40002.0  40003.0  40004.0  40005.0 ]
[     1.0      1.0  79999.0  80000.0  80001.0  80002.0  80003.0 ]
[     1.0      1.0      1.0 119997.0 119998.0 119999.0 120000.0 ]
[     1.0      1.0      1.0      1.0 159994.0 159995.0 159996.0 ]
[     1.0      1.0      1.0      1.0      1.0 199990.0 199991.0 ]
[     1.0      1.0      1.0      1.0      1.0      1.0 239985.0 ]
***************************************************************

  4: Init and Transpose Max[ 1]=  9.661 Min[ 2]=  6.914 Avg=  7.757


********************************************************
[     0.0      1.0      2.0      3.0      4.0      5.0      6.0 ]
[     1.0  40000.0  40001.0  40002.0  40003.0  40004.0  40005.0 ]
[     1.0      1.0  79999.0  80000.0  80001.0  80002.0  80003.0 ]
[     1.0      1.0      1.0 119997.0 119998.0 119999.0 120000.0 ]
[     1.0      1.0      1.0      1.0 159994.0 159995.0 159996.0 ]
[     1.0      1.0      1.0      1.0      1.0 199990.0 199991.0 ]
[     1.0      1.0      1.0      1.0      1.0      1.0 239985.0 ]
***************************************************************

  5: Init and Transpose Max[ 1]=  9.661 Min[ 2]=  6.914 Avg=  7.637


********************************************************
[     0.0      1.0      2.0      3.0      4.0      5.0      6.0 ]
[     1.0  40000.0  40001.0  40002.0  40003.0  40004.0  40005.0 ]
[     1.0      1.0  79999.0  80000.0  80001.0  80002.0  80003.0 ]
[     1.0      1.0      1.0 119997.0 119998.0 119999.0 120000.0 ]
[     1.0      1.0      1.0      1.0 159994.0 159995.0 159996.0 ]
[     1.0      1.0      1.0      1.0      1.0 199990.0 199991.0 ]
[     1.0      1.0      1.0      1.0      1.0      1.0 239985.0 ]
***************************************************************

  6: Init and Transpose Max[ 1]=  9.661 Min[ 2]=  6.914 Avg=  7.561


********************************************************
[     0.0      1.0      2.0      3.0      4.0      5.0      6.0 ]
[     1.0  40000.0  40001.0  40002.0  40003.0  40004.0  40005.0 ]
[     1.0      1.0  79999.0  80000.0  80001.0  80002.0  80003.0 ]
[     1.0      1.0      1.0 119997.0 119998.0 119999.0 120000.0 ]
[     1.0      1.0      1.0      1.0 159994.0 159995.0 159996.0 ]
[     1.0      1.0      1.0      1.0      1.0 199990.0 199991.0 ]
[     1.0      1.0      1.0      1.0      1.0      1.0 239985.0 ]
***************************************************************

  7: Init and Transpose Max[ 1]=  9.661 Min[ 2]=  6.914 Avg=  7.715


********************************************************
[     0.0      1.0      2.0      3.0      4.0      5.0      6.0 ]
[     1.0  40000.0  40001.0  40002.0  40003.0  40004.0  40005.0 ]
[     1.0      1.0  79999.0  80000.0  80001.0  80002.0  80003.0 ]
[     1.0      1.0      1.0 119997.0 119998.0 119999.0 120000.0 ]
[     1.0      1.0      1.0      1.0 159994.0 159995.0 159996.0 ]
[     1.0      1.0      1.0      1.0      1.0 199990.0 199991.0 ]
[     1.0      1.0      1.0      1.0      1.0      1.0 239985.0 ]
***************************************************************

Be patient! Initializing and Transposing............

  1: Init and Transpose Max[ 1]= 10.254 Min[ 1]= 10.254 Avg= 10.254


********************************************************
[     0.0      1.0      2.0      3.0      4.0      5.0      6.0 ]
[     1.0  40000.0  40001.0  40002.0  40003.0  40004.0  40005.0 ]
[     1.0      1.0  79999.0  80000.0  80001.0  80002.0  80003.0 ]
[     1.0      1.0      1.0 119997.0 119998.0 119999.0 120000.0 ]
[     1.0      1.0      1.0      1.0 159994.0 159995.0 159996.0 ]
[     1.0      1.0      1.0      1.0      1.0 199990.0 199991.0 ]
[     1.0      1.0      1.0      1.0      1.0      1.0 239985.0 ]
***************************************************************

  2: Init and Transpose Max[ 1]= 10.254 Min[ 2]=  7.804 Avg=  9.029


********************************************************
[     0.0      1.0      2.0      3.0      4.0      5.0      6.0 ]
[     1.0  40000.0  40001.0  40002.0  40003.0  40004.0  40005.0 ]
[     1.0      1.0  79999.0  80000.0  80001.0  80002.0  80003.0 ]
[     1.0      1.0      1.0 119997.0 119998.0 119999.0 120000.0 ]
[     1.0      1.0      1.0      1.0 159994.0 159995.0 159996.0 ]
[     1.0      1.0      1.0      1.0      1.0 199990.0 199991.0 ]
[     1.0      1.0      1.0      1.0      1.0      1.0 239985.0 ]
***************************************************************

  3: Init and Transpose Max[ 1]= 10.254 Min[ 2]=  7.804 Avg=  8.974


********************************************************
[     0.0      1.0      2.0      3.0      4.0      5.0      6.0 ]
[     1.0  40000.0  40001.0  40002.0  40003.0  40004.0  40005.0 ]
[     1.0      1.0  79999.0  80000.0  80001.0  80002.0  80003.0 ]
[     1.0      1.0      1.0 119997.0 119998.0 119999.0 120000.0 ]
[     1.0      1.0      1.0      1.0 159994.0 159995.0 159996.0 ]
[     1.0      1.0      1.0      1.0      1.0 199990.0 199991.0 ]
[     1.0      1.0      1.0      1.0      1.0      1.0 239985.0 ]
***************************************************************

  4: Init and Transpose Max[ 1]= 10.254 Min[ 2]=  7.804 Avg=  8.692


********************************************************
[     0.0      1.0      2.0      3.0      4.0      5.0      6.0 ]
[     1.0  40000.0  40001.0  40002.0  40003.0  40004.0  40005.0 ]
[     1.0      1.0  79999.0  80000.0  80001.0  80002.0  80003.0 ]
[     1.0      1.0      1.0 119997.0 119998.0 119999.0 120000.0 ]
[     1.0      1.0      1.0      1.0 159994.0 159995.0 159996.0 ]
[     1.0      1.0      1.0      1.0      1.0 199990.0 199991.0 ]
[     1.0      1.0      1.0      1.0      1.0      1.0 239985.0 ]
***************************************************************

  5: Init and Transpose Max[ 1]= 10.254 Min[ 5]=  7.240 Avg=  8.402


********************************************************
[     0.0      1.0      2.0      3.0      4.0      5.0      6.0 ]
[     1.0  40000.0  40001.0  40002.0  40003.0  40004.0  40005.0 ]
[     1.0      1.0  79999.0  80000.0  80001.0  80002.0  80003.0 ]
[     1.0      1.0      1.0 119997.0 119998.0 119999.0 120000.0 ]
[     1.0      1.0      1.0      1.0 159994.0 159995.0 159996.0 ]
[     1.0      1.0      1.0      1.0      1.0 199990.0 199991.0 ]
[     1.0      1.0      1.0      1.0      1.0      1.0 239985.0 ]
***************************************************************

  6: Init and Transpose Max[ 1]= 10.254 Min[ 5]=  7.240 Avg=  8.264


********************************************************
[     0.0      1.0      2.0      3.0      4.0      5.0      6.0 ]
[     1.0  40000.0  40001.0  40002.0  40003.0  40004.0  40005.0 ]
[     1.0      1.0  79999.0  80000.0  80001.0  80002.0  80003.0 ]
[     1.0      1.0      1.0 119997.0 119998.0 119999.0 120000.0 ]
[     1.0      1.0      1.0      1.0 159994.0 159995.0 159996.0 ]
[     1.0      1.0      1.0      1.0      1.0 199990.0 199991.0 ]
[     1.0      1.0      1.0      1.0      1.0      1.0 239985.0 ]
***************************************************************

  7: Init and Transpose Max[ 1]= 10.254 Min[ 5]=  7.240 Avg=  8.150


********************************************************
[     0.0      1.0      2.0      3.0      4.0      5.0      6.0 ]
[     1.0  40000.0  40001.0  40002.0  40003.0  40004.0  40005.0 ]
[     1.0      1.0  79999.0  80000.0  80001.0  80002.0  80003.0 ]
[     1.0      1.0      1.0 119997.0 119998.0 119999.0 120000.0 ]
[     1.0      1.0      1.0      1.0 159994.0 159995.0 159996.0 ]
[     1.0      1.0      1.0      1.0      1.0 199990.0 199991.0 ]
[     1.0      1.0      1.0      1.0      1.0      1.0 239985.0 ]
***************************************************************

Be patient! Initializing and Transposing............

  1: Init and Transpose Max[ 1]= 11.394 Min[ 1]= 11.394 Avg= 11.394


********************************************************
[     0.0      1.0      2.0      3.0      4.0      5.0      6.0 ]
[     1.0  40000.0  40001.0  40002.0  40003.0  40004.0  40005.0 ]
[     1.0      1.0  79999.0  80000.0  80001.0  80002.0  80003.0 ]
[     1.0      1.0      1.0 119997.0 119998.0 119999.0 120000.0 ]
[     1.0      1.0      1.0      1.0 159994.0 159995.0 159996.0 ]
[     1.0      1.0      1.0      1.0      1.0 199990.0 199991.0 ]
[     1.0      1.0      1.0      1.0      1.0      1.0 239985.0 ]
***************************************************************

  2: Init and Transpose Max[ 1]= 11.394 Min[ 2]=  7.623 Avg=  9.509


********************************************************
[     0.0      1.0      2.0      3.0      4.0      5.0      6.0 ]
[     1.0  40000.0  40001.0  40002.0  40003.0  40004.0  40005.0 ]
[     1.0      1.0  79999.0  80000.0  80001.0  80002.0  80003.0 ]
[     1.0      1.0      1.0 119997.0 119998.0 119999.0 120000.0 ]
[     1.0      1.0      1.0      1.0 159994.0 159995.0 159996.0 ]
[     1.0      1.0      1.0      1.0      1.0 199990.0 199991.0 ]
[     1.0      1.0      1.0      1.0      1.0      1.0 239985.0 ]
***************************************************************

  3: Init and Transpose Max[ 1]= 11.394 Min[ 2]=  7.623 Avg=  9.274


********************************************************
[     0.0      1.0      2.0      3.0      4.0      5.0      6.0 ]
[     1.0  40000.0  40001.0  40002.0  40003.0  40004.0  40005.0 ]
[     1.0      1.0  79999.0  80000.0  80001.0  80002.0  80003.0 ]
[     1.0      1.0      1.0 119997.0 119998.0 119999.0 120000.0 ]
[     1.0      1.0      1.0      1.0 159994.0 159995.0 159996.0 ]
[     1.0      1.0      1.0      1.0      1.0 199990.0 199991.0 ]
[     1.0      1.0      1.0      1.0      1.0      1.0 239985.0 ]
***************************************************************

  4: Init and Transpose Max[ 1]= 11.394 Min[ 4]=  7.457 Avg=  8.820


********************************************************
[     0.0      1.0      2.0      3.0      4.0      5.0      6.0 ]
[     1.0  40000.0  40001.0  40002.0  40003.0  40004.0  40005.0 ]
[     1.0      1.0  79999.0  80000.0  80001.0  80002.0  80003.0 ]
[     1.0      1.0      1.0 119997.0 119998.0 119999.0 120000.0 ]
[     1.0      1.0      1.0      1.0 159994.0 159995.0 159996.0 ]
[     1.0      1.0      1.0      1.0      1.0 199990.0 199991.0 ]
[     1.0      1.0      1.0      1.0      1.0      1.0 239985.0 ]
***************************************************************

  5: Init and Transpose Max[ 1]= 11.394 Min[ 4]=  7.457 Avg=  8.655


********************************************************
[     0.0      1.0      2.0      3.0      4.0      5.0      6.0 ]
[     1.0  40000.0  40001.0  40002.0  40003.0  40004.0  40005.0 ]
[     1.0      1.0  79999.0  80000.0  80001.0  80002.0  80003.0 ]
[     1.0      1.0      1.0 119997.0 119998.0 119999.0 120000.0 ]
[     1.0      1.0      1.0      1.0 159994.0 159995.0 159996.0 ]
[     1.0      1.0      1.0      1.0      1.0 199990.0 199991.0 ]
[     1.0      1.0      1.0      1.0      1.0      1.0 239985.0 ]
***************************************************************

  6: Init and Transpose Max[ 1]= 11.394 Min[ 6]=  6.857 Avg=  8.355


********************************************************
[     0.0      1.0      2.0      3.0      4.0      5.0      6.0 ]
[     1.0  40000.0  40001.0  40002.0  40003.0  40004.0  40005.0 ]
[     1.0      1.0  79999.0  80000.0  80001.0  80002.0  80003.0 ]
[     1.0      1.0      1.0 119997.0 119998.0 119999.0 120000.0 ]
[     1.0      1.0      1.0      1.0 159994.0 159995.0 159996.0 ]
[     1.0      1.0      1.0      1.0      1.0 199990.0 199991.0 ]
[     1.0      1.0      1.0      1.0      1.0      1.0 239985.0 ]
***************************************************************

  7: Init and Transpose Max[ 1]= 11.394 Min[ 6]=  6.857 Avg=  8.176


********************************************************
[     0.0      1.0      2.0      3.0      4.0      5.0      6.0 ]
[     1.0  40000.0  40001.0  40002.0  40003.0  40004.0  40005.0 ]
[     1.0      1.0  79999.0  80000.0  80001.0  80002.0  80003.0 ]
[     1.0      1.0      1.0 119997.0 119998.0 119999.0 120000.0 ]
[     1.0      1.0      1.0      1.0 159994.0 159995.0 159996.0 ]
[     1.0      1.0      1.0      1.0      1.0 199990.0 199991.0 ]
[     1.0      1.0      1.0      1.0      1.0      1.0 239985.0 ]
***************************************************************

Be patient! Initializing and Transposing............

  1: Init and Transpose Max[ 1]=  9.838 Min[ 1]=  9.838 Avg=  9.838


********************************************************
[     0.0      1.0      2.0      3.0      4.0      5.0      6.0 ]
[     1.0  40000.0  40001.0  40002.0  40003.0  40004.0  40005.0 ]
[     1.0      1.0  79999.0  80000.0  80001.0  80002.0  80003.0 ]
[     1.0      1.0      1.0 119997.0 119998.0 119999.0 120000.0 ]
[     1.0      1.0      1.0      1.0 159994.0 159995.0 159996.0 ]
[     1.0      1.0      1.0      1.0      1.0 199990.0 199991.0 ]
[     1.0      1.0      1.0      1.0      1.0      1.0 239985.0 ]
***************************************************************

  2: Init and Transpose Max[ 1]=  9.838 Min[ 2]=  7.580 Avg=  8.709


********************************************************
[     0.0      1.0      2.0      3.0      4.0      5.0      6.0 ]
[     1.0  40000.0  40001.0  40002.0  40003.0  40004.0  40005.0 ]
[     1.0      1.0  79999.0  80000.0  80001.0  80002.0  80003.0 ]
[     1.0      1.0      1.0 119997.0 119998.0 119999.0 120000.0 ]
[     1.0      1.0      1.0      1.0 159994.0 159995.0 159996.0 ]
[     1.0      1.0      1.0      1.0      1.0 199990.0 199991.0 ]
[     1.0      1.0      1.0      1.0      1.0      1.0 239985.0 ]
***************************************************************

  3: Init and Transpose Max[ 1]=  9.838 Min[ 2]=  7.580 Avg=  8.838


********************************************************
[     0.0      1.0      2.0      3.0      4.0      5.0      6.0 ]
[     1.0  40000.0  40001.0  40002.0  40003.0  40004.0  40005.0 ]
[     1.0      1.0  79999.0  80000.0  80001.0  80002.0  80003.0 ]
[     1.0      1.0      1.0 119997.0 119998.0 119999.0 120000.0 ]
[     1.0      1.0      1.0      1.0 159994.0 159995.0 159996.0 ]
[     1.0      1.0      1.0      1.0      1.0 199990.0 199991.0 ]
[     1.0      1.0      1.0      1.0      1.0      1.0 239985.0 ]
***************************************************************

  4: Init and Transpose Max[ 1]=  9.838 Min[ 2]=  7.580 Avg=  8.800


********************************************************
[     0.0      1.0      2.0      3.0      4.0      5.0      6.0 ]
[     1.0  40000.0  40001.0  40002.0  40003.0  40004.0  40005.0 ]
[     1.0      1.0  79999.0  80000.0  80001.0  80002.0  80003.0 ]
[     1.0      1.0      1.0 119997.0 119998.0 119999.0 120000.0 ]
[     1.0      1.0      1.0      1.0 159994.0 159995.0 159996.0 ]
[     1.0      1.0      1.0      1.0      1.0 199990.0 199991.0 ]
[     1.0      1.0      1.0      1.0      1.0      1.0 239985.0 ]
***************************************************************

  5: Init and Transpose Max[ 1]=  9.838 Min[ 2]=  7.580 Avg=  8.728


********************************************************
[     0.0      1.0      2.0      3.0      4.0      5.0      6.0 ]
[     1.0  40000.0  40001.0  40002.0  40003.0  40004.0  40005.0 ]
[     1.0      1.0  79999.0  80000.0  80001.0  80002.0  80003.0 ]
[     1.0      1.0      1.0 119997.0 119998.0 119999.0 120000.0 ]
[     1.0      1.0      1.0      1.0 159994.0 159995.0 159996.0 ]
[     1.0      1.0      1.0      1.0      1.0 199990.0 199991.0 ]
[     1.0      1.0      1.0      1.0      1.0      1.0 239985.0 ]
***************************************************************

  6: Init and Transpose Max[ 1]=  9.838 Min[ 2]=  7.580 Avg=  8.587


********************************************************
[     0.0      1.0      2.0      3.0      4.0      5.0      6.0 ]
[     1.0  40000.0  40001.0  40002.0  40003.0  40004.0  40005.0 ]
[     1.0      1.0  79999.0  80000.0  80001.0  80002.0  80003.0 ]
[     1.0      1.0      1.0 119997.0 119998.0 119999.0 120000.0 ]
[     1.0      1.0      1.0      1.0 159994.0 159995.0 159996.0 ]
[     1.0      1.0      1.0      1.0      1.0 199990.0 199991.0 ]
[     1.0      1.0      1.0      1.0      1.0      1.0 239985.0 ]
***************************************************************

  7: Init and Transpose Max[ 1]=  9.838 Min[ 7]=  7.106 Avg=  8.375


********************************************************
[     0.0      1.0      2.0      3.0      4.0      5.0      6.0 ]
[     1.0  40000.0  40001.0  40002.0  40003.0  40004.0  40005.0 ]
[     1.0      1.0  79999.0  80000.0  80001.0  80002.0  80003.0 ]
[     1.0      1.0      1.0 119997.0 119998.0 119999.0 120000.0 ]
[     1.0      1.0      1.0      1.0 159994.0 159995.0 159996.0 ]
[     1.0      1.0      1.0      1.0      1.0 199990.0 199991.0 ]
[     1.0      1.0      1.0      1.0      1.0      1.0 239985.0 ]
***************************************************************

Be patient! Initializing and Transposing............

  1: Init and Transpose Max[ 1]=  9.786 Min[ 1]=  9.786 Avg=  9.786


********************************************************
[     0.0      1.0      2.0      3.0      4.0      5.0      6.0 ]
[     1.0  40000.0  40001.0  40002.0  40003.0  40004.0  40005.0 ]
[     1.0      1.0  79999.0  80000.0  80001.0  80002.0  80003.0 ]
[     1.0      1.0      1.0 119997.0 119998.0 119999.0 120000.0 ]
[     1.0      1.0      1.0      1.0 159994.0 159995.0 159996.0 ]
[     1.0      1.0      1.0      1.0      1.0 199990.0 199991.0 ]
[     1.0      1.0      1.0      1.0      1.0      1.0 239985.0 ]
***************************************************************

  2: Init and Transpose Max[ 1]=  9.786 Min[ 2]=  6.932 Avg=  8.359


********************************************************
[     0.0      1.0      2.0      3.0      4.0      5.0      6.0 ]
[     1.0  40000.0  40001.0  40002.0  40003.0  40004.0  40005.0 ]
[     1.0      1.0  79999.0  80000.0  80001.0  80002.0  80003.0 ]
[     1.0      1.0      1.0 119997.0 119998.0 119999.0 120000.0 ]
[     1.0      1.0      1.0      1.0 159994.0 159995.0 159996.0 ]
[     1.0      1.0      1.0      1.0      1.0 199990.0 199991.0 ]
[     1.0      1.0      1.0      1.0      1.0      1.0 239985.0 ]
***************************************************************

  3: Init and Transpose Max[ 1]=  9.786 Min[ 2]=  6.932 Avg=  8.395


********************************************************
[     0.0      1.0      2.0      3.0      4.0      5.0      6.0 ]
[     1.0  40000.0  40001.0  40002.0  40003.0  40004.0  40005.0 ]
[     1.0      1.0  79999.0  80000.0  80001.0  80002.0  80003.0 ]
[     1.0      1.0      1.0 119997.0 119998.0 119999.0 120000.0 ]
[     1.0      1.0      1.0      1.0 159994.0 159995.0 159996.0 ]
[     1.0      1.0      1.0      1.0      1.0 199990.0 199991.0 ]
[     1.0      1.0      1.0      1.0      1.0      1.0 239985.0 ]
***************************************************************

  4: Init and Transpose Max[ 1]=  9.786 Min[ 2]=  6.932 Avg=  8.035


********************************************************
[     0.0      1.0      2.0      3.0      4.0      5.0      6.0 ]
[     1.0  40000.0  40001.0  40002.0  40003.0  40004.0  40005.0 ]
[     1.0      1.0  79999.0  80000.0  80001.0  80002.0  80003.0 ]
[     1.0      1.0      1.0 119997.0 119998.0 119999.0 120000.0 ]
[     1.0      1.0      1.0      1.0 159994.0 159995.0 159996.0 ]
[     1.0      1.0      1.0      1.0      1.0 199990.0 199991.0 ]
[     1.0      1.0      1.0      1.0      1.0      1.0 239985.0 ]
***************************************************************

  5: Init and Transpose Max[ 1]=  9.786 Min[ 2]=  6.932 Avg=  8.029


********************************************************
[     0.0      1.0      2.0      3.0      4.0      5.0      6.0 ]
[     1.0  40000.0  40001.0  40002.0  40003.0  40004.0  40005.0 ]
[     1.0      1.0  79999.0  80000.0  80001.0  80002.0  80003.0 ]
[     1.0      1.0      1.0 119997.0 119998.0 119999.0 120000.0 ]
[     1.0      1.0      1.0      1.0 159994.0 159995.0 159996.0 ]
[     1.0      1.0      1.0      1.0      1.0 199990.0 199991.0 ]
[     1.0      1.0      1.0      1.0      1.0      1.0 239985.0 ]
***************************************************************

  6: Init and Transpose Max[ 6]= 11.309 Min[ 2]=  6.932 Avg=  8.576


********************************************************
[     0.0      1.0      2.0      3.0      4.0      5.0      6.0 ]
[     1.0  40000.0  40001.0  40002.0  40003.0  40004.0  40005.0 ]
[     1.0      1.0  79999.0  80000.0  80001.0  80002.0  80003.0 ]
[     1.0      1.0      1.0 119997.0 119998.0 119999.0 120000.0 ]
[     1.0      1.0      1.0      1.0 159994.0 159995.0 159996.0 ]
[     1.0      1.0      1.0      1.0      1.0 199990.0 199991.0 ]
[     1.0      1.0      1.0      1.0      1.0      1.0 239985.0 ]
***************************************************************

  7: Init and Transpose Max[ 6]= 11.309 Min[ 2]=  6.932 Avg=  8.504


********************************************************
[     0.0      1.0      2.0      3.0      4.0      5.0      6.0 ]
[     1.0  40000.0  40001.0  40002.0  40003.0  40004.0  40005.0 ]
[     1.0      1.0  79999.0  80000.0  80001.0  80002.0  80003.0 ]
[     1.0      1.0      1.0 119997.0 119998.0 119999.0 120000.0 ]
[     1.0      1.0      1.0      1.0 159994.0 159995.0 159996.0 ]
[     1.0      1.0      1.0      1.0      1.0 199990.0 199991.0 ]
[     1.0      1.0      1.0      1.0      1.0      1.0 239985.0 ]
***************************************************************

