Be patient! Initializing............

  1: Rowwise    Max[ 1]=  5.196 Min[ 1]=  5.196 Avg=  5.196
     Columnwise Max[ 1]= 43.225 Min[ 1]= 43.225 Avg= 43.225



********************************************************
[     0.0      1.0      1.0      1.0      1.0      1.0      1.0 ]
[     1.0  40000.0      1.0      1.0      1.0      1.0      1.0 ]
[     2.0  40001.0  79999.0      1.0      1.0      1.0      1.0 ]
[     3.0  40002.0  80000.0 119997.0      1.0      1.0      1.0 ]
[     4.0  40003.0  80001.0 119998.0 159994.0      1.0      1.0 ]
[     5.0  40004.0  80002.0 119999.0 159995.0 199990.0      1.0 ]
[     6.0  40005.0  80003.0 120000.0 159996.0 199991.0 239985.0 ]
***************************************************************

  2: Rowwise    Max[ 1]=  5.196 Min[ 2]=  4.318 Avg=  4.757
     Columnwise Max[ 1]= 43.225 Min[ 2]= 41.859 Avg= 42.542



********************************************************
[     0.0      1.0      1.0      1.0      1.0      1.0      1.0 ]
[     1.0  40000.0      1.0      1.0      1.0      1.0      1.0 ]
[     2.0  40001.0  79999.0      1.0      1.0      1.0      1.0 ]
[     3.0  40002.0  80000.0 119997.0      1.0      1.0      1.0 ]
[     4.0  40003.0  80001.0 119998.0 159994.0      1.0      1.0 ]
[     5.0  40004.0  80002.0 119999.0 159995.0 199990.0      1.0 ]
[     6.0  40005.0  80003.0 120000.0 159996.0 199991.0 239985.0 ]
***************************************************************

  3: Rowwise    Max[ 1]=  5.196 Min[ 3]=  4.316 Avg=  4.610
     Columnwise Max[ 1]= 43.225 Min[ 2]= 41.859 Avg= 42.316



********************************************************
[     0.0      1.0      1.0      1.0      1.0      1.0      1.0 ]
[     1.0  40000.0      1.0      1.0      1.0      1.0      1.0 ]
[     2.0  40001.0  79999.0      1.0      1.0      1.0      1.0 ]
[     3.0  40002.0  80000.0 119997.0      1.0      1.0      1.0 ]
[     4.0  40003.0  80001.0 119998.0 159994.0      1.0      1.0 ]
[     5.0  40004.0  80002.0 119999.0 159995.0 199990.0      1.0 ]
[     6.0  40005.0  80003.0 120000.0 159996.0 199991.0 239985.0 ]
***************************************************************

  4: Rowwise    Max[ 1]=  5.196 Min[ 3]=  4.316 Avg=  4.537
     Columnwise Max[ 1]= 43.225 Min[ 2]= 41.859 Avg= 42.220



********************************************************
[     0.0      1.0      1.0      1.0      1.0      1.0      1.0 ]
[     1.0  40000.0      1.0      1.0      1.0      1.0      1.0 ]
[     2.0  40001.0  79999.0      1.0      1.0      1.0      1.0 ]
[     3.0  40002.0  80000.0 119997.0      1.0      1.0      1.0 ]
[     4.0  40003.0  80001.0 119998.0 159994.0      1.0      1.0 ]
[     5.0  40004.0  80002.0 119999.0 159995.0 199990.0      1.0 ]
[     6.0  40005.0  80003.0 120000.0 159996.0 199991.0 239985.0 ]
***************************************************************

  5: Rowwise    Max[ 1]=  5.196 Min[ 3]=  4.316 Avg=  4.493
     Columnwise Max[ 1]= 43.225 Min[ 2]= 41.859 Avg= 42.149



********************************************************
[     0.0      1.0      1.0      1.0      1.0      1.0      1.0 ]
[     1.0  40000.0      1.0      1.0      1.0      1.0      1.0 ]
[     2.0  40001.0  79999.0      1.0      1.0      1.0      1.0 ]
[     3.0  40002.0  80000.0 119997.0      1.0      1.0      1.0 ]
[     4.0  40003.0  80001.0 119998.0 159994.0      1.0      1.0 ]
[     5.0  40004.0  80002.0 119999.0 159995.0 199990.0      1.0 ]
[     6.0  40005.0  80003.0 120000.0 159996.0 199991.0 239985.0 ]
***************************************************************

  6: Rowwise    Max[ 1]=  5.196 Min[ 3]=  4.316 Avg=  4.464
     Columnwise Max[ 1]= 43.225 Min[ 2]= 41.859 Avg= 42.104



********************************************************
[     0.0      1.0      1.0      1.0      1.0      1.0      1.0 ]
[     1.0  40000.0      1.0      1.0      1.0      1.0      1.0 ]
[     2.0  40001.0  79999.0      1.0      1.0      1.0      1.0 ]
[     3.0  40002.0  80000.0 119997.0      1.0      1.0      1.0 ]
[     4.0  40003.0  80001.0 119998.0 159994.0      1.0      1.0 ]
[     5.0  40004.0  80002.0 119999.0 159995.0 199990.0      1.0 ]
[     6.0  40005.0  80003.0 120000.0 159996.0 199991.0 239985.0 ]
***************************************************************

  7: Rowwise    Max[ 1]=  5.196 Min[ 3]=  4.316 Avg=  4.444
     Columnwise Max[ 1]= 43.225 Min[ 2]= 41.859 Avg= 42.076



********************************************************
[     0.0      1.0      1.0      1.0      1.0      1.0      1.0 ]
[     1.0  40000.0      1.0      1.0      1.0      1.0      1.0 ]
[     2.0  40001.0  79999.0      1.0      1.0      1.0      1.0 ]
[     3.0  40002.0  80000.0 119997.0      1.0      1.0      1.0 ]
[     4.0  40003.0  80001.0 119998.0 159994.0      1.0      1.0 ]
[     5.0  40004.0  80002.0 119999.0 159995.0 199990.0      1.0 ]
[     6.0  40005.0  80003.0 120000.0 159996.0 199991.0 239985.0 ]
***************************************************************

Be patient! Initializing............

  1: Rowwise    Max[ 1]=  5.344 Min[ 1]=  5.344 Avg=  5.344
     Columnwise Max[ 1]= 37.709 Min[ 1]= 37.709 Avg= 37.709



********************************************************
[     0.0      1.0      1.0      1.0      1.0      1.0      1.0 ]
[     1.0  40000.0      1.0      1.0      1.0      1.0      1.0 ]
[     2.0  40001.0  79999.0      1.0      1.0      1.0      1.0 ]
[     3.0  40002.0  80000.0 119997.0      1.0      1.0      1.0 ]
[     4.0  40003.0  80001.0 119998.0 159994.0      1.0      1.0 ]
[     5.0  40004.0  80002.0 119999.0 159995.0 199990.0      1.0 ]
[     6.0  40005.0  80003.0 120000.0 159996.0 199991.0 239985.0 ]
***************************************************************

  2: Rowwise    Max[ 1]=  5.344 Min[ 2]=  4.313 Avg=  4.828
     Columnwise Max[ 2]= 38.994 Min[ 1]= 37.709 Avg= 38.352



********************************************************
[     0.0      1.0      1.0      1.0      1.0      1.0      1.0 ]
[     1.0  40000.0      1.0      1.0      1.0      1.0      1.0 ]
[     2.0  40001.0  79999.0      1.0      1.0      1.0      1.0 ]
[     3.0  40002.0  80000.0 119997.0      1.0      1.0      1.0 ]
[     4.0  40003.0  80001.0 119998.0 159994.0      1.0      1.0 ]
[     5.0  40004.0  80002.0 119999.0 159995.0 199990.0      1.0 ]
[     6.0  40005.0  80003.0 120000.0 159996.0 199991.0 239985.0 ]
***************************************************************

  3: Rowwise    Max[ 1]=  5.344 Min[ 2]=  4.313 Avg=  4.657
     Columnwise Max[ 2]= 38.994 Min[ 3]= 37.706 Avg= 38.137



********************************************************
[     0.0      1.0      1.0      1.0      1.0      1.0      1.0 ]
[     1.0  40000.0      1.0      1.0      1.0      1.0      1.0 ]
[     2.0  40001.0  79999.0      1.0      1.0      1.0      1.0 ]
[     3.0  40002.0  80000.0 119997.0      1.0      1.0      1.0 ]
[     4.0  40003.0  80001.0 119998.0 159994.0      1.0      1.0 ]
[     5.0  40004.0  80002.0 119999.0 159995.0 199990.0      1.0 ]
[     6.0  40005.0  80003.0 120000.0 159996.0 199991.0 239985.0 ]
***************************************************************

  4: Rowwise    Max[ 1]=  5.344 Min[ 2]=  4.313 Avg=  4.571
     Columnwise Max[ 2]= 38.994 Min[ 3]= 37.706 Avg= 38.045



********************************************************
[     0.0      1.0      1.0      1.0      1.0      1.0      1.0 ]
[     1.0  40000.0      1.0      1.0      1.0      1.0      1.0 ]
[     2.0  40001.0  79999.0      1.0      1.0      1.0      1.0 ]
[     3.0  40002.0  80000.0 119997.0      1.0      1.0      1.0 ]
[     4.0  40003.0  80001.0 119998.0 159994.0      1.0      1.0 ]
[     5.0  40004.0  80002.0 119999.0 159995.0 199990.0      1.0 ]
[     6.0  40005.0  80003.0 120000.0 159996.0 199991.0 239985.0 ]
***************************************************************

  5: Rowwise    Max[ 1]=  5.344 Min[ 5]=  4.312 Avg=  4.519
     Columnwise Max[ 2]= 38.994 Min[ 5]= 37.670 Avg= 37.970



********************************************************
[     0.0      1.0      1.0      1.0      1.0      1.0      1.0 ]
[     1.0  40000.0      1.0      1.0      1.0      1.0      1.0 ]
[     2.0  40001.0  79999.0      1.0      1.0      1.0      1.0 ]
[     3.0  40002.0  80000.0 119997.0      1.0      1.0      1.0 ]
[     4.0  40003.0  80001.0 119998.0 159994.0      1.0      1.0 ]
[     5.0  40004.0  80002.0 119999.0 159995.0 199990.0      1.0 ]
[     6.0  40005.0  80003.0 120000.0 159996.0 199991.0 239985.0 ]
***************************************************************

  6: Rowwise    Max[ 1]=  5.344 Min[ 5]=  4.312 Avg=  4.485
     Columnwise Max[ 2]= 38.994 Min[ 6]= 37.450 Avg= 37.883



********************************************************
[     0.0      1.0      1.0      1.0      1.0      1.0      1.0 ]
[     1.0  40000.0      1.0      1.0      1.0      1.0      1.0 ]
[     2.0  40001.0  79999.0      1.0      1.0      1.0      1.0 ]
[     3.0  40002.0  80000.0 119997.0      1.0      1.0      1.0 ]
[     4.0  40003.0  80001.0 119998.0 159994.0      1.0      1.0 ]
[     5.0  40004.0  80002.0 119999.0 159995.0 199990.0      1.0 ]
[     6.0  40005.0  80003.0 120000.0 159996.0 199991.0 239985.0 ]
***************************************************************

  7: Rowwise    Max[ 1]=  5.344 Min[ 7]=  4.303 Avg=  4.459
     Columnwise Max[ 2]= 38.994 Min[ 7]= 37.240 Avg= 37.791



********************************************************
[     0.0      1.0      1.0      1.0      1.0      1.0      1.0 ]
[     1.0  40000.0      1.0      1.0      1.0      1.0      1.0 ]
[     2.0  40001.0  79999.0      1.0      1.0      1.0      1.0 ]
[     3.0  40002.0  80000.0 119997.0      1.0      1.0      1.0 ]
[     4.0  40003.0  80001.0 119998.0 159994.0      1.0      1.0 ]
[     5.0  40004.0  80002.0 119999.0 159995.0 199990.0      1.0 ]
[     6.0  40005.0  80003.0 120000.0 159996.0 199991.0 239985.0 ]
***************************************************************

Be patient! Initializing............

  1: Rowwise    Max[ 1]=  5.347 Min[ 1]=  5.347 Avg=  5.347
     Columnwise Max[ 1]= 34.267 Min[ 1]= 34.267 Avg= 34.267



********************************************************
[     0.0      1.0      1.0      1.0      1.0      1.0      1.0 ]
[     1.0  40000.0      1.0      1.0      1.0      1.0      1.0 ]
[     2.0  40001.0  79999.0      1.0      1.0      1.0      1.0 ]
[     3.0  40002.0  80000.0 119997.0      1.0      1.0      1.0 ]
[     4.0  40003.0  80001.0 119998.0 159994.0      1.0      1.0 ]
[     5.0  40004.0  80002.0 119999.0 159995.0 199990.0      1.0 ]
[     6.0  40005.0  80003.0 120000.0 159996.0 199991.0 239985.0 ]
***************************************************************

  2: Rowwise    Max[ 1]=  5.347 Min[ 2]=  4.296 Avg=  4.821
     Columnwise Max[ 1]= 34.267 Min[ 2]= 34.201 Avg= 34.234



********************************************************
[     0.0      1.0      1.0      1.0      1.0      1.0      1.0 ]
[     1.0  40000.0      1.0      1.0      1.0      1.0      1.0 ]
[     2.0  40001.0  79999.0      1.0      1.0      1.0      1.0 ]
[     3.0  40002.0  80000.0 119997.0      1.0      1.0      1.0 ]
[     4.0  40003.0  80001.0 119998.0 159994.0      1.0      1.0 ]
[     5.0  40004.0  80002.0 119999.0 159995.0 199990.0      1.0 ]
[     6.0  40005.0  80003.0 120000.0 159996.0 199991.0 239985.0 ]
***************************************************************

  3: Rowwise    Max[ 1]=  5.347 Min[ 2]=  4.296 Avg=  4.647
     Columnwise Max[ 1]= 34.267 Min[ 3]= 34.194 Avg= 34.220



********************************************************
[     0.0      1.0      1.0      1.0      1.0      1.0      1.0 ]
[     1.0  40000.0      1.0      1.0      1.0      1.0      1.0 ]
[     2.0  40001.0  79999.0      1.0      1.0      1.0      1.0 ]
[     3.0  40002.0  80000.0 119997.0      1.0      1.0      1.0 ]
[     4.0  40003.0  80001.0 119998.0 159994.0      1.0      1.0 ]
[     5.0  40004.0  80002.0 119999.0 159995.0 199990.0      1.0 ]
[     6.0  40005.0  80003.0 120000.0 159996.0 199991.0 239985.0 ]
***************************************************************

  4: Rowwise    Max[ 1]=  5.347 Min[ 2]=  4.296 Avg=  4.560
     Columnwise Max[ 1]= 34.267 Min[ 4]= 34.173 Avg= 34.209



********************************************************
[     0.0      1.0      1.0      1.0      1.0      1.0      1.0 ]
[     1.0  40000.0      1.0      1.0      1.0      1.0      1.0 ]
[     2.0  40001.0  79999.0      1.0      1.0      1.0      1.0 ]
[     3.0  40002.0  80000.0 119997.0      1.0      1.0      1.0 ]
[     4.0  40003.0  80001.0 119998.0 159994.0      1.0      1.0 ]
[     5.0  40004.0  80002.0 119999.0 159995.0 199990.0      1.0 ]
[     6.0  40005.0  80003.0 120000.0 159996.0 199991.0 239985.0 ]
***************************************************************

  5: Rowwise    Max[ 1]=  5.347 Min[ 2]=  4.296 Avg=  4.508
     Columnwise Max[ 1]= 34.267 Min[ 5]= 34.166 Avg= 34.200



********************************************************
[     0.0      1.0      1.0      1.0      1.0      1.0      1.0 ]
[     1.0  40000.0      1.0      1.0      1.0      1.0      1.0 ]
[     2.0  40001.0  79999.0      1.0      1.0      1.0      1.0 ]
[     3.0  40002.0  80000.0 119997.0      1.0      1.0      1.0 ]
[     4.0  40003.0  80001.0 119998.0 159994.0      1.0      1.0 ]
[     5.0  40004.0  80002.0 119999.0 159995.0 199990.0      1.0 ]
[     6.0  40005.0  80003.0 120000.0 159996.0 199991.0 239985.0 ]
***************************************************************

  6: Rowwise    Max[ 1]=  5.347 Min[ 2]=  4.296 Avg=  4.473
     Columnwise Max[ 6]= 34.308 Min[ 5]= 34.166 Avg= 34.218



********************************************************
[     0.0      1.0      1.0      1.0      1.0      1.0      1.0 ]
[     1.0  40000.0      1.0      1.0      1.0      1.0      1.0 ]
[     2.0  40001.0  79999.0      1.0      1.0      1.0      1.0 ]
[     3.0  40002.0  80000.0 119997.0      1.0      1.0      1.0 ]
[     4.0  40003.0  80001.0 119998.0 159994.0      1.0      1.0 ]
[     5.0  40004.0  80002.0 119999.0 159995.0 199990.0      1.0 ]
[     6.0  40005.0  80003.0 120000.0 159996.0 199991.0 239985.0 ]
***************************************************************

  7: Rowwise    Max[ 1]=  5.347 Min[ 2]=  4.296 Avg=  4.448
     Columnwise Max[ 6]= 34.308 Min[ 7]= 34.163 Avg= 34.210



********************************************************
[     0.0      1.0      1.0      1.0      1.0      1.0      1.0 ]
[     1.0  40000.0      1.0      1.0      1.0      1.0      1.0 ]
[     2.0  40001.0  79999.0      1.0      1.0      1.0      1.0 ]
[     3.0  40002.0  80000.0 119997.0      1.0      1.0      1.0 ]
[     4.0  40003.0  80001.0 119998.0 159994.0      1.0      1.0 ]
[     5.0  40004.0  80002.0 119999.0 159995.0 199990.0      1.0 ]
[     6.0  40005.0  80003.0 120000.0 159996.0 199991.0 239985.0 ]
***************************************************************

Be patient! Initializing............

  1: Rowwise    Max[ 1]=  5.336 Min[ 1]=  5.336 Avg=  5.336
     Columnwise Max[ 1]= 31.679 Min[ 1]= 31.679 Avg= 31.679



********************************************************
[     0.0      1.0      1.0      1.0      1.0      1.0      1.0 ]
[     1.0  40000.0      1.0      1.0      1.0      1.0      1.0 ]
[     2.0  40001.0  79999.0      1.0      1.0      1.0      1.0 ]
[     3.0  40002.0  80000.0 119997.0      1.0      1.0      1.0 ]
[     4.0  40003.0  80001.0 119998.0 159994.0      1.0      1.0 ]
[     5.0  40004.0  80002.0 119999.0 159995.0 199990.0      1.0 ]
[     6.0  40005.0  80003.0 120000.0 159996.0 199991.0 239985.0 ]
***************************************************************

  2: Rowwise    Max[ 1]=  5.336 Min[ 2]=  4.286 Avg=  4.811
     Columnwise Max[ 1]= 31.679 Min[ 2]= 31.342 Avg= 31.510



********************************************************
[     0.0      1.0      1.0      1.0      1.0      1.0      1.0 ]
[     1.0  40000.0      1.0      1.0      1.0      1.0      1.0 ]
[     2.0  40001.0  79999.0      1.0      1.0      1.0      1.0 ]
[     3.0  40002.0  80000.0 119997.0      1.0      1.0      1.0 ]
[     4.0  40003.0  80001.0 119998.0 159994.0      1.0      1.0 ]
[     5.0  40004.0  80002.0 119999.0 159995.0 199990.0      1.0 ]
[     6.0  40005.0  80003.0 120000.0 159996.0 199991.0 239985.0 ]
***************************************************************

  3: Rowwise    Max[ 1]=  5.336 Min[ 3]=  4.275 Avg=  4.633
     Columnwise Max[ 1]= 31.679 Min[ 3]= 31.324 Avg= 31.448



********************************************************
[     0.0      1.0      1.0      1.0      1.0      1.0      1.0 ]
[     1.0  40000.0      1.0      1.0      1.0      1.0      1.0 ]
[     2.0  40001.0  79999.0      1.0      1.0      1.0      1.0 ]
[     3.0  40002.0  80000.0 119997.0      1.0      1.0      1.0 ]
[     4.0  40003.0  80001.0 119998.0 159994.0      1.0      1.0 ]
[     5.0  40004.0  80002.0 119999.0 159995.0 199990.0      1.0 ]
[     6.0  40005.0  80003.0 120000.0 159996.0 199991.0 239985.0 ]
***************************************************************

  4: Rowwise    Max[ 1]=  5.336 Min[ 3]=  4.275 Avg=  4.543
     Columnwise Max[ 1]= 31.679 Min[ 3]= 31.324 Avg= 31.430



********************************************************
[     0.0      1.0      1.0      1.0      1.0      1.0      1.0 ]
[     1.0  40000.0      1.0      1.0      1.0      1.0      1.0 ]
[     2.0  40001.0  79999.0      1.0      1.0      1.0      1.0 ]
[     3.0  40002.0  80000.0 119997.0      1.0      1.0      1.0 ]
[     4.0  40003.0  80001.0 119998.0 159994.0      1.0      1.0 ]
[     5.0  40004.0  80002.0 119999.0 159995.0 199990.0      1.0 ]
[     6.0  40005.0  80003.0 120000.0 159996.0 199991.0 239985.0 ]
***************************************************************

  5: Rowwise    Max[ 1]=  5.336 Min[ 3]=  4.275 Avg=  4.490
     Columnwise Max[ 1]= 31.679 Min[ 3]= 31.324 Avg= 31.426



********************************************************
[     0.0      1.0      1.0      1.0      1.0      1.0      1.0 ]
[     1.0  40000.0      1.0      1.0      1.0      1.0      1.0 ]
[     2.0  40001.0  79999.0      1.0      1.0      1.0      1.0 ]
[     3.0  40002.0  80000.0 119997.0      1.0      1.0      1.0 ]
[     4.0  40003.0  80001.0 119998.0 159994.0      1.0      1.0 ]
[     5.0  40004.0  80002.0 119999.0 159995.0 199990.0      1.0 ]
[     6.0  40005.0  80003.0 120000.0 159996.0 199991.0 239985.0 ]
***************************************************************

  6: Rowwise    Max[ 1]=  5.336 Min[ 3]=  4.275 Avg=  4.456
     Columnwise Max[ 1]= 31.679 Min[ 3]= 31.324 Avg= 31.430



********************************************************
[     0.0      1.0      1.0      1.0      1.0      1.0      1.0 ]
[     1.0  40000.0      1.0      1.0      1.0      1.0      1.0 ]
[     2.0  40001.0  79999.0      1.0      1.0      1.0      1.0 ]
[     3.0  40002.0  80000.0 119997.0      1.0      1.0      1.0 ]
[     4.0  40003.0  80001.0 119998.0 159994.0      1.0      1.0 ]
[     5.0  40004.0  80002.0 119999.0 159995.0 199990.0      1.0 ]
[     6.0  40005.0  80003.0 120000.0 159996.0 199991.0 239985.0 ]
***************************************************************

  7: Rowwise    Max[ 1]=  5.336 Min[ 7]=  4.273 Avg=  4.430
     Columnwise Max[ 1]= 31.679 Min[ 3]= 31.324 Avg= 31.425



********************************************************
[     0.0      1.0      1.0      1.0      1.0      1.0      1.0 ]
[     1.0  40000.0      1.0      1.0      1.0      1.0      1.0 ]
[     2.0  40001.0  79999.0      1.0      1.0      1.0      1.0 ]
[     3.0  40002.0  80000.0 119997.0      1.0      1.0      1.0 ]
[     4.0  40003.0  80001.0 119998.0 159994.0      1.0      1.0 ]
[     5.0  40004.0  80002.0 119999.0 159995.0 199990.0      1.0 ]
[     6.0  40005.0  80003.0 120000.0 159996.0 199991.0 239985.0 ]
***************************************************************

Be patient! Initializing............

  1: Rowwise    Max[ 1]=  5.355 Min[ 1]=  5.355 Avg=  5.355
     Columnwise Max[ 1]= 29.160 Min[ 1]= 29.160 Avg= 29.160



********************************************************
[     0.0      1.0      1.0      1.0      1.0      1.0      1.0 ]
[     1.0  40000.0      1.0      1.0      1.0      1.0      1.0 ]
[     2.0  40001.0  79999.0      1.0      1.0      1.0      1.0 ]
[     3.0  40002.0  80000.0 119997.0      1.0      1.0      1.0 ]
[     4.0  40003.0  80001.0 119998.0 159994.0      1.0      1.0 ]
[     5.0  40004.0  80002.0 119999.0 159995.0 199990.0      1.0 ]
[     6.0  40005.0  80003.0 120000.0 159996.0 199991.0 239985.0 ]
***************************************************************

  2: Rowwise    Max[ 1]=  5.355 Min[ 2]=  4.275 Avg=  4.815
     Columnwise Max[ 1]= 29.160 Min[ 2]= 29.117 Avg= 29.139



********************************************************
[     0.0      1.0      1.0      1.0      1.0      1.0      1.0 ]
[     1.0  40000.0      1.0      1.0      1.0      1.0      1.0 ]
[     2.0  40001.0  79999.0      1.0      1.0      1.0      1.0 ]
[     3.0  40002.0  80000.0 119997.0      1.0      1.0      1.0 ]
[     4.0  40003.0  80001.0 119998.0 159994.0      1.0      1.0 ]
[     5.0  40004.0  80002.0 119999.0 159995.0 199990.0      1.0 ]
[     6.0  40005.0  80003.0 120000.0 159996.0 199991.0 239985.0 ]
***************************************************************

  3: Rowwise    Max[ 1]=  5.355 Min[ 3]=  4.275 Avg=  4.635
     Columnwise Max[ 3]= 29.223 Min[ 2]= 29.117 Avg= 29.167



********************************************************
[     0.0      1.0      1.0      1.0      1.0      1.0      1.0 ]
[     1.0  40000.0      1.0      1.0      1.0      1.0      1.0 ]
[     2.0  40001.0  79999.0      1.0      1.0      1.0      1.0 ]
[     3.0  40002.0  80000.0 119997.0      1.0      1.0      1.0 ]
[     4.0  40003.0  80001.0 119998.0 159994.0      1.0      1.0 ]
[     5.0  40004.0  80002.0 119999.0 159995.0 199990.0      1.0 ]
[     6.0  40005.0  80003.0 120000.0 159996.0 199991.0 239985.0 ]
***************************************************************

  4: Rowwise    Max[ 1]=  5.355 Min[ 3]=  4.275 Avg=  4.549
     Columnwise Max[ 3]= 29.223 Min[ 2]= 29.117 Avg= 29.168



********************************************************
[     0.0      1.0      1.0      1.0      1.0      1.0      1.0 ]
[     1.0  40000.0      1.0      1.0      1.0      1.0      1.0 ]
[     2.0  40001.0  79999.0      1.0      1.0      1.0      1.0 ]
[     3.0  40002.0  80000.0 119997.0      1.0      1.0      1.0 ]
[     4.0  40003.0  80001.0 119998.0 159994.0      1.0      1.0 ]
[     5.0  40004.0  80002.0 119999.0 159995.0 199990.0      1.0 ]
[     6.0  40005.0  80003.0 120000.0 159996.0 199991.0 239985.0 ]
***************************************************************

  5: Rowwise    Max[ 1]=  5.355 Min[ 3]=  4.275 Avg=  4.498
     Columnwise Max[ 5]= 29.487 Min[ 2]= 29.117 Avg= 29.232



********************************************************
[     0.0      1.0      1.0      1.0      1.0      1.0      1.0 ]
[     1.0  40000.0      1.0      1.0      1.0      1.0      1.0 ]
[     2.0  40001.0  79999.0      1.0      1.0      1.0      1.0 ]
[     3.0  40002.0  80000.0 119997.0      1.0      1.0      1.0 ]
[     4.0  40003.0  80001.0 119998.0 159994.0      1.0      1.0 ]
[     5.0  40004.0  80002.0 119999.0 159995.0 199990.0      1.0 ]
[     6.0  40005.0  80003.0 120000.0 159996.0 199991.0 239985.0 ]
***************************************************************

  6: Rowwise    Max[ 1]=  5.355 Min[ 3]=  4.275 Avg=  4.466
     Columnwise Max[ 6]= 29.493 Min[ 2]= 29.117 Avg= 29.275



********************************************************
[     0.0      1.0      1.0      1.0      1.0      1.0      1.0 ]
[     1.0  40000.0      1.0      1.0      1.0      1.0      1.0 ]
[     2.0  40001.0  79999.0      1.0      1.0      1.0      1.0 ]
[     3.0  40002.0  80000.0 119997.0      1.0      1.0      1.0 ]
[     4.0  40003.0  80001.0 119998.0 159994.0      1.0      1.0 ]
[     5.0  40004.0  80002.0 119999.0 159995.0 199990.0      1.0 ]
[     6.0  40005.0  80003.0 120000.0 159996.0 199991.0 239985.0 ]
***************************************************************

  7: Rowwise    Max[ 1]=  5.355 Min[ 3]=  4.275 Avg=  4.442
     Columnwise Max[ 7]= 29.640 Min[ 2]= 29.117 Avg= 29.327



********************************************************
[     0.0      1.0      1.0      1.0      1.0      1.0      1.0 ]
[     1.0  40000.0      1.0      1.0      1.0      1.0      1.0 ]
[     2.0  40001.0  79999.0      1.0      1.0      1.0      1.0 ]
[     3.0  40002.0  80000.0 119997.0      1.0      1.0      1.0 ]
[     4.0  40003.0  80001.0 119998.0 159994.0      1.0      1.0 ]
[     5.0  40004.0  80002.0 119999.0 159995.0 199990.0      1.0 ]
[     6.0  40005.0  80003.0 120000.0 159996.0 199991.0 239985.0 ]
***************************************************************

