Be patient! Initializing and Transposing............

  1: Init and Transpose Max[ 1]=  5.636 Min[ 1]=  5.636 Avg=  5.636


********************************************************
[     0.0      1.0      2.0      3.0      4.0      5.0      6.0 ]
[     1.0  40000.0  40001.0  40002.0  40003.0  40004.0  40005.0 ]
[     1.0      1.0  79999.0  80000.0  80001.0  80002.0  80003.0 ]
[     1.0      1.0      1.0 119997.0 119998.0 119999.0 120000.0 ]
[     1.0      1.0      1.0      1.0 159994.0 159995.0 159996.0 ]
[     1.0      1.0      1.0      1.0      1.0 199990.0 199991.0 ]
[     1.0      1.0      1.0      1.0      1.0      1.0 239985.0 ]
***************************************************************

  2: Init and Transpose Max[ 1]=  5.636 Min[ 2]=  4.688 Avg=  5.162


********************************************************
[     0.0      1.0      2.0      3.0      4.0      5.0      6.0 ]
[     1.0  40000.0  40001.0  40002.0  40003.0  40004.0  40005.0 ]
[     1.0      1.0  79999.0  80000.0  80001.0  80002.0  80003.0 ]
[     1.0      1.0      1.0 119997.0 119998.0 119999.0 120000.0 ]
[     1.0      1.0      1.0      1.0 159994.0 159995.0 159996.0 ]
[     1.0      1.0      1.0      1.0      1.0 199990.0 199991.0 ]
[     1.0      1.0      1.0      1.0      1.0      1.0 239985.0 ]
***************************************************************

  3: Init and Transpose Max[ 1]=  5.636 Min[ 3]=  4.493 Avg=  4.939


********************************************************
[     0.0      1.0      2.0      3.0      4.0      5.0      6.0 ]
[     1.0  40000.0  40001.0  40002.0  40003.0  40004.0  40005.0 ]
[     1.0      1.0  79999.0  80000.0  80001.0  80002.0  80003.0 ]
[     1.0      1.0      1.0 119997.0 119998.0 119999.0 120000.0 ]
[     1.0      1.0      1.0      1.0 159994.0 159995.0 159996.0 ]
[     1.0      1.0      1.0      1.0      1.0 199990.0 199991.0 ]
[     1.0      1.0      1.0      1.0      1.0      1.0 239985.0 ]
***************************************************************

  4: Init and Transpose Max[ 1]=  5.636 Min[ 3]=  4.493 Avg=  4.895


********************************************************
[     0.0      1.0      2.0      3.0      4.0      5.0      6.0 ]
[     1.0  40000.0  40001.0  40002.0  40003.0  40004.0  40005.0 ]
[     1.0      1.0  79999.0  80000.0  80001.0  80002.0  80003.0 ]
[     1.0      1.0      1.0 119997.0 119998.0 119999.0 120000.0 ]
[     1.0      1.0      1.0      1.0 159994.0 159995.0 159996.0 ]
[     1.0      1.0      1.0      1.0      1.0 199990.0 199991.0 ]
[     1.0      1.0      1.0      1.0      1.0      1.0 239985.0 ]
***************************************************************

  5: Init and Transpose Max[ 1]=  5.636 Min[ 5]=  4.474 Avg=  4.811


********************************************************
[     0.0      1.0      2.0      3.0      4.0      5.0      6.0 ]
[     1.0  40000.0  40001.0  40002.0  40003.0  40004.0  40005.0 ]
[     1.0      1.0  79999.0  80000.0  80001.0  80002.0  80003.0 ]
[     1.0      1.0      1.0 119997.0 119998.0 119999.0 120000.0 ]
[     1.0      1.0      1.0      1.0 159994.0 159995.0 159996.0 ]
[     1.0      1.0      1.0      1.0      1.0 199990.0 199991.0 ]
[     1.0      1.0      1.0      1.0      1.0      1.0 239985.0 ]
***************************************************************

  6: Init and Transpose Max[ 1]=  5.636 Min[ 5]=  4.474 Avg=  4.815


********************************************************
[     0.0      1.0      2.0      3.0      4.0      5.0      6.0 ]
[     1.0  40000.0  40001.0  40002.0  40003.0  40004.0  40005.0 ]
[     1.0      1.0  79999.0  80000.0  80001.0  80002.0  80003.0 ]
[     1.0      1.0      1.0 119997.0 119998.0 119999.0 120000.0 ]
[     1.0      1.0      1.0      1.0 159994.0 159995.0 159996.0 ]
[     1.0      1.0      1.0      1.0      1.0 199990.0 199991.0 ]
[     1.0      1.0      1.0      1.0      1.0      1.0 239985.0 ]
***************************************************************

  7: Init and Transpose Max[ 1]=  5.636 Min[ 5]=  4.474 Avg=  4.787


********************************************************
[     0.0      1.0      2.0      3.0      4.0      5.0      6.0 ]
[     1.0  40000.0  40001.0  40002.0  40003.0  40004.0  40005.0 ]
[     1.0      1.0  79999.0  80000.0  80001.0  80002.0  80003.0 ]
[     1.0      1.0      1.0 119997.0 119998.0 119999.0 120000.0 ]
[     1.0      1.0      1.0      1.0 159994.0 159995.0 159996.0 ]
[     1.0      1.0      1.0      1.0      1.0 199990.0 199991.0 ]
[     1.0      1.0      1.0      1.0      1.0      1.0 239985.0 ]
***************************************************************

Be patient! Initializing and Transposing............

  1: Init and Transpose Max[ 1]=  5.428 Min[ 1]=  5.428 Avg=  5.428


********************************************************
[     0.0      1.0      2.0      3.0      4.0      5.0      6.0 ]
[     1.0  40000.0  40001.0  40002.0  40003.0  40004.0  40005.0 ]
[     1.0      1.0  79999.0  80000.0  80001.0  80002.0  80003.0 ]
[     1.0      1.0      1.0 119997.0 119998.0 119999.0 120000.0 ]
[     1.0      1.0      1.0      1.0 159994.0 159995.0 159996.0 ]
[     1.0      1.0      1.0      1.0      1.0 199990.0 199991.0 ]
[     1.0      1.0      1.0      1.0      1.0      1.0 239985.0 ]
***************************************************************

  2: Init and Transpose Max[ 1]=  5.428 Min[ 2]=  4.855 Avg=  5.141


********************************************************
[     0.0      1.0      2.0      3.0      4.0      5.0      6.0 ]
[     1.0  40000.0  40001.0  40002.0  40003.0  40004.0  40005.0 ]
[     1.0      1.0  79999.0  80000.0  80001.0  80002.0  80003.0 ]
[     1.0      1.0      1.0 119997.0 119998.0 119999.0 120000.0 ]
[     1.0      1.0      1.0      1.0 159994.0 159995.0 159996.0 ]
[     1.0      1.0      1.0      1.0      1.0 199990.0 199991.0 ]
[     1.0      1.0      1.0      1.0      1.0      1.0 239985.0 ]
***************************************************************

  3: Init and Transpose Max[ 1]=  5.428 Min[ 3]=  4.429 Avg=  4.904


********************************************************
[     0.0      1.0      2.0      3.0      4.0      5.0      6.0 ]
[     1.0  40000.0  40001.0  40002.0  40003.0  40004.0  40005.0 ]
[     1.0      1.0  79999.0  80000.0  80001.0  80002.0  80003.0 ]
[     1.0      1.0      1.0 119997.0 119998.0 119999.0 120000.0 ]
[     1.0      1.0      1.0      1.0 159994.0 159995.0 159996.0 ]
[     1.0      1.0      1.0      1.0      1.0 199990.0 199991.0 ]
[     1.0      1.0      1.0      1.0      1.0      1.0 239985.0 ]
***************************************************************

  4: Init and Transpose Max[ 1]=  5.428 Min[ 3]=  4.429 Avg=  4.811


********************************************************
[     0.0      1.0      2.0      3.0      4.0      5.0      6.0 ]
[     1.0  40000.0  40001.0  40002.0  40003.0  40004.0  40005.0 ]
[     1.0      1.0  79999.0  80000.0  80001.0  80002.0  80003.0 ]
[     1.0      1.0      1.0 119997.0 119998.0 119999.0 120000.0 ]
[     1.0      1.0      1.0      1.0 159994.0 159995.0 159996.0 ]
[     1.0      1.0      1.0      1.0      1.0 199990.0 199991.0 ]
[     1.0      1.0      1.0      1.0      1.0      1.0 239985.0 ]
***************************************************************

  5: Init and Transpose Max[ 1]=  5.428 Min[ 3]=  4.429 Avg=  4.739


********************************************************
[     0.0      1.0      2.0      3.0      4.0      5.0      6.0 ]
[     1.0  40000.0  40001.0  40002.0  40003.0  40004.0  40005.0 ]
[     1.0      1.0  79999.0  80000.0  80001.0  80002.0  80003.0 ]
[     1.0      1.0      1.0 119997.0 119998.0 119999.0 120000.0 ]
[     1.0      1.0      1.0      1.0 159994.0 159995.0 159996.0 ]
[     1.0      1.0      1.0      1.0      1.0 199990.0 199991.0 ]
[     1.0      1.0      1.0      1.0      1.0      1.0 239985.0 ]
***************************************************************

  6: Init and Transpose Max[ 1]=  5.428 Min[ 3]=  4.429 Avg=  4.728


********************************************************
[     0.0      1.0      2.0      3.0      4.0      5.0      6.0 ]
[     1.0  40000.0  40001.0  40002.0  40003.0  40004.0  40005.0 ]
[     1.0      1.0  79999.0  80000.0  80001.0  80002.0  80003.0 ]
[     1.0      1.0      1.0 119997.0 119998.0 119999.0 120000.0 ]
[     1.0      1.0      1.0      1.0 159994.0 159995.0 159996.0 ]
[     1.0      1.0      1.0      1.0      1.0 199990.0 199991.0 ]
[     1.0      1.0      1.0      1.0      1.0      1.0 239985.0 ]
***************************************************************

  7: Init and Transpose Max[ 1]=  5.428 Min[ 3]=  4.429 Avg=  4.732


********************************************************
[     0.0      1.0      2.0      3.0      4.0      5.0      6.0 ]
[     1.0  40000.0  40001.0  40002.0  40003.0  40004.0  40005.0 ]
[     1.0      1.0  79999.0  80000.0  80001.0  80002.0  80003.0 ]
[     1.0      1.0      1.0 119997.0 119998.0 119999.0 120000.0 ]
[     1.0      1.0      1.0      1.0 159994.0 159995.0 159996.0 ]
[     1.0      1.0      1.0      1.0      1.0 199990.0 199991.0 ]
[     1.0      1.0      1.0      1.0      1.0      1.0 239985.0 ]
***************************************************************

Be patient! Initializing and Transposing............

  1: Init and Transpose Max[ 1]=  5.620 Min[ 1]=  5.620 Avg=  5.620


********************************************************
[     0.0      1.0      2.0      3.0      4.0      5.0      6.0 ]
[     1.0  40000.0  40001.0  40002.0  40003.0  40004.0  40005.0 ]
[     1.0      1.0  79999.0  80000.0  80001.0  80002.0  80003.0 ]
[     1.0      1.0      1.0 119997.0 119998.0 119999.0 120000.0 ]
[     1.0      1.0      1.0      1.0 159994.0 159995.0 159996.0 ]
[     1.0      1.0      1.0      1.0      1.0 199990.0 199991.0 ]
[     1.0      1.0      1.0      1.0      1.0      1.0 239985.0 ]
***************************************************************

  2: Init and Transpose Max[ 2]=  6.160 Min[ 1]=  5.620 Avg=  5.890


********************************************************
[     0.0      1.0      2.0      3.0      4.0      5.0      6.0 ]
[     1.0  40000.0  40001.0  40002.0  40003.0  40004.0  40005.0 ]
[     1.0      1.0  79999.0  80000.0  80001.0  80002.0  80003.0 ]
[     1.0      1.0      1.0 119997.0 119998.0 119999.0 120000.0 ]
[     1.0      1.0      1.0      1.0 159994.0 159995.0 159996.0 ]
[     1.0      1.0      1.0      1.0      1.0 199990.0 199991.0 ]
[     1.0      1.0      1.0      1.0      1.0      1.0 239985.0 ]
***************************************************************

  3: Init and Transpose Max[ 2]=  6.160 Min[ 3]=  4.808 Avg=  5.530


********************************************************
[     0.0      1.0      2.0      3.0      4.0      5.0      6.0 ]
[     1.0  40000.0  40001.0  40002.0  40003.0  40004.0  40005.0 ]
[     1.0      1.0  79999.0  80000.0  80001.0  80002.0  80003.0 ]
[     1.0      1.0      1.0 119997.0 119998.0 119999.0 120000.0 ]
[     1.0      1.0      1.0      1.0 159994.0 159995.0 159996.0 ]
[     1.0      1.0      1.0      1.0      1.0 199990.0 199991.0 ]
[     1.0      1.0      1.0      1.0      1.0      1.0 239985.0 ]
***************************************************************

  4: Init and Transpose Max[ 2]=  6.160 Min[ 4]=  4.665 Avg=  5.313


********************************************************
[     0.0      1.0      2.0      3.0      4.0      5.0      6.0 ]
[     1.0  40000.0  40001.0  40002.0  40003.0  40004.0  40005.0 ]
[     1.0      1.0  79999.0  80000.0  80001.0  80002.0  80003.0 ]
[     1.0      1.0      1.0 119997.0 119998.0 119999.0 120000.0 ]
[     1.0      1.0      1.0      1.0 159994.0 159995.0 159996.0 ]
[     1.0      1.0      1.0      1.0      1.0 199990.0 199991.0 ]
[     1.0      1.0      1.0      1.0      1.0      1.0 239985.0 ]
***************************************************************

  5: Init and Transpose Max[ 2]=  6.160 Min[ 4]=  4.665 Avg=  5.251


********************************************************
[     0.0      1.0      2.0      3.0      4.0      5.0      6.0 ]
[     1.0  40000.0  40001.0  40002.0  40003.0  40004.0  40005.0 ]
[     1.0      1.0  79999.0  80000.0  80001.0  80002.0  80003.0 ]
[     1.0      1.0      1.0 119997.0 119998.0 119999.0 120000.0 ]
[     1.0      1.0      1.0      1.0 159994.0 159995.0 159996.0 ]
[     1.0      1.0      1.0      1.0      1.0 199990.0 199991.0 ]
[     1.0      1.0      1.0      1.0      1.0      1.0 239985.0 ]
***************************************************************

  6: Init and Transpose Max[ 2]=  6.160 Min[ 4]=  4.665 Avg=  5.212


********************************************************
[     0.0      1.0      2.0      3.0      4.0      5.0      6.0 ]
[     1.0  40000.0  40001.0  40002.0  40003.0  40004.0  40005.0 ]
[     1.0      1.0  79999.0  80000.0  80001.0  80002.0  80003.0 ]
[     1.0      1.0      1.0 119997.0 119998.0 119999.0 120000.0 ]
[     1.0      1.0      1.0      1.0 159994.0 159995.0 159996.0 ]
[     1.0      1.0      1.0      1.0      1.0 199990.0 199991.0 ]
[     1.0      1.0      1.0      1.0      1.0      1.0 239985.0 ]
***************************************************************

  7: Init and Transpose Max[ 2]=  6.160 Min[ 7]=  4.653 Avg=  5.132


********************************************************
[     0.0      1.0      2.0      3.0      4.0      5.0      6.0 ]
[     1.0  40000.0  40001.0  40002.0  40003.0  40004.0  40005.0 ]
[     1.0      1.0  79999.0  80000.0  80001.0  80002.0  80003.0 ]
[     1.0      1.0      1.0 119997.0 119998.0 119999.0 120000.0 ]
[     1.0      1.0      1.0      1.0 159994.0 159995.0 159996.0 ]
[     1.0      1.0      1.0      1.0      1.0 199990.0 199991.0 ]
[     1.0      1.0      1.0      1.0      1.0      1.0 239985.0 ]
***************************************************************

Be patient! Initializing and Transposing............

  1: Init and Transpose Max[ 1]=  5.427 Min[ 1]=  5.427 Avg=  5.427


********************************************************
[     0.0      1.0      2.0      3.0      4.0      5.0      6.0 ]
[     1.0  40000.0  40001.0  40002.0  40003.0  40004.0  40005.0 ]
[     1.0      1.0  79999.0  80000.0  80001.0  80002.0  80003.0 ]
[     1.0      1.0      1.0 119997.0 119998.0 119999.0 120000.0 ]
[     1.0      1.0      1.0      1.0 159994.0 159995.0 159996.0 ]
[     1.0      1.0      1.0      1.0      1.0 199990.0 199991.0 ]
[     1.0      1.0      1.0      1.0      1.0      1.0 239985.0 ]
***************************************************************

  2: Init and Transpose Max[ 2]=  7.138 Min[ 1]=  5.427 Avg=  6.282


********************************************************
[     0.0      1.0      2.0      3.0      4.0      5.0      6.0 ]
[     1.0  40000.0  40001.0  40002.0  40003.0  40004.0  40005.0 ]
[     1.0      1.0  79999.0  80000.0  80001.0  80002.0  80003.0 ]
[     1.0      1.0      1.0 119997.0 119998.0 119999.0 120000.0 ]
[     1.0      1.0      1.0      1.0 159994.0 159995.0 159996.0 ]
[     1.0      1.0      1.0      1.0      1.0 199990.0 199991.0 ]
[     1.0      1.0      1.0      1.0      1.0      1.0 239985.0 ]
***************************************************************

  3: Init and Transpose Max[ 2]=  7.138 Min[ 3]=  4.652 Avg=  5.739


********************************************************
[     0.0      1.0      2.0      3.0      4.0      5.0      6.0 ]
[     1.0  40000.0  40001.0  40002.0  40003.0  40004.0  40005.0 ]
[     1.0      1.0  79999.0  80000.0  80001.0  80002.0  80003.0 ]
[     1.0      1.0      1.0 119997.0 119998.0 119999.0 120000.0 ]
[     1.0      1.0      1.0      1.0 159994.0 159995.0 159996.0 ]
[     1.0      1.0      1.0      1.0      1.0 199990.0 199991.0 ]
[     1.0      1.0      1.0      1.0      1.0      1.0 239985.0 ]
***************************************************************

  4: Init and Transpose Max[ 2]=  7.138 Min[ 4]=  4.609 Avg=  5.456


********************************************************
[     0.0      1.0      2.0      3.0      4.0      5.0      6.0 ]
[     1.0  40000.0  40001.0  40002.0  40003.0  40004.0  40005.0 ]
[     1.0      1.0  79999.0  80000.0  80001.0  80002.0  80003.0 ]
[     1.0      1.0      1.0 119997.0 119998.0 119999.0 120000.0 ]
[     1.0      1.0      1.0      1.0 159994.0 159995.0 159996.0 ]
[     1.0      1.0      1.0      1.0      1.0 199990.0 199991.0 ]
[     1.0      1.0      1.0      1.0      1.0      1.0 239985.0 ]
***************************************************************

  5: Init and Transpose Max[ 2]=  7.138 Min[ 4]=  4.609 Avg=  5.532


********************************************************
[     0.0      1.0      2.0      3.0      4.0      5.0      6.0 ]
[     1.0  40000.0  40001.0  40002.0  40003.0  40004.0  40005.0 ]
[     1.0      1.0  79999.0  80000.0  80001.0  80002.0  80003.0 ]
[     1.0      1.0      1.0 119997.0 119998.0 119999.0 120000.0 ]
[     1.0      1.0      1.0      1.0 159994.0 159995.0 159996.0 ]
[     1.0      1.0      1.0      1.0      1.0 199990.0 199991.0 ]
[     1.0      1.0      1.0      1.0      1.0      1.0 239985.0 ]
***************************************************************

  6: Init and Transpose Max[ 2]=  7.138 Min[ 4]=  4.609 Avg=  5.630


********************************************************
[     0.0      1.0      2.0      3.0      4.0      5.0      6.0 ]
[     1.0  40000.0  40001.0  40002.0  40003.0  40004.0  40005.0 ]
[     1.0      1.0  79999.0  80000.0  80001.0  80002.0  80003.0 ]
[     1.0      1.0      1.0 119997.0 119998.0 119999.0 120000.0 ]
[     1.0      1.0      1.0      1.0 159994.0 159995.0 159996.0 ]
[     1.0      1.0      1.0      1.0      1.0 199990.0 199991.0 ]
[     1.0      1.0      1.0      1.0      1.0      1.0 239985.0 ]
***************************************************************

  7: Init and Transpose Max[ 2]=  7.138 Min[ 4]=  4.609 Avg=  5.516


********************************************************
[     0.0      1.0      2.0      3.0      4.0      5.0      6.0 ]
[     1.0  40000.0  40001.0  40002.0  40003.0  40004.0  40005.0 ]
[     1.0      1.0  79999.0  80000.0  80001.0  80002.0  80003.0 ]
[     1.0      1.0      1.0 119997.0 119998.0 119999.0 120000.0 ]
[     1.0      1.0      1.0      1.0 159994.0 159995.0 159996.0 ]
[     1.0      1.0      1.0      1.0      1.0 199990.0 199991.0 ]
[     1.0      1.0      1.0      1.0      1.0      1.0 239985.0 ]
***************************************************************

Be patient! Initializing and Transposing............

  1: Init and Transpose Max[ 1]=  5.253 Min[ 1]=  5.253 Avg=  5.253


********************************************************
[     0.0      1.0      2.0      3.0      4.0      5.0      6.0 ]
[     1.0  40000.0  40001.0  40002.0  40003.0  40004.0  40005.0 ]
[     1.0      1.0  79999.0  80000.0  80001.0  80002.0  80003.0 ]
[     1.0      1.0      1.0 119997.0 119998.0 119999.0 120000.0 ]
[     1.0      1.0      1.0      1.0 159994.0 159995.0 159996.0 ]
[     1.0      1.0      1.0      1.0      1.0 199990.0 199991.0 ]
[     1.0      1.0      1.0      1.0      1.0      1.0 239985.0 ]
***************************************************************

  2: Init and Transpose Max[ 1]=  5.253 Min[ 2]=  4.901 Avg=  5.077


********************************************************
[     0.0      1.0      2.0      3.0      4.0      5.0      6.0 ]
[     1.0  40000.0  40001.0  40002.0  40003.0  40004.0  40005.0 ]
[     1.0      1.0  79999.0  80000.0  80001.0  80002.0  80003.0 ]
[     1.0      1.0      1.0 119997.0 119998.0 119999.0 120000.0 ]
[     1.0      1.0      1.0      1.0 159994.0 159995.0 159996.0 ]
[     1.0      1.0      1.0      1.0      1.0 199990.0 199991.0 ]
[     1.0      1.0      1.0      1.0      1.0      1.0 239985.0 ]
***************************************************************

  3: Init and Transpose Max[ 1]=  5.253 Min[ 3]=  4.571 Avg=  4.908


********************************************************
[     0.0      1.0      2.0      3.0      4.0      5.0      6.0 ]
[     1.0  40000.0  40001.0  40002.0  40003.0  40004.0  40005.0 ]
[     1.0      1.0  79999.0  80000.0  80001.0  80002.0  80003.0 ]
[     1.0      1.0      1.0 119997.0 119998.0 119999.0 120000.0 ]
[     1.0      1.0      1.0      1.0 159994.0 159995.0 159996.0 ]
[     1.0      1.0      1.0      1.0      1.0 199990.0 199991.0 ]
[     1.0      1.0      1.0      1.0      1.0      1.0 239985.0 ]
***************************************************************

  4: Init and Transpose Max[ 1]=  5.253 Min[ 3]=  4.571 Avg=  4.855


********************************************************
[     0.0      1.0      2.0      3.0      4.0      5.0      6.0 ]
[     1.0  40000.0  40001.0  40002.0  40003.0  40004.0  40005.0 ]
[     1.0      1.0  79999.0  80000.0  80001.0  80002.0  80003.0 ]
[     1.0      1.0      1.0 119997.0 119998.0 119999.0 120000.0 ]
[     1.0      1.0      1.0      1.0 159994.0 159995.0 159996.0 ]
[     1.0      1.0      1.0      1.0      1.0 199990.0 199991.0 ]
[     1.0      1.0      1.0      1.0      1.0      1.0 239985.0 ]
***************************************************************

  5: Init and Transpose Max[ 1]=  5.253 Min[ 3]=  4.571 Avg=  4.835


********************************************************
[     0.0      1.0      2.0      3.0      4.0      5.0      6.0 ]
[     1.0  40000.0  40001.0  40002.0  40003.0  40004.0  40005.0 ]
[     1.0      1.0  79999.0  80000.0  80001.0  80002.0  80003.0 ]
[     1.0      1.0      1.0 119997.0 119998.0 119999.0 120000.0 ]
[     1.0      1.0      1.0      1.0 159994.0 159995.0 159996.0 ]
[     1.0      1.0      1.0      1.0      1.0 199990.0 199991.0 ]
[     1.0      1.0      1.0      1.0      1.0      1.0 239985.0 ]
***************************************************************

  6: Init and Transpose Max[ 1]=  5.253 Min[ 3]=  4.571 Avg=  4.859


********************************************************
[     0.0      1.0      2.0      3.0      4.0      5.0      6.0 ]
[     1.0  40000.0  40001.0  40002.0  40003.0  40004.0  40005.0 ]
[     1.0      1.0  79999.0  80000.0  80001.0  80002.0  80003.0 ]
[     1.0      1.0      1.0 119997.0 119998.0 119999.0 120000.0 ]
[     1.0      1.0      1.0      1.0 159994.0 159995.0 159996.0 ]
[     1.0      1.0      1.0      1.0      1.0 199990.0 199991.0 ]
[     1.0      1.0      1.0      1.0      1.0      1.0 239985.0 ]
***************************************************************

  7: Init and Transpose Max[ 1]=  5.253 Min[ 3]=  4.571 Avg=  4.827


********************************************************
[     0.0      1.0      2.0      3.0      4.0      5.0      6.0 ]
[     1.0  40000.0  40001.0  40002.0  40003.0  40004.0  40005.0 ]
[     1.0      1.0  79999.0  80000.0  80001.0  80002.0  80003.0 ]
[     1.0      1.0      1.0 119997.0 119998.0 119999.0 120000.0 ]
[     1.0      1.0      1.0      1.0 159994.0 159995.0 159996.0 ]
[     1.0      1.0      1.0      1.0      1.0 199990.0 199991.0 ]
[     1.0      1.0      1.0      1.0      1.0      1.0 239985.0 ]
***************************************************************

