Be patient! Initializing and Transposing............

  1: Init and Transpose Max[ 1]=  9.556 Min[ 1]=  9.556 Avg=  9.556


********************************************************
[     0.0      1.0      3.0      6.0     10.0     15.0     21.0 ]
[     1.0      2.0      4.0      7.0     11.0     16.0     22.0 ]
[     1.0      1.0      5.0      8.0     12.0     17.0     23.0 ]
[     1.0      1.0      1.0      9.0     13.0     18.0     24.0 ]
[     1.0      1.0      1.0      1.0     14.0     19.0     25.0 ]
[     1.0      1.0      1.0      1.0      1.0     20.0     26.0 ]
[     1.0      1.0      1.0      1.0      1.0      1.0     27.0 ]
***************************************************************

  2: Init and Transpose Max[ 1]=  9.556 Min[ 2]=  7.197 Avg=  8.376


********************************************************
[     0.0      1.0      3.0      6.0     10.0     15.0     21.0 ]
[     1.0      2.0      4.0      7.0     11.0     16.0     22.0 ]
[     1.0      1.0      5.0      8.0     12.0     17.0     23.0 ]
[     1.0      1.0      1.0      9.0     13.0     18.0     24.0 ]
[     1.0      1.0      1.0      1.0     14.0     19.0     25.0 ]
[     1.0      1.0      1.0      1.0      1.0     20.0     26.0 ]
[     1.0      1.0      1.0      1.0      1.0      1.0     27.0 ]
***************************************************************

  3: Init and Transpose Max[ 1]=  9.556 Min[ 2]=  7.197 Avg=  8.580


********************************************************
[     0.0      1.0      3.0      6.0     10.0     15.0     21.0 ]
[     1.0      2.0      4.0      7.0     11.0     16.0     22.0 ]
[     1.0      1.0      5.0      8.0     12.0     17.0     23.0 ]
[     1.0      1.0      1.0      9.0     13.0     18.0     24.0 ]
[     1.0      1.0      1.0      1.0     14.0     19.0     25.0 ]
[     1.0      1.0      1.0      1.0      1.0     20.0     26.0 ]
[     1.0      1.0      1.0      1.0      1.0      1.0     27.0 ]
***************************************************************

  4: Init and Transpose Max[ 1]=  9.556 Min[ 2]=  7.197 Avg=  8.305


********************************************************
[     0.0      1.0      3.0      6.0     10.0     15.0     21.0 ]
[     1.0      2.0      4.0      7.0     11.0     16.0     22.0 ]
[     1.0      1.0      5.0      8.0     12.0     17.0     23.0 ]
[     1.0      1.0      1.0      9.0     13.0     18.0     24.0 ]
[     1.0      1.0      1.0      1.0     14.0     19.0     25.0 ]
[     1.0      1.0      1.0      1.0      1.0     20.0     26.0 ]
[     1.0      1.0      1.0      1.0      1.0      1.0     27.0 ]
***************************************************************

  5: Init and Transpose Max[ 1]=  9.556 Min[ 5]=  7.197 Avg=  8.084


********************************************************
[     0.0      1.0      3.0      6.0     10.0     15.0     21.0 ]
[     1.0      2.0      4.0      7.0     11.0     16.0     22.0 ]
[     1.0      1.0      5.0      8.0     12.0     17.0     23.0 ]
[     1.0      1.0      1.0      9.0     13.0     18.0     24.0 ]
[     1.0      1.0      1.0      1.0     14.0     19.0     25.0 ]
[     1.0      1.0      1.0      1.0      1.0     20.0     26.0 ]
[     1.0      1.0      1.0      1.0      1.0      1.0     27.0 ]
***************************************************************

  6: Init and Transpose Max[ 1]=  9.556 Min[ 6]=  6.963 Avg=  7.897


********************************************************
[     0.0      1.0      3.0      6.0     10.0     15.0     21.0 ]
[     1.0      2.0      4.0      7.0     11.0     16.0     22.0 ]
[     1.0      1.0      5.0      8.0     12.0     17.0     23.0 ]
[     1.0      1.0      1.0      9.0     13.0     18.0     24.0 ]
[     1.0      1.0      1.0      1.0     14.0     19.0     25.0 ]
[     1.0      1.0      1.0      1.0      1.0     20.0     26.0 ]
[     1.0      1.0      1.0      1.0      1.0      1.0     27.0 ]
***************************************************************

  7: Init and Transpose Max[ 1]=  9.556 Min[ 6]=  6.963 Avg=  7.819


********************************************************
[     0.0      1.0      3.0      6.0     10.0     15.0     21.0 ]
[     1.0      2.0      4.0      7.0     11.0     16.0     22.0 ]
[     1.0      1.0      5.0      8.0     12.0     17.0     23.0 ]
[     1.0      1.0      1.0      9.0     13.0     18.0     24.0 ]
[     1.0      1.0      1.0      1.0     14.0     19.0     25.0 ]
[     1.0      1.0      1.0      1.0      1.0     20.0     26.0 ]
[     1.0      1.0      1.0      1.0      1.0      1.0     27.0 ]
***************************************************************

Be patient! Initializing and Transposing............

  1: Init and Transpose Max[ 1]=  9.396 Min[ 1]=  9.396 Avg=  9.396


********************************************************
[     0.0      1.0      3.0      6.0     10.0     15.0     21.0 ]
[     1.0      2.0      4.0      7.0     11.0     16.0     22.0 ]
[     1.0      1.0      5.0      8.0     12.0     17.0     23.0 ]
[     1.0      1.0      1.0      9.0     13.0     18.0     24.0 ]
[     1.0      1.0      1.0      1.0     14.0     19.0     25.0 ]
[     1.0      1.0      1.0      1.0      1.0     20.0     26.0 ]
[     1.0      1.0      1.0      1.0      1.0      1.0     27.0 ]
***************************************************************

  2: Init and Transpose Max[ 1]=  9.396 Min[ 2]=  7.435 Avg=  8.416


********************************************************
[     0.0      1.0      3.0      6.0     10.0     15.0     21.0 ]
[     1.0      2.0      4.0      7.0     11.0     16.0     22.0 ]
[     1.0      1.0      5.0      8.0     12.0     17.0     23.0 ]
[     1.0      1.0      1.0      9.0     13.0     18.0     24.0 ]
[     1.0      1.0      1.0      1.0     14.0     19.0     25.0 ]
[     1.0      1.0      1.0      1.0      1.0     20.0     26.0 ]
[     1.0      1.0      1.0      1.0      1.0      1.0     27.0 ]
***************************************************************

  3: Init and Transpose Max[ 1]=  9.396 Min[ 3]=  7.249 Avg=  8.027


********************************************************
[     0.0      1.0      3.0      6.0     10.0     15.0     21.0 ]
[     1.0      2.0      4.0      7.0     11.0     16.0     22.0 ]
[     1.0      1.0      5.0      8.0     12.0     17.0     23.0 ]
[     1.0      1.0      1.0      9.0     13.0     18.0     24.0 ]
[     1.0      1.0      1.0      1.0     14.0     19.0     25.0 ]
[     1.0      1.0      1.0      1.0      1.0     20.0     26.0 ]
[     1.0      1.0      1.0      1.0      1.0      1.0     27.0 ]
***************************************************************

  4: Init and Transpose Max[ 1]=  9.396 Min[ 4]=  7.145 Avg=  7.806


********************************************************
[     0.0      1.0      3.0      6.0     10.0     15.0     21.0 ]
[     1.0      2.0      4.0      7.0     11.0     16.0     22.0 ]
[     1.0      1.0      5.0      8.0     12.0     17.0     23.0 ]
[     1.0      1.0      1.0      9.0     13.0     18.0     24.0 ]
[     1.0      1.0      1.0      1.0     14.0     19.0     25.0 ]
[     1.0      1.0      1.0      1.0      1.0     20.0     26.0 ]
[     1.0      1.0      1.0      1.0      1.0      1.0     27.0 ]
***************************************************************

  5: Init and Transpose Max[ 1]=  9.396 Min[ 4]=  7.145 Avg=  7.677


********************************************************
[     0.0      1.0      3.0      6.0     10.0     15.0     21.0 ]
[     1.0      2.0      4.0      7.0     11.0     16.0     22.0 ]
[     1.0      1.0      5.0      8.0     12.0     17.0     23.0 ]
[     1.0      1.0      1.0      9.0     13.0     18.0     24.0 ]
[     1.0      1.0      1.0      1.0     14.0     19.0     25.0 ]
[     1.0      1.0      1.0      1.0      1.0     20.0     26.0 ]
[     1.0      1.0      1.0      1.0      1.0      1.0     27.0 ]
***************************************************************

  6: Init and Transpose Max[ 1]=  9.396 Min[ 6]=  6.837 Avg=  7.537


********************************************************
[     0.0      1.0      3.0      6.0     10.0     15.0     21.0 ]
[     1.0      2.0      4.0      7.0     11.0     16.0     22.0 ]
[     1.0      1.0      5.0      8.0     12.0     17.0     23.0 ]
[     1.0      1.0      1.0      9.0     13.0     18.0     24.0 ]
[     1.0      1.0      1.0      1.0     14.0     19.0     25.0 ]
[     1.0      1.0      1.0      1.0      1.0     20.0     26.0 ]
[     1.0      1.0      1.0      1.0      1.0      1.0     27.0 ]
***************************************************************

  7: Init and Transpose Max[ 1]=  9.396 Min[ 7]=  6.809 Avg=  7.433


********************************************************
[     0.0      1.0      3.0      6.0     10.0     15.0     21.0 ]
[     1.0      2.0      4.0      7.0     11.0     16.0     22.0 ]
[     1.0      1.0      5.0      8.0     12.0     17.0     23.0 ]
[     1.0      1.0      1.0      9.0     13.0     18.0     24.0 ]
[     1.0      1.0      1.0      1.0     14.0     19.0     25.0 ]
[     1.0      1.0      1.0      1.0      1.0     20.0     26.0 ]
[     1.0      1.0      1.0      1.0      1.0      1.0     27.0 ]
***************************************************************

Be patient! Initializing and Transposing............

  1: Init and Transpose Max[ 1]=  8.218 Min[ 1]=  8.218 Avg=  8.218


********************************************************
[     0.0      1.0      3.0      6.0     10.0     15.0     21.0 ]
[     1.0      2.0      4.0      7.0     11.0     16.0     22.0 ]
[     1.0      1.0      5.0      8.0     12.0     17.0     23.0 ]
[     1.0      1.0      1.0      9.0     13.0     18.0     24.0 ]
[     1.0      1.0      1.0      1.0     14.0     19.0     25.0 ]
[     1.0      1.0      1.0      1.0      1.0     20.0     26.0 ]
[     1.0      1.0      1.0      1.0      1.0      1.0     27.0 ]
***************************************************************

  2: Init and Transpose Max[ 1]=  8.218 Min[ 2]=  6.786 Avg=  7.502


********************************************************
[     0.0      1.0      3.0      6.0     10.0     15.0     21.0 ]
[     1.0      2.0      4.0      7.0     11.0     16.0     22.0 ]
[     1.0      1.0      5.0      8.0     12.0     17.0     23.0 ]
[     1.0      1.0      1.0      9.0     13.0     18.0     24.0 ]
[     1.0      1.0      1.0      1.0     14.0     19.0     25.0 ]
[     1.0      1.0      1.0      1.0      1.0     20.0     26.0 ]
[     1.0      1.0      1.0      1.0      1.0      1.0     27.0 ]
***************************************************************

  3: Init and Transpose Max[ 1]=  8.218 Min[ 3]=  6.752 Avg=  7.252


********************************************************
[     0.0      1.0      3.0      6.0     10.0     15.0     21.0 ]
[     1.0      2.0      4.0      7.0     11.0     16.0     22.0 ]
[     1.0      1.0      5.0      8.0     12.0     17.0     23.0 ]
[     1.0      1.0      1.0      9.0     13.0     18.0     24.0 ]
[     1.0      1.0      1.0      1.0     14.0     19.0     25.0 ]
[     1.0      1.0      1.0      1.0      1.0     20.0     26.0 ]
[     1.0      1.0      1.0      1.0      1.0      1.0     27.0 ]
***************************************************************

  4: Init and Transpose Max[ 1]=  8.218 Min[ 4]=  6.580 Avg=  7.084


********************************************************
[     0.0      1.0      3.0      6.0     10.0     15.0     21.0 ]
[     1.0      2.0      4.0      7.0     11.0     16.0     22.0 ]
[     1.0      1.0      5.0      8.0     12.0     17.0     23.0 ]
[     1.0      1.0      1.0      9.0     13.0     18.0     24.0 ]
[     1.0      1.0      1.0      1.0     14.0     19.0     25.0 ]
[     1.0      1.0      1.0      1.0      1.0     20.0     26.0 ]
[     1.0      1.0      1.0      1.0      1.0      1.0     27.0 ]
***************************************************************

  5: Init and Transpose Max[ 5]=  9.043 Min[ 4]=  6.580 Avg=  7.476


********************************************************
[     0.0      1.0      3.0      6.0     10.0     15.0     21.0 ]
[     1.0      2.0      4.0      7.0     11.0     16.0     22.0 ]
[     1.0      1.0      5.0      8.0     12.0     17.0     23.0 ]
[     1.0      1.0      1.0      9.0     13.0     18.0     24.0 ]
[     1.0      1.0      1.0      1.0     14.0     19.0     25.0 ]
[     1.0      1.0      1.0      1.0      1.0     20.0     26.0 ]
[     1.0      1.0      1.0      1.0      1.0      1.0     27.0 ]
***************************************************************

  6: Init and Transpose Max[ 5]=  9.043 Min[ 4]=  6.580 Avg=  7.377


********************************************************
[     0.0      1.0      3.0      6.0     10.0     15.0     21.0 ]
[     1.0      2.0      4.0      7.0     11.0     16.0     22.0 ]
[     1.0      1.0      5.0      8.0     12.0     17.0     23.0 ]
[     1.0      1.0      1.0      9.0     13.0     18.0     24.0 ]
[     1.0      1.0      1.0      1.0     14.0     19.0     25.0 ]
[     1.0      1.0      1.0      1.0      1.0     20.0     26.0 ]
[     1.0      1.0      1.0      1.0      1.0      1.0     27.0 ]
***************************************************************

  7: Init and Transpose Max[ 5]=  9.043 Min[ 4]=  6.580 Avg=  7.501


********************************************************
[     0.0      1.0      3.0      6.0     10.0     15.0     21.0 ]
[     1.0      2.0      4.0      7.0     11.0     16.0     22.0 ]
[     1.0      1.0      5.0      8.0     12.0     17.0     23.0 ]
[     1.0      1.0      1.0      9.0     13.0     18.0     24.0 ]
[     1.0      1.0      1.0      1.0     14.0     19.0     25.0 ]
[     1.0      1.0      1.0      1.0      1.0     20.0     26.0 ]
[     1.0      1.0      1.0      1.0      1.0      1.0     27.0 ]
***************************************************************

Be patient! Initializing and Transposing............

  1: Init and Transpose Max[ 1]=  8.209 Min[ 1]=  8.209 Avg=  8.209


********************************************************
[     0.0      1.0      3.0      6.0     10.0     15.0     21.0 ]
[     1.0      2.0      4.0      7.0     11.0     16.0     22.0 ]
[     1.0      1.0      5.0      8.0     12.0     17.0     23.0 ]
[     1.0      1.0      1.0      9.0     13.0     18.0     24.0 ]
[     1.0      1.0      1.0      1.0     14.0     19.0     25.0 ]
[     1.0      1.0      1.0      1.0      1.0     20.0     26.0 ]
[     1.0      1.0      1.0      1.0      1.0      1.0     27.0 ]
***************************************************************

  2: Init and Transpose Max[ 1]=  8.209 Min[ 2]=  7.278 Avg=  7.743


********************************************************
[     0.0      1.0      3.0      6.0     10.0     15.0     21.0 ]
[     1.0      2.0      4.0      7.0     11.0     16.0     22.0 ]
[     1.0      1.0      5.0      8.0     12.0     17.0     23.0 ]
[     1.0      1.0      1.0      9.0     13.0     18.0     24.0 ]
[     1.0      1.0      1.0      1.0     14.0     19.0     25.0 ]
[     1.0      1.0      1.0      1.0      1.0     20.0     26.0 ]
[     1.0      1.0      1.0      1.0      1.0      1.0     27.0 ]
***************************************************************

  3: Init and Transpose Max[ 1]=  8.209 Min[ 3]=  7.207 Avg=  7.564


********************************************************
[     0.0      1.0      3.0      6.0     10.0     15.0     21.0 ]
[     1.0      2.0      4.0      7.0     11.0     16.0     22.0 ]
[     1.0      1.0      5.0      8.0     12.0     17.0     23.0 ]
[     1.0      1.0      1.0      9.0     13.0     18.0     24.0 ]
[     1.0      1.0      1.0      1.0     14.0     19.0     25.0 ]
[     1.0      1.0      1.0      1.0      1.0     20.0     26.0 ]
[     1.0      1.0      1.0      1.0      1.0      1.0     27.0 ]
***************************************************************

  4: Init and Transpose Max[ 1]=  8.209 Min[ 3]=  7.207 Avg=  7.657


********************************************************
[     0.0      1.0      3.0      6.0     10.0     15.0     21.0 ]
[     1.0      2.0      4.0      7.0     11.0     16.0     22.0 ]
[     1.0      1.0      5.0      8.0     12.0     17.0     23.0 ]
[     1.0      1.0      1.0      9.0     13.0     18.0     24.0 ]
[     1.0      1.0      1.0      1.0     14.0     19.0     25.0 ]
[     1.0      1.0      1.0      1.0      1.0     20.0     26.0 ]
[     1.0      1.0      1.0      1.0      1.0      1.0     27.0 ]
***************************************************************

  5: Init and Transpose Max[ 1]=  8.209 Min[ 3]=  7.207 Avg=  7.688


********************************************************
[     0.0      1.0      3.0      6.0     10.0     15.0     21.0 ]
[     1.0      2.0      4.0      7.0     11.0     16.0     22.0 ]
[     1.0      1.0      5.0      8.0     12.0     17.0     23.0 ]
[     1.0      1.0      1.0      9.0     13.0     18.0     24.0 ]
[     1.0      1.0      1.0      1.0     14.0     19.0     25.0 ]
[     1.0      1.0      1.0      1.0      1.0     20.0     26.0 ]
[     1.0      1.0      1.0      1.0      1.0      1.0     27.0 ]
***************************************************************

  6: Init and Transpose Max[ 1]=  8.209 Min[ 6]=  7.069 Avg=  7.585


********************************************************
[     0.0      1.0      3.0      6.0     10.0     15.0     21.0 ]
[     1.0      2.0      4.0      7.0     11.0     16.0     22.0 ]
[     1.0      1.0      5.0      8.0     12.0     17.0     23.0 ]
[     1.0      1.0      1.0      9.0     13.0     18.0     24.0 ]
[     1.0      1.0      1.0      1.0     14.0     19.0     25.0 ]
[     1.0      1.0      1.0      1.0      1.0     20.0     26.0 ]
[     1.0      1.0      1.0      1.0      1.0      1.0     27.0 ]
***************************************************************

  7: Init and Transpose Max[ 1]=  8.209 Min[ 6]=  7.069 Avg=  7.560


********************************************************
[     0.0      1.0      3.0      6.0     10.0     15.0     21.0 ]
[     1.0      2.0      4.0      7.0     11.0     16.0     22.0 ]
[     1.0      1.0      5.0      8.0     12.0     17.0     23.0 ]
[     1.0      1.0      1.0      9.0     13.0     18.0     24.0 ]
[     1.0      1.0      1.0      1.0     14.0     19.0     25.0 ]
[     1.0      1.0      1.0      1.0      1.0     20.0     26.0 ]
[     1.0      1.0      1.0      1.0      1.0      1.0     27.0 ]
***************************************************************

Be patient! Initializing and Transposing............

  1: Init and Transpose Max[ 1]=  8.670 Min[ 1]=  8.670 Avg=  8.670


********************************************************
[     0.0      1.0      3.0      6.0     10.0     15.0     21.0 ]
[     1.0      2.0      4.0      7.0     11.0     16.0     22.0 ]
[     1.0      1.0      5.0      8.0     12.0     17.0     23.0 ]
[     1.0      1.0      1.0      9.0     13.0     18.0     24.0 ]
[     1.0      1.0      1.0      1.0     14.0     19.0     25.0 ]
[     1.0      1.0      1.0      1.0      1.0     20.0     26.0 ]
[     1.0      1.0      1.0      1.0      1.0      1.0     27.0 ]
***************************************************************

  2: Init and Transpose Max[ 1]=  8.670 Min[ 2]=  6.516 Avg=  7.593


********************************************************
[     0.0      1.0      3.0      6.0     10.0     15.0     21.0 ]
[     1.0      2.0      4.0      7.0     11.0     16.0     22.0 ]
[     1.0      1.0      5.0      8.0     12.0     17.0     23.0 ]
[     1.0      1.0      1.0      9.0     13.0     18.0     24.0 ]
[     1.0      1.0      1.0      1.0     14.0     19.0     25.0 ]
[     1.0      1.0      1.0      1.0      1.0     20.0     26.0 ]
[     1.0      1.0      1.0      1.0      1.0      1.0     27.0 ]
***************************************************************

  3: Init and Transpose Max[ 1]=  8.670 Min[ 2]=  6.516 Avg=  7.553


********************************************************
[     0.0      1.0      3.0      6.0     10.0     15.0     21.0 ]
[     1.0      2.0      4.0      7.0     11.0     16.0     22.0 ]
[     1.0      1.0      5.0      8.0     12.0     17.0     23.0 ]
[     1.0      1.0      1.0      9.0     13.0     18.0     24.0 ]
[     1.0      1.0      1.0      1.0     14.0     19.0     25.0 ]
[     1.0      1.0      1.0      1.0      1.0     20.0     26.0 ]
[     1.0      1.0      1.0      1.0      1.0      1.0     27.0 ]
***************************************************************

  4: Init and Transpose Max[ 1]=  8.670 Min[ 2]=  6.516 Avg=  7.363


********************************************************
[     0.0      1.0      3.0      6.0     10.0     15.0     21.0 ]
[     1.0      2.0      4.0      7.0     11.0     16.0     22.0 ]
[     1.0      1.0      5.0      8.0     12.0     17.0     23.0 ]
[     1.0      1.0      1.0      9.0     13.0     18.0     24.0 ]
[     1.0      1.0      1.0      1.0     14.0     19.0     25.0 ]
[     1.0      1.0      1.0      1.0      1.0     20.0     26.0 ]
[     1.0      1.0      1.0      1.0      1.0      1.0     27.0 ]
***************************************************************

  5: Init and Transpose Max[ 1]=  8.670 Min[ 2]=  6.516 Avg=  7.313


********************************************************
[     0.0      1.0      3.0      6.0     10.0     15.0     21.0 ]
[     1.0      2.0      4.0      7.0     11.0     16.0     22.0 ]
[     1.0      1.0      5.0      8.0     12.0     17.0     23.0 ]
[     1.0      1.0      1.0      9.0     13.0     18.0     24.0 ]
[     1.0      1.0      1.0      1.0     14.0     19.0     25.0 ]
[     1.0      1.0      1.0      1.0      1.0     20.0     26.0 ]
[     1.0      1.0      1.0      1.0      1.0      1.0     27.0 ]
***************************************************************

  6: Init and Transpose Max[ 1]=  8.670 Min[ 2]=  6.516 Avg=  7.261


********************************************************
[     0.0      1.0      3.0      6.0     10.0     15.0     21.0 ]
[     1.0      2.0      4.0      7.0     11.0     16.0     22.0 ]
[     1.0      1.0      5.0      8.0     12.0     17.0     23.0 ]
[     1.0      1.0      1.0      9.0     13.0     18.0     24.0 ]
[     1.0      1.0      1.0      1.0     14.0     19.0     25.0 ]
[     1.0      1.0      1.0      1.0      1.0     20.0     26.0 ]
[     1.0      1.0      1.0      1.0      1.0      1.0     27.0 ]
***************************************************************

  7: Init and Transpose Max[ 1]=  8.670 Min[ 2]=  6.516 Avg=  7.209


********************************************************
[     0.0      1.0      3.0      6.0     10.0     15.0     21.0 ]
[     1.0      2.0      4.0      7.0     11.0     16.0     22.0 ]
[     1.0      1.0      5.0      8.0     12.0     17.0     23.0 ]
[     1.0      1.0      1.0      9.0     13.0     18.0     24.0 ]
[     1.0      1.0      1.0      1.0     14.0     19.0     25.0 ]
[     1.0      1.0      1.0      1.0      1.0     20.0     26.0 ]
[     1.0      1.0      1.0      1.0      1.0      1.0     27.0 ]
***************************************************************

