Be patient! Initializing and Transposing............

  1: Init and Transpose Max[ 1]=  5.515 Min[ 1]=  5.515 Avg=  5.515


********************************************************
[     0.0      1.0      3.0      6.0     10.0     15.0     21.0 ]
[     1.0      2.0      4.0      7.0     11.0     16.0     22.0 ]
[     1.0      1.0      5.0      8.0     12.0     17.0     23.0 ]
[     1.0      1.0      1.0      9.0     13.0     18.0     24.0 ]
[     1.0      1.0      1.0      1.0     14.0     19.0     25.0 ]
[     1.0      1.0      1.0      1.0      1.0     20.0     26.0 ]
[     1.0      1.0      1.0      1.0      1.0      1.0     27.0 ]
***************************************************************

  2: Init and Transpose Max[ 1]=  5.515 Min[ 2]=  4.865 Avg=  5.190


********************************************************
[     0.0      1.0      3.0      6.0     10.0     15.0     21.0 ]
[     1.0      2.0      4.0      7.0     11.0     16.0     22.0 ]
[     1.0      1.0      5.0      8.0     12.0     17.0     23.0 ]
[     1.0      1.0      1.0      9.0     13.0     18.0     24.0 ]
[     1.0      1.0      1.0      1.0     14.0     19.0     25.0 ]
[     1.0      1.0      1.0      1.0      1.0     20.0     26.0 ]
[     1.0      1.0      1.0      1.0      1.0      1.0     27.0 ]
***************************************************************

  3: Init and Transpose Max[ 1]=  5.515 Min[ 3]=  4.723 Avg=  5.035


********************************************************
[     0.0      1.0      3.0      6.0     10.0     15.0     21.0 ]
[     1.0      2.0      4.0      7.0     11.0     16.0     22.0 ]
[     1.0      1.0      5.0      8.0     12.0     17.0     23.0 ]
[     1.0      1.0      1.0      9.0     13.0     18.0     24.0 ]
[     1.0      1.0      1.0      1.0     14.0     19.0     25.0 ]
[     1.0      1.0      1.0      1.0      1.0     20.0     26.0 ]
[     1.0      1.0      1.0      1.0      1.0      1.0     27.0 ]
***************************************************************

  4: Init and Transpose Max[ 1]=  5.515 Min[ 4]=  4.494 Avg=  4.899


********************************************************
[     0.0      1.0      3.0      6.0     10.0     15.0     21.0 ]
[     1.0      2.0      4.0      7.0     11.0     16.0     22.0 ]
[     1.0      1.0      5.0      8.0     12.0     17.0     23.0 ]
[     1.0      1.0      1.0      9.0     13.0     18.0     24.0 ]
[     1.0      1.0      1.0      1.0     14.0     19.0     25.0 ]
[     1.0      1.0      1.0      1.0      1.0     20.0     26.0 ]
[     1.0      1.0      1.0      1.0      1.0      1.0     27.0 ]
***************************************************************

  5: Init and Transpose Max[ 1]=  5.515 Min[ 4]=  4.494 Avg=  4.843


********************************************************
[     0.0      1.0      3.0      6.0     10.0     15.0     21.0 ]
[     1.0      2.0      4.0      7.0     11.0     16.0     22.0 ]
[     1.0      1.0      5.0      8.0     12.0     17.0     23.0 ]
[     1.0      1.0      1.0      9.0     13.0     18.0     24.0 ]
[     1.0      1.0      1.0      1.0     14.0     19.0     25.0 ]
[     1.0      1.0      1.0      1.0      1.0     20.0     26.0 ]
[     1.0      1.0      1.0      1.0      1.0      1.0     27.0 ]
***************************************************************

  6: Init and Transpose Max[ 1]=  5.515 Min[ 4]=  4.494 Avg=  4.841


********************************************************
[     0.0      1.0      3.0      6.0     10.0     15.0     21.0 ]
[     1.0      2.0      4.0      7.0     11.0     16.0     22.0 ]
[     1.0      1.0      5.0      8.0     12.0     17.0     23.0 ]
[     1.0      1.0      1.0      9.0     13.0     18.0     24.0 ]
[     1.0      1.0      1.0      1.0     14.0     19.0     25.0 ]
[     1.0      1.0      1.0      1.0      1.0     20.0     26.0 ]
[     1.0      1.0      1.0      1.0      1.0      1.0     27.0 ]
***************************************************************

  7: Init and Transpose Max[ 1]=  5.515 Min[ 4]=  4.494 Avg=  4.804


********************************************************
[     0.0      1.0      3.0      6.0     10.0     15.0     21.0 ]
[     1.0      2.0      4.0      7.0     11.0     16.0     22.0 ]
[     1.0      1.0      5.0      8.0     12.0     17.0     23.0 ]
[     1.0      1.0      1.0      9.0     13.0     18.0     24.0 ]
[     1.0      1.0      1.0      1.0     14.0     19.0     25.0 ]
[     1.0      1.0      1.0      1.0      1.0     20.0     26.0 ]
[     1.0      1.0      1.0      1.0      1.0      1.0     27.0 ]
***************************************************************

Be patient! Initializing and Transposing............

  1: Init and Transpose Max[ 1]=  5.514 Min[ 1]=  5.514 Avg=  5.514


********************************************************
[     0.0      1.0      3.0      6.0     10.0     15.0     21.0 ]
[     1.0      2.0      4.0      7.0     11.0     16.0     22.0 ]
[     1.0      1.0      5.0      8.0     12.0     17.0     23.0 ]
[     1.0      1.0      1.0      9.0     13.0     18.0     24.0 ]
[     1.0      1.0      1.0      1.0     14.0     19.0     25.0 ]
[     1.0      1.0      1.0      1.0      1.0     20.0     26.0 ]
[     1.0      1.0      1.0      1.0      1.0      1.0     27.0 ]
***************************************************************

  2: Init and Transpose Max[ 1]=  5.514 Min[ 2]=  5.305 Avg=  5.410


********************************************************
[     0.0      1.0      3.0      6.0     10.0     15.0     21.0 ]
[     1.0      2.0      4.0      7.0     11.0     16.0     22.0 ]
[     1.0      1.0      5.0      8.0     12.0     17.0     23.0 ]
[     1.0      1.0      1.0      9.0     13.0     18.0     24.0 ]
[     1.0      1.0      1.0      1.0     14.0     19.0     25.0 ]
[     1.0      1.0      1.0      1.0      1.0     20.0     26.0 ]
[     1.0      1.0      1.0      1.0      1.0      1.0     27.0 ]
***************************************************************

  3: Init and Transpose Max[ 1]=  5.514 Min[ 3]=  4.270 Avg=  5.030


********************************************************
[     0.0      1.0      3.0      6.0     10.0     15.0     21.0 ]
[     1.0      2.0      4.0      7.0     11.0     16.0     22.0 ]
[     1.0      1.0      5.0      8.0     12.0     17.0     23.0 ]
[     1.0      1.0      1.0      9.0     13.0     18.0     24.0 ]
[     1.0      1.0      1.0      1.0     14.0     19.0     25.0 ]
[     1.0      1.0      1.0      1.0      1.0     20.0     26.0 ]
[     1.0      1.0      1.0      1.0      1.0      1.0     27.0 ]
***************************************************************

  4: Init and Transpose Max[ 1]=  5.514 Min[ 3]=  4.270 Avg=  4.893


********************************************************
[     0.0      1.0      3.0      6.0     10.0     15.0     21.0 ]
[     1.0      2.0      4.0      7.0     11.0     16.0     22.0 ]
[     1.0      1.0      5.0      8.0     12.0     17.0     23.0 ]
[     1.0      1.0      1.0      9.0     13.0     18.0     24.0 ]
[     1.0      1.0      1.0      1.0     14.0     19.0     25.0 ]
[     1.0      1.0      1.0      1.0      1.0     20.0     26.0 ]
[     1.0      1.0      1.0      1.0      1.0      1.0     27.0 ]
***************************************************************

  5: Init and Transpose Max[ 1]=  5.514 Min[ 3]=  4.270 Avg=  4.815


********************************************************
[     0.0      1.0      3.0      6.0     10.0     15.0     21.0 ]
[     1.0      2.0      4.0      7.0     11.0     16.0     22.0 ]
[     1.0      1.0      5.0      8.0     12.0     17.0     23.0 ]
[     1.0      1.0      1.0      9.0     13.0     18.0     24.0 ]
[     1.0      1.0      1.0      1.0     14.0     19.0     25.0 ]
[     1.0      1.0      1.0      1.0      1.0     20.0     26.0 ]
[     1.0      1.0      1.0      1.0      1.0      1.0     27.0 ]
***************************************************************

  6: Init and Transpose Max[ 1]=  5.514 Min[ 3]=  4.270 Avg=  4.810


********************************************************
[     0.0      1.0      3.0      6.0     10.0     15.0     21.0 ]
[     1.0      2.0      4.0      7.0     11.0     16.0     22.0 ]
[     1.0      1.0      5.0      8.0     12.0     17.0     23.0 ]
[     1.0      1.0      1.0      9.0     13.0     18.0     24.0 ]
[     1.0      1.0      1.0      1.0     14.0     19.0     25.0 ]
[     1.0      1.0      1.0      1.0      1.0     20.0     26.0 ]
[     1.0      1.0      1.0      1.0      1.0      1.0     27.0 ]
***************************************************************

  7: Init and Transpose Max[ 1]=  5.514 Min[ 3]=  4.270 Avg=  4.780


********************************************************
[     0.0      1.0      3.0      6.0     10.0     15.0     21.0 ]
[     1.0      2.0      4.0      7.0     11.0     16.0     22.0 ]
[     1.0      1.0      5.0      8.0     12.0     17.0     23.0 ]
[     1.0      1.0      1.0      9.0     13.0     18.0     24.0 ]
[     1.0      1.0      1.0      1.0     14.0     19.0     25.0 ]
[     1.0      1.0      1.0      1.0      1.0     20.0     26.0 ]
[     1.0      1.0      1.0      1.0      1.0      1.0     27.0 ]
***************************************************************

Be patient! Initializing and Transposing............

  1: Init and Transpose Max[ 1]=  6.707 Min[ 1]=  6.707 Avg=  6.707


********************************************************
[     0.0      1.0      3.0      6.0     10.0     15.0     21.0 ]
[     1.0      2.0      4.0      7.0     11.0     16.0     22.0 ]
[     1.0      1.0      5.0      8.0     12.0     17.0     23.0 ]
[     1.0      1.0      1.0      9.0     13.0     18.0     24.0 ]
[     1.0      1.0      1.0      1.0     14.0     19.0     25.0 ]
[     1.0      1.0      1.0      1.0      1.0     20.0     26.0 ]
[     1.0      1.0      1.0      1.0      1.0      1.0     27.0 ]
***************************************************************

  2: Init and Transpose Max[ 1]=  6.707 Min[ 2]=  6.572 Avg=  6.640


********************************************************
[     0.0      1.0      3.0      6.0     10.0     15.0     21.0 ]
[     1.0      2.0      4.0      7.0     11.0     16.0     22.0 ]
[     1.0      1.0      5.0      8.0     12.0     17.0     23.0 ]
[     1.0      1.0      1.0      9.0     13.0     18.0     24.0 ]
[     1.0      1.0      1.0      1.0     14.0     19.0     25.0 ]
[     1.0      1.0      1.0      1.0      1.0     20.0     26.0 ]
[     1.0      1.0      1.0      1.0      1.0      1.0     27.0 ]
***************************************************************

  3: Init and Transpose Max[ 1]=  6.707 Min[ 3]=  4.455 Avg=  5.911


********************************************************
[     0.0      1.0      3.0      6.0     10.0     15.0     21.0 ]
[     1.0      2.0      4.0      7.0     11.0     16.0     22.0 ]
[     1.0      1.0      5.0      8.0     12.0     17.0     23.0 ]
[     1.0      1.0      1.0      9.0     13.0     18.0     24.0 ]
[     1.0      1.0      1.0      1.0     14.0     19.0     25.0 ]
[     1.0      1.0      1.0      1.0      1.0     20.0     26.0 ]
[     1.0      1.0      1.0      1.0      1.0      1.0     27.0 ]
***************************************************************

  4: Init and Transpose Max[ 1]=  6.707 Min[ 4]=  4.287 Avg=  5.505


********************************************************
[     0.0      1.0      3.0      6.0     10.0     15.0     21.0 ]
[     1.0      2.0      4.0      7.0     11.0     16.0     22.0 ]
[     1.0      1.0      5.0      8.0     12.0     17.0     23.0 ]
[     1.0      1.0      1.0      9.0     13.0     18.0     24.0 ]
[     1.0      1.0      1.0      1.0     14.0     19.0     25.0 ]
[     1.0      1.0      1.0      1.0      1.0     20.0     26.0 ]
[     1.0      1.0      1.0      1.0      1.0      1.0     27.0 ]
***************************************************************

  5: Init and Transpose Max[ 1]=  6.707 Min[ 4]=  4.287 Avg=  5.341


********************************************************
[     0.0      1.0      3.0      6.0     10.0     15.0     21.0 ]
[     1.0      2.0      4.0      7.0     11.0     16.0     22.0 ]
[     1.0      1.0      5.0      8.0     12.0     17.0     23.0 ]
[     1.0      1.0      1.0      9.0     13.0     18.0     24.0 ]
[     1.0      1.0      1.0      1.0     14.0     19.0     25.0 ]
[     1.0      1.0      1.0      1.0      1.0     20.0     26.0 ]
[     1.0      1.0      1.0      1.0      1.0      1.0     27.0 ]
***************************************************************

  6: Init and Transpose Max[ 1]=  6.707 Min[ 4]=  4.287 Avg=  5.323


********************************************************
[     0.0      1.0      3.0      6.0     10.0     15.0     21.0 ]
[     1.0      2.0      4.0      7.0     11.0     16.0     22.0 ]
[     1.0      1.0      5.0      8.0     12.0     17.0     23.0 ]
[     1.0      1.0      1.0      9.0     13.0     18.0     24.0 ]
[     1.0      1.0      1.0      1.0     14.0     19.0     25.0 ]
[     1.0      1.0      1.0      1.0      1.0     20.0     26.0 ]
[     1.0      1.0      1.0      1.0      1.0      1.0     27.0 ]
***************************************************************

  7: Init and Transpose Max[ 1]=  6.707 Min[ 4]=  4.287 Avg=  5.252


********************************************************
[     0.0      1.0      3.0      6.0     10.0     15.0     21.0 ]
[     1.0      2.0      4.0      7.0     11.0     16.0     22.0 ]
[     1.0      1.0      5.0      8.0     12.0     17.0     23.0 ]
[     1.0      1.0      1.0      9.0     13.0     18.0     24.0 ]
[     1.0      1.0      1.0      1.0     14.0     19.0     25.0 ]
[     1.0      1.0      1.0      1.0      1.0     20.0     26.0 ]
[     1.0      1.0      1.0      1.0      1.0      1.0     27.0 ]
***************************************************************

Be patient! Initializing and Transposing............

  1: Init and Transpose Max[ 1]=  6.178 Min[ 1]=  6.178 Avg=  6.178


********************************************************
[     0.0      1.0      3.0      6.0     10.0     15.0     21.0 ]
[     1.0      2.0      4.0      7.0     11.0     16.0     22.0 ]
[     1.0      1.0      5.0      8.0     12.0     17.0     23.0 ]
[     1.0      1.0      1.0      9.0     13.0     18.0     24.0 ]
[     1.0      1.0      1.0      1.0     14.0     19.0     25.0 ]
[     1.0      1.0      1.0      1.0      1.0     20.0     26.0 ]
[     1.0      1.0      1.0      1.0      1.0      1.0     27.0 ]
***************************************************************

  2: Init and Transpose Max[ 1]=  6.178 Min[ 2]=  5.676 Avg=  5.927


********************************************************
[     0.0      1.0      3.0      6.0     10.0     15.0     21.0 ]
[     1.0      2.0      4.0      7.0     11.0     16.0     22.0 ]
[     1.0      1.0      5.0      8.0     12.0     17.0     23.0 ]
[     1.0      1.0      1.0      9.0     13.0     18.0     24.0 ]
[     1.0      1.0      1.0      1.0     14.0     19.0     25.0 ]
[     1.0      1.0      1.0      1.0      1.0     20.0     26.0 ]
[     1.0      1.0      1.0      1.0      1.0      1.0     27.0 ]
***************************************************************

  3: Init and Transpose Max[ 1]=  6.178 Min[ 3]=  4.398 Avg=  5.417


********************************************************
[     0.0      1.0      3.0      6.0     10.0     15.0     21.0 ]
[     1.0      2.0      4.0      7.0     11.0     16.0     22.0 ]
[     1.0      1.0      5.0      8.0     12.0     17.0     23.0 ]
[     1.0      1.0      1.0      9.0     13.0     18.0     24.0 ]
[     1.0      1.0      1.0      1.0     14.0     19.0     25.0 ]
[     1.0      1.0      1.0      1.0      1.0     20.0     26.0 ]
[     1.0      1.0      1.0      1.0      1.0      1.0     27.0 ]
***************************************************************

  4: Init and Transpose Max[ 1]=  6.178 Min[ 3]=  4.398 Avg=  5.249


********************************************************
[     0.0      1.0      3.0      6.0     10.0     15.0     21.0 ]
[     1.0      2.0      4.0      7.0     11.0     16.0     22.0 ]
[     1.0      1.0      5.0      8.0     12.0     17.0     23.0 ]
[     1.0      1.0      1.0      9.0     13.0     18.0     24.0 ]
[     1.0      1.0      1.0      1.0     14.0     19.0     25.0 ]
[     1.0      1.0      1.0      1.0      1.0     20.0     26.0 ]
[     1.0      1.0      1.0      1.0      1.0      1.0     27.0 ]
***************************************************************

  5: Init and Transpose Max[ 1]=  6.178 Min[ 3]=  4.398 Avg=  5.258


********************************************************
[     0.0      1.0      3.0      6.0     10.0     15.0     21.0 ]
[     1.0      2.0      4.0      7.0     11.0     16.0     22.0 ]
[     1.0      1.0      5.0      8.0     12.0     17.0     23.0 ]
[     1.0      1.0      1.0      9.0     13.0     18.0     24.0 ]
[     1.0      1.0      1.0      1.0     14.0     19.0     25.0 ]
[     1.0      1.0      1.0      1.0      1.0     20.0     26.0 ]
[     1.0      1.0      1.0      1.0      1.0      1.0     27.0 ]
***************************************************************

  6: Init and Transpose Max[ 1]=  6.178 Min[ 3]=  4.398 Avg=  5.240


********************************************************
[     0.0      1.0      3.0      6.0     10.0     15.0     21.0 ]
[     1.0      2.0      4.0      7.0     11.0     16.0     22.0 ]
[     1.0      1.0      5.0      8.0     12.0     17.0     23.0 ]
[     1.0      1.0      1.0      9.0     13.0     18.0     24.0 ]
[     1.0      1.0      1.0      1.0     14.0     19.0     25.0 ]
[     1.0      1.0      1.0      1.0      1.0     20.0     26.0 ]
[     1.0      1.0      1.0      1.0      1.0      1.0     27.0 ]
***************************************************************

  7: Init and Transpose Max[ 1]=  6.178 Min[ 3]=  4.398 Avg=  5.136


********************************************************
[     0.0      1.0      3.0      6.0     10.0     15.0     21.0 ]
[     1.0      2.0      4.0      7.0     11.0     16.0     22.0 ]
[     1.0      1.0      5.0      8.0     12.0     17.0     23.0 ]
[     1.0      1.0      1.0      9.0     13.0     18.0     24.0 ]
[     1.0      1.0      1.0      1.0     14.0     19.0     25.0 ]
[     1.0      1.0      1.0      1.0      1.0     20.0     26.0 ]
[     1.0      1.0      1.0      1.0      1.0      1.0     27.0 ]
***************************************************************

Be patient! Initializing and Transposing............

  1: Init and Transpose Max[ 1]=  5.493 Min[ 1]=  5.493 Avg=  5.493


********************************************************
[     0.0      1.0      3.0      6.0     10.0     15.0     21.0 ]
[     1.0      2.0      4.0      7.0     11.0     16.0     22.0 ]
[     1.0      1.0      5.0      8.0     12.0     17.0     23.0 ]
[     1.0      1.0      1.0      9.0     13.0     18.0     24.0 ]
[     1.0      1.0      1.0      1.0     14.0     19.0     25.0 ]
[     1.0      1.0      1.0      1.0      1.0     20.0     26.0 ]
[     1.0      1.0      1.0      1.0      1.0      1.0     27.0 ]
***************************************************************

  2: Init and Transpose Max[ 1]=  5.493 Min[ 2]=  5.278 Avg=  5.386


********************************************************
[     0.0      1.0      3.0      6.0     10.0     15.0     21.0 ]
[     1.0      2.0      4.0      7.0     11.0     16.0     22.0 ]
[     1.0      1.0      5.0      8.0     12.0     17.0     23.0 ]
[     1.0      1.0      1.0      9.0     13.0     18.0     24.0 ]
[     1.0      1.0      1.0      1.0     14.0     19.0     25.0 ]
[     1.0      1.0      1.0      1.0      1.0     20.0     26.0 ]
[     1.0      1.0      1.0      1.0      1.0      1.0     27.0 ]
***************************************************************

  3: Init and Transpose Max[ 1]=  5.493 Min[ 3]=  4.465 Avg=  5.079


********************************************************
[     0.0      1.0      3.0      6.0     10.0     15.0     21.0 ]
[     1.0      2.0      4.0      7.0     11.0     16.0     22.0 ]
[     1.0      1.0      5.0      8.0     12.0     17.0     23.0 ]
[     1.0      1.0      1.0      9.0     13.0     18.0     24.0 ]
[     1.0      1.0      1.0      1.0     14.0     19.0     25.0 ]
[     1.0      1.0      1.0      1.0      1.0     20.0     26.0 ]
[     1.0      1.0      1.0      1.0      1.0      1.0     27.0 ]
***************************************************************

  4: Init and Transpose Max[ 1]=  5.493 Min[ 4]=  4.452 Avg=  4.922


********************************************************
[     0.0      1.0      3.0      6.0     10.0     15.0     21.0 ]
[     1.0      2.0      4.0      7.0     11.0     16.0     22.0 ]
[     1.0      1.0      5.0      8.0     12.0     17.0     23.0 ]
[     1.0      1.0      1.0      9.0     13.0     18.0     24.0 ]
[     1.0      1.0      1.0      1.0     14.0     19.0     25.0 ]
[     1.0      1.0      1.0      1.0      1.0     20.0     26.0 ]
[     1.0      1.0      1.0      1.0      1.0      1.0     27.0 ]
***************************************************************

  5: Init and Transpose Max[ 1]=  5.493 Min[ 4]=  4.452 Avg=  4.857


********************************************************
[     0.0      1.0      3.0      6.0     10.0     15.0     21.0 ]
[     1.0      2.0      4.0      7.0     11.0     16.0     22.0 ]
[     1.0      1.0      5.0      8.0     12.0     17.0     23.0 ]
[     1.0      1.0      1.0      9.0     13.0     18.0     24.0 ]
[     1.0      1.0      1.0      1.0     14.0     19.0     25.0 ]
[     1.0      1.0      1.0      1.0      1.0     20.0     26.0 ]
[     1.0      1.0      1.0      1.0      1.0      1.0     27.0 ]
***************************************************************

  6: Init and Transpose Max[ 1]=  5.493 Min[ 4]=  4.452 Avg=  4.888


********************************************************
[     0.0      1.0      3.0      6.0     10.0     15.0     21.0 ]
[     1.0      2.0      4.0      7.0     11.0     16.0     22.0 ]
[     1.0      1.0      5.0      8.0     12.0     17.0     23.0 ]
[     1.0      1.0      1.0      9.0     13.0     18.0     24.0 ]
[     1.0      1.0      1.0      1.0     14.0     19.0     25.0 ]
[     1.0      1.0      1.0      1.0      1.0     20.0     26.0 ]
[     1.0      1.0      1.0      1.0      1.0      1.0     27.0 ]
***************************************************************

  7: Init and Transpose Max[ 1]=  5.493 Min[ 4]=  4.452 Avg=  4.972


********************************************************
[     0.0      1.0      3.0      6.0     10.0     15.0     21.0 ]
[     1.0      2.0      4.0      7.0     11.0     16.0     22.0 ]
[     1.0      1.0      5.0      8.0     12.0     17.0     23.0 ]
[     1.0      1.0      1.0      9.0     13.0     18.0     24.0 ]
[     1.0      1.0      1.0      1.0     14.0     19.0     25.0 ]
[     1.0      1.0      1.0      1.0      1.0     20.0     26.0 ]
[     1.0      1.0      1.0      1.0      1.0      1.0     27.0 ]
***************************************************************

