Be patient! Initializing and Transposing............

  1: Init and Transpose Max[ 1]=  4.744 Min[ 1]=  4.744 Avg=  4.744


********************************************************
[     0.0      1.0      3.0      6.0     10.0     15.0     21.0 ]
[     1.0      2.0      4.0      7.0     11.0     16.0     22.0 ]
[     1.0      1.0      5.0      8.0     12.0     17.0     23.0 ]
[     1.0      1.0      1.0      9.0     13.0     18.0     24.0 ]
[     1.0      1.0      1.0      1.0     14.0     19.0     25.0 ]
[     1.0      1.0      1.0      1.0      1.0     20.0     26.0 ]
[     1.0      1.0      1.0      1.0      1.0      1.0     27.0 ]
***************************************************************

  2: Init and Transpose Max[ 1]=  4.744 Min[ 2]=  4.657 Avg=  4.700


********************************************************
[     0.0      1.0      3.0      6.0     10.0     15.0     21.0 ]
[     1.0      2.0      4.0      7.0     11.0     16.0     22.0 ]
[     1.0      1.0      5.0      8.0     12.0     17.0     23.0 ]
[     1.0      1.0      1.0      9.0     13.0     18.0     24.0 ]
[     1.0      1.0      1.0      1.0     14.0     19.0     25.0 ]
[     1.0      1.0      1.0      1.0      1.0     20.0     26.0 ]
[     1.0      1.0      1.0      1.0      1.0      1.0     27.0 ]
***************************************************************

  3: Init and Transpose Max[ 1]=  4.744 Min[ 3]=  3.837 Avg=  4.413


********************************************************
[     0.0      1.0      3.0      6.0     10.0     15.0     21.0 ]
[     1.0      2.0      4.0      7.0     11.0     16.0     22.0 ]
[     1.0      1.0      5.0      8.0     12.0     17.0     23.0 ]
[     1.0      1.0      1.0      9.0     13.0     18.0     24.0 ]
[     1.0      1.0      1.0      1.0     14.0     19.0     25.0 ]
[     1.0      1.0      1.0      1.0      1.0     20.0     26.0 ]
[     1.0      1.0      1.0      1.0      1.0      1.0     27.0 ]
***************************************************************

  4: Init and Transpose Max[ 1]=  4.744 Min[ 4]=  3.476 Avg=  4.178


********************************************************
[     0.0      1.0      3.0      6.0     10.0     15.0     21.0 ]
[     1.0      2.0      4.0      7.0     11.0     16.0     22.0 ]
[     1.0      1.0      5.0      8.0     12.0     17.0     23.0 ]
[     1.0      1.0      1.0      9.0     13.0     18.0     24.0 ]
[     1.0      1.0      1.0      1.0     14.0     19.0     25.0 ]
[     1.0      1.0      1.0      1.0      1.0     20.0     26.0 ]
[     1.0      1.0      1.0      1.0      1.0      1.0     27.0 ]
***************************************************************

  5: Init and Transpose Max[ 1]=  4.744 Min[ 4]=  3.476 Avg=  4.058


********************************************************
[     0.0      1.0      3.0      6.0     10.0     15.0     21.0 ]
[     1.0      2.0      4.0      7.0     11.0     16.0     22.0 ]
[     1.0      1.0      5.0      8.0     12.0     17.0     23.0 ]
[     1.0      1.0      1.0      9.0     13.0     18.0     24.0 ]
[     1.0      1.0      1.0      1.0     14.0     19.0     25.0 ]
[     1.0      1.0      1.0      1.0      1.0     20.0     26.0 ]
[     1.0      1.0      1.0      1.0      1.0      1.0     27.0 ]
***************************************************************

  6: Init and Transpose Max[ 1]=  4.744 Min[ 4]=  3.476 Avg=  3.972


********************************************************
[     0.0      1.0      3.0      6.0     10.0     15.0     21.0 ]
[     1.0      2.0      4.0      7.0     11.0     16.0     22.0 ]
[     1.0      1.0      5.0      8.0     12.0     17.0     23.0 ]
[     1.0      1.0      1.0      9.0     13.0     18.0     24.0 ]
[     1.0      1.0      1.0      1.0     14.0     19.0     25.0 ]
[     1.0      1.0      1.0      1.0      1.0     20.0     26.0 ]
[     1.0      1.0      1.0      1.0      1.0      1.0     27.0 ]
***************************************************************

  7: Init and Transpose Max[ 1]=  4.744 Min[ 4]=  3.476 Avg=  3.985


********************************************************
[     0.0      1.0      3.0      6.0     10.0     15.0     21.0 ]
[     1.0      2.0      4.0      7.0     11.0     16.0     22.0 ]
[     1.0      1.0      5.0      8.0     12.0     17.0     23.0 ]
[     1.0      1.0      1.0      9.0     13.0     18.0     24.0 ]
[     1.0      1.0      1.0      1.0     14.0     19.0     25.0 ]
[     1.0      1.0      1.0      1.0      1.0     20.0     26.0 ]
[     1.0      1.0      1.0      1.0      1.0      1.0     27.0 ]
***************************************************************

Be patient! Initializing and Transposing............

  1: Init and Transpose Max[ 1]=  5.228 Min[ 1]=  5.228 Avg=  5.228


********************************************************
[     0.0      1.0      3.0      6.0     10.0     15.0     21.0 ]
[     1.0      2.0      4.0      7.0     11.0     16.0     22.0 ]
[     1.0      1.0      5.0      8.0     12.0     17.0     23.0 ]
[     1.0      1.0      1.0      9.0     13.0     18.0     24.0 ]
[     1.0      1.0      1.0      1.0     14.0     19.0     25.0 ]
[     1.0      1.0      1.0      1.0      1.0     20.0     26.0 ]
[     1.0      1.0      1.0      1.0      1.0      1.0     27.0 ]
***************************************************************

  2: Init and Transpose Max[ 1]=  5.228 Min[ 2]=  4.338 Avg=  4.783


********************************************************
[     0.0      1.0      3.0      6.0     10.0     15.0     21.0 ]
[     1.0      2.0      4.0      7.0     11.0     16.0     22.0 ]
[     1.0      1.0      5.0      8.0     12.0     17.0     23.0 ]
[     1.0      1.0      1.0      9.0     13.0     18.0     24.0 ]
[     1.0      1.0      1.0      1.0     14.0     19.0     25.0 ]
[     1.0      1.0      1.0      1.0      1.0     20.0     26.0 ]
[     1.0      1.0      1.0      1.0      1.0      1.0     27.0 ]
***************************************************************

  3: Init and Transpose Max[ 1]=  5.228 Min[ 3]=  3.761 Avg=  4.442


********************************************************
[     0.0      1.0      3.0      6.0     10.0     15.0     21.0 ]
[     1.0      2.0      4.0      7.0     11.0     16.0     22.0 ]
[     1.0      1.0      5.0      8.0     12.0     17.0     23.0 ]
[     1.0      1.0      1.0      9.0     13.0     18.0     24.0 ]
[     1.0      1.0      1.0      1.0     14.0     19.0     25.0 ]
[     1.0      1.0      1.0      1.0      1.0     20.0     26.0 ]
[     1.0      1.0      1.0      1.0      1.0      1.0     27.0 ]
***************************************************************

  4: Init and Transpose Max[ 1]=  5.228 Min[ 4]=  3.522 Avg=  4.212


********************************************************
[     0.0      1.0      3.0      6.0     10.0     15.0     21.0 ]
[     1.0      2.0      4.0      7.0     11.0     16.0     22.0 ]
[     1.0      1.0      5.0      8.0     12.0     17.0     23.0 ]
[     1.0      1.0      1.0      9.0     13.0     18.0     24.0 ]
[     1.0      1.0      1.0      1.0     14.0     19.0     25.0 ]
[     1.0      1.0      1.0      1.0      1.0     20.0     26.0 ]
[     1.0      1.0      1.0      1.0      1.0      1.0     27.0 ]
***************************************************************

  5: Init and Transpose Max[ 1]=  5.228 Min[ 5]=  3.487 Avg=  4.067


********************************************************
[     0.0      1.0      3.0      6.0     10.0     15.0     21.0 ]
[     1.0      2.0      4.0      7.0     11.0     16.0     22.0 ]
[     1.0      1.0      5.0      8.0     12.0     17.0     23.0 ]
[     1.0      1.0      1.0      9.0     13.0     18.0     24.0 ]
[     1.0      1.0      1.0      1.0     14.0     19.0     25.0 ]
[     1.0      1.0      1.0      1.0      1.0     20.0     26.0 ]
[     1.0      1.0      1.0      1.0      1.0      1.0     27.0 ]
***************************************************************

  6: Init and Transpose Max[ 1]=  5.228 Min[ 5]=  3.487 Avg=  3.996


********************************************************
[     0.0      1.0      3.0      6.0     10.0     15.0     21.0 ]
[     1.0      2.0      4.0      7.0     11.0     16.0     22.0 ]
[     1.0      1.0      5.0      8.0     12.0     17.0     23.0 ]
[     1.0      1.0      1.0      9.0     13.0     18.0     24.0 ]
[     1.0      1.0      1.0      1.0     14.0     19.0     25.0 ]
[     1.0      1.0      1.0      1.0      1.0     20.0     26.0 ]
[     1.0      1.0      1.0      1.0      1.0      1.0     27.0 ]
***************************************************************

  7: Init and Transpose Max[ 1]=  5.228 Min[ 5]=  3.487 Avg=  4.012


********************************************************
[     0.0      1.0      3.0      6.0     10.0     15.0     21.0 ]
[     1.0      2.0      4.0      7.0     11.0     16.0     22.0 ]
[     1.0      1.0      5.0      8.0     12.0     17.0     23.0 ]
[     1.0      1.0      1.0      9.0     13.0     18.0     24.0 ]
[     1.0      1.0      1.0      1.0     14.0     19.0     25.0 ]
[     1.0      1.0      1.0      1.0      1.0     20.0     26.0 ]
[     1.0      1.0      1.0      1.0      1.0      1.0     27.0 ]
***************************************************************

Be patient! Initializing and Transposing............

  1: Init and Transpose Max[ 1]=  4.854 Min[ 1]=  4.854 Avg=  4.854


********************************************************
[     0.0      1.0      3.0      6.0     10.0     15.0     21.0 ]
[     1.0      2.0      4.0      7.0     11.0     16.0     22.0 ]
[     1.0      1.0      5.0      8.0     12.0     17.0     23.0 ]
[     1.0      1.0      1.0      9.0     13.0     18.0     24.0 ]
[     1.0      1.0      1.0      1.0     14.0     19.0     25.0 ]
[     1.0      1.0      1.0      1.0      1.0     20.0     26.0 ]
[     1.0      1.0      1.0      1.0      1.0      1.0     27.0 ]
***************************************************************

  2: Init and Transpose Max[ 1]=  4.854 Min[ 2]=  3.707 Avg=  4.280


********************************************************
[     0.0      1.0      3.0      6.0     10.0     15.0     21.0 ]
[     1.0      2.0      4.0      7.0     11.0     16.0     22.0 ]
[     1.0      1.0      5.0      8.0     12.0     17.0     23.0 ]
[     1.0      1.0      1.0      9.0     13.0     18.0     24.0 ]
[     1.0      1.0      1.0      1.0     14.0     19.0     25.0 ]
[     1.0      1.0      1.0      1.0      1.0     20.0     26.0 ]
[     1.0      1.0      1.0      1.0      1.0      1.0     27.0 ]
***************************************************************

  3: Init and Transpose Max[ 1]=  4.854 Min[ 2]=  3.707 Avg=  4.331


********************************************************
[     0.0      1.0      3.0      6.0     10.0     15.0     21.0 ]
[     1.0      2.0      4.0      7.0     11.0     16.0     22.0 ]
[     1.0      1.0      5.0      8.0     12.0     17.0     23.0 ]
[     1.0      1.0      1.0      9.0     13.0     18.0     24.0 ]
[     1.0      1.0      1.0      1.0     14.0     19.0     25.0 ]
[     1.0      1.0      1.0      1.0      1.0     20.0     26.0 ]
[     1.0      1.0      1.0      1.0      1.0      1.0     27.0 ]
***************************************************************

  4: Init and Transpose Max[ 1]=  4.854 Min[ 4]=  3.485 Avg=  4.120


********************************************************
[     0.0      1.0      3.0      6.0     10.0     15.0     21.0 ]
[     1.0      2.0      4.0      7.0     11.0     16.0     22.0 ]
[     1.0      1.0      5.0      8.0     12.0     17.0     23.0 ]
[     1.0      1.0      1.0      9.0     13.0     18.0     24.0 ]
[     1.0      1.0      1.0      1.0     14.0     19.0     25.0 ]
[     1.0      1.0      1.0      1.0      1.0     20.0     26.0 ]
[     1.0      1.0      1.0      1.0      1.0      1.0     27.0 ]
***************************************************************

  5: Init and Transpose Max[ 1]=  4.854 Min[ 4]=  3.485 Avg=  3.993


********************************************************
[     0.0      1.0      3.0      6.0     10.0     15.0     21.0 ]
[     1.0      2.0      4.0      7.0     11.0     16.0     22.0 ]
[     1.0      1.0      5.0      8.0     12.0     17.0     23.0 ]
[     1.0      1.0      1.0      9.0     13.0     18.0     24.0 ]
[     1.0      1.0      1.0      1.0     14.0     19.0     25.0 ]
[     1.0      1.0      1.0      1.0      1.0     20.0     26.0 ]
[     1.0      1.0      1.0      1.0      1.0      1.0     27.0 ]
***************************************************************

  6: Init and Transpose Max[ 1]=  4.854 Min[ 4]=  3.485 Avg=  3.915


********************************************************
[     0.0      1.0      3.0      6.0     10.0     15.0     21.0 ]
[     1.0      2.0      4.0      7.0     11.0     16.0     22.0 ]
[     1.0      1.0      5.0      8.0     12.0     17.0     23.0 ]
[     1.0      1.0      1.0      9.0     13.0     18.0     24.0 ]
[     1.0      1.0      1.0      1.0     14.0     19.0     25.0 ]
[     1.0      1.0      1.0      1.0      1.0     20.0     26.0 ]
[     1.0      1.0      1.0      1.0      1.0      1.0     27.0 ]
***************************************************************

  7: Init and Transpose Max[ 1]=  4.854 Min[ 4]=  3.485 Avg=  3.876


********************************************************
[     0.0      1.0      3.0      6.0     10.0     15.0     21.0 ]
[     1.0      2.0      4.0      7.0     11.0     16.0     22.0 ]
[     1.0      1.0      5.0      8.0     12.0     17.0     23.0 ]
[     1.0      1.0      1.0      9.0     13.0     18.0     24.0 ]
[     1.0      1.0      1.0      1.0     14.0     19.0     25.0 ]
[     1.0      1.0      1.0      1.0      1.0     20.0     26.0 ]
[     1.0      1.0      1.0      1.0      1.0      1.0     27.0 ]
***************************************************************

Be patient! Initializing and Transposing............

  1: Init and Transpose Max[ 1]=  5.407 Min[ 1]=  5.407 Avg=  5.407


********************************************************
[     0.0      1.0      3.0      6.0     10.0     15.0     21.0 ]
[     1.0      2.0      4.0      7.0     11.0     16.0     22.0 ]
[     1.0      1.0      5.0      8.0     12.0     17.0     23.0 ]
[     1.0      1.0      1.0      9.0     13.0     18.0     24.0 ]
[     1.0      1.0      1.0      1.0     14.0     19.0     25.0 ]
[     1.0      1.0      1.0      1.0      1.0     20.0     26.0 ]
[     1.0      1.0      1.0      1.0      1.0      1.0     27.0 ]
***************************************************************

  2: Init and Transpose Max[ 1]=  5.407 Min[ 2]=  5.145 Avg=  5.276


********************************************************
[     0.0      1.0      3.0      6.0     10.0     15.0     21.0 ]
[     1.0      2.0      4.0      7.0     11.0     16.0     22.0 ]
[     1.0      1.0      5.0      8.0     12.0     17.0     23.0 ]
[     1.0      1.0      1.0      9.0     13.0     18.0     24.0 ]
[     1.0      1.0      1.0      1.0     14.0     19.0     25.0 ]
[     1.0      1.0      1.0      1.0      1.0     20.0     26.0 ]
[     1.0      1.0      1.0      1.0      1.0      1.0     27.0 ]
***************************************************************

  3: Init and Transpose Max[ 1]=  5.407 Min[ 3]=  3.718 Avg=  4.757


********************************************************
[     0.0      1.0      3.0      6.0     10.0     15.0     21.0 ]
[     1.0      2.0      4.0      7.0     11.0     16.0     22.0 ]
[     1.0      1.0      5.0      8.0     12.0     17.0     23.0 ]
[     1.0      1.0      1.0      9.0     13.0     18.0     24.0 ]
[     1.0      1.0      1.0      1.0     14.0     19.0     25.0 ]
[     1.0      1.0      1.0      1.0      1.0     20.0     26.0 ]
[     1.0      1.0      1.0      1.0      1.0      1.0     27.0 ]
***************************************************************

  4: Init and Transpose Max[ 1]=  5.407 Min[ 4]=  3.618 Avg=  4.472


********************************************************
[     0.0      1.0      3.0      6.0     10.0     15.0     21.0 ]
[     1.0      2.0      4.0      7.0     11.0     16.0     22.0 ]
[     1.0      1.0      5.0      8.0     12.0     17.0     23.0 ]
[     1.0      1.0      1.0      9.0     13.0     18.0     24.0 ]
[     1.0      1.0      1.0      1.0     14.0     19.0     25.0 ]
[     1.0      1.0      1.0      1.0      1.0     20.0     26.0 ]
[     1.0      1.0      1.0      1.0      1.0      1.0     27.0 ]
***************************************************************

  5: Init and Transpose Max[ 1]=  5.407 Min[ 5]=  3.617 Avg=  4.301


********************************************************
[     0.0      1.0      3.0      6.0     10.0     15.0     21.0 ]
[     1.0      2.0      4.0      7.0     11.0     16.0     22.0 ]
[     1.0      1.0      5.0      8.0     12.0     17.0     23.0 ]
[     1.0      1.0      1.0      9.0     13.0     18.0     24.0 ]
[     1.0      1.0      1.0      1.0     14.0     19.0     25.0 ]
[     1.0      1.0      1.0      1.0      1.0     20.0     26.0 ]
[     1.0      1.0      1.0      1.0      1.0      1.0     27.0 ]
***************************************************************

  6: Init and Transpose Max[ 1]=  5.407 Min[ 5]=  3.617 Avg=  4.274


********************************************************
[     0.0      1.0      3.0      6.0     10.0     15.0     21.0 ]
[     1.0      2.0      4.0      7.0     11.0     16.0     22.0 ]
[     1.0      1.0      5.0      8.0     12.0     17.0     23.0 ]
[     1.0      1.0      1.0      9.0     13.0     18.0     24.0 ]
[     1.0      1.0      1.0      1.0     14.0     19.0     25.0 ]
[     1.0      1.0      1.0      1.0      1.0     20.0     26.0 ]
[     1.0      1.0      1.0      1.0      1.0      1.0     27.0 ]
***************************************************************

  7: Init and Transpose Max[ 1]=  5.407 Min[ 5]=  3.617 Avg=  4.284


********************************************************
[     0.0      1.0      3.0      6.0     10.0     15.0     21.0 ]
[     1.0      2.0      4.0      7.0     11.0     16.0     22.0 ]
[     1.0      1.0      5.0      8.0     12.0     17.0     23.0 ]
[     1.0      1.0      1.0      9.0     13.0     18.0     24.0 ]
[     1.0      1.0      1.0      1.0     14.0     19.0     25.0 ]
[     1.0      1.0      1.0      1.0      1.0     20.0     26.0 ]
[     1.0      1.0      1.0      1.0      1.0      1.0     27.0 ]
***************************************************************

Be patient! Initializing and Transposing............

  1: Init and Transpose Max[ 1]=  4.901 Min[ 1]=  4.901 Avg=  4.901


********************************************************
[     0.0      1.0      3.0      6.0     10.0     15.0     21.0 ]
[     1.0      2.0      4.0      7.0     11.0     16.0     22.0 ]
[     1.0      1.0      5.0      8.0     12.0     17.0     23.0 ]
[     1.0      1.0      1.0      9.0     13.0     18.0     24.0 ]
[     1.0      1.0      1.0      1.0     14.0     19.0     25.0 ]
[     1.0      1.0      1.0      1.0      1.0     20.0     26.0 ]
[     1.0      1.0      1.0      1.0      1.0      1.0     27.0 ]
***************************************************************

  2: Init and Transpose Max[ 1]=  4.901 Min[ 2]=  4.190 Avg=  4.545


********************************************************
[     0.0      1.0      3.0      6.0     10.0     15.0     21.0 ]
[     1.0      2.0      4.0      7.0     11.0     16.0     22.0 ]
[     1.0      1.0      5.0      8.0     12.0     17.0     23.0 ]
[     1.0      1.0      1.0      9.0     13.0     18.0     24.0 ]
[     1.0      1.0      1.0      1.0     14.0     19.0     25.0 ]
[     1.0      1.0      1.0      1.0      1.0     20.0     26.0 ]
[     1.0      1.0      1.0      1.0      1.0      1.0     27.0 ]
***************************************************************

  3: Init and Transpose Max[ 1]=  4.901 Min[ 3]=  3.871 Avg=  4.321


********************************************************
[     0.0      1.0      3.0      6.0     10.0     15.0     21.0 ]
[     1.0      2.0      4.0      7.0     11.0     16.0     22.0 ]
[     1.0      1.0      5.0      8.0     12.0     17.0     23.0 ]
[     1.0      1.0      1.0      9.0     13.0     18.0     24.0 ]
[     1.0      1.0      1.0      1.0     14.0     19.0     25.0 ]
[     1.0      1.0      1.0      1.0      1.0     20.0     26.0 ]
[     1.0      1.0      1.0      1.0      1.0      1.0     27.0 ]
***************************************************************

  4: Init and Transpose Max[ 1]=  4.901 Min[ 4]=  3.500 Avg=  4.116


********************************************************
[     0.0      1.0      3.0      6.0     10.0     15.0     21.0 ]
[     1.0      2.0      4.0      7.0     11.0     16.0     22.0 ]
[     1.0      1.0      5.0      8.0     12.0     17.0     23.0 ]
[     1.0      1.0      1.0      9.0     13.0     18.0     24.0 ]
[     1.0      1.0      1.0      1.0     14.0     19.0     25.0 ]
[     1.0      1.0      1.0      1.0      1.0     20.0     26.0 ]
[     1.0      1.0      1.0      1.0      1.0      1.0     27.0 ]
***************************************************************

  5: Init and Transpose Max[ 1]=  4.901 Min[ 4]=  3.500 Avg=  4.006


********************************************************
[     0.0      1.0      3.0      6.0     10.0     15.0     21.0 ]
[     1.0      2.0      4.0      7.0     11.0     16.0     22.0 ]
[     1.0      1.0      5.0      8.0     12.0     17.0     23.0 ]
[     1.0      1.0      1.0      9.0     13.0     18.0     24.0 ]
[     1.0      1.0      1.0      1.0     14.0     19.0     25.0 ]
[     1.0      1.0      1.0      1.0      1.0     20.0     26.0 ]
[     1.0      1.0      1.0      1.0      1.0      1.0     27.0 ]
***************************************************************

  6: Init and Transpose Max[ 1]=  4.901 Min[ 6]=  3.497 Avg=  3.921


********************************************************
[     0.0      1.0      3.0      6.0     10.0     15.0     21.0 ]
[     1.0      2.0      4.0      7.0     11.0     16.0     22.0 ]
[     1.0      1.0      5.0      8.0     12.0     17.0     23.0 ]
[     1.0      1.0      1.0      9.0     13.0     18.0     24.0 ]
[     1.0      1.0      1.0      1.0     14.0     19.0     25.0 ]
[     1.0      1.0      1.0      1.0      1.0     20.0     26.0 ]
[     1.0      1.0      1.0      1.0      1.0      1.0     27.0 ]
***************************************************************

  7: Init and Transpose Max[ 1]=  4.901 Min[ 6]=  3.497 Avg=  3.945


********************************************************
[     0.0      1.0      3.0      6.0     10.0     15.0     21.0 ]
[     1.0      2.0      4.0      7.0     11.0     16.0     22.0 ]
[     1.0      1.0      5.0      8.0     12.0     17.0     23.0 ]
[     1.0      1.0      1.0      9.0     13.0     18.0     24.0 ]
[     1.0      1.0      1.0      1.0     14.0     19.0     25.0 ]
[     1.0      1.0      1.0      1.0      1.0     20.0     26.0 ]
[     1.0      1.0      1.0      1.0      1.0      1.0     27.0 ]
***************************************************************

